<?xml version="1.0" encoding="UTF-8"?>
<robot generator="Robot 6.0.2 (Python 3.9.6 on darwin)" generated="20230124 13:26:38.672" rpa="false" schemaversion="3">
<suite id="s1" name="Open Application" source="/Users/willianmaesato/Robot/robotframework-appium-sample/tests/Open_Application.robot">
<test id="s1-t1" name="Open_Application and Login Successfull" line="15">
<kw name="Open Application" library="AppiumLibrary">
<arg>http://localhost:4723/wd/hub</arg>
<arg>platformName=Android</arg>
<arg>deviceName=fe2622df</arg>
<arg>appPackage=com.picpay.debug</arg>
<arg>appActivity=com.picpay.features.enter.PicPayEnterActivity</arg>
<arg>automationName=Uiautomator2</arg>
<arg>appWaitForLaunch=false</arg>
<arg>platformVersion=11.0</arg>
<doc>Opens a new application to given Appium server.
Capabilities of appium server, Android and iOS,
Please check https://github.com/appium/appium/blob/master/docs/en/writing-running-appium/server-args.md
| *Option*            | *Man.* | *Description*     |
| remote_url          | Yes    | Appium server url |
| alias               | no     | alias             |
| strict_ssl          | No     | allows you to send commands to an invalid certificate host like a self-signed one. |</doc>
<status status="PASS" starttime="20230124 13:26:38.763" endtime="20230124 13:26:48.222"/>
</kw>
<kw name="Sleep" library="BuiltIn">
<arg>10s</arg>
<doc>Pauses the test executed for the given time.</doc>
<msg timestamp="20230124 13:26:58.223" level="INFO">Slept 10 seconds</msg>
<status status="PASS" starttime="20230124 13:26:48.223" endtime="20230124 13:26:58.224"/>
</kw>
<kw name="Wait Until Page Contains Element" library="AppiumLibrary">
<arg>${LOGIN-NAVIGATION-BUTTON1}</arg>
<doc>Waits until element specified with `locator` appears on current page.</doc>
<msg timestamp="20230124 13:27:02.736" level="INFO">criteria is com.picpay.debug:id/newLoginButton
criteria is com.picpay.debug:id/newLoginButton
criteria is com.picpay.debug:id/newLoginButton
criteria is com.picpay.debug:id/newLoginButton
criteria is com.picpay.debug:id/newLoginButton
criteria is com.picpay.debug:id/newLoginButton
criteria is com.picpay.debug:id/newLoginButton
criteria is com.picpay.debug:id/newLoginButton
criteria is com.picpay.debug:id/newLoginButton
criteria is com.picpay.debug:id/newLoginButton
criteria is com.picpay.debug:id/newLoginButton
criteria is com.picpay.debug:id/newLoginButton
criteria is com.picpay.debug:id/newLoginButton
criteria is com.picpay.debug:id/newLoginButton</msg>
<status status="PASS" starttime="20230124 13:26:58.224" endtime="20230124 13:27:02.736"/>
</kw>
<kw name="Click Element" library="AppiumLibrary">
<arg>${LOGIN-NAVIGATION-BUTTON2}</arg>
<doc>Click element identified by `locator`.</doc>
<msg timestamp="20230124 13:27:02.740" level="INFO">Clicking element '//android.widget.Button[@resource-id='com.picpay.debug:id/newLoginButton']'.</msg>
<msg timestamp="20230124 13:27:03.175" level="INFO">xpath criteria: //android.widget.Button[@resource-id='com.picpay.debug:id/newLoginButton']</msg>
<status status="PASS" starttime="20230124 13:27:02.736" endtime="20230124 13:27:03.175"/>
</kw>
<kw name="Wait Until Page Contains Element" library="AppiumLibrary">
<arg>${INPUT-CPF-BUTTON}</arg>
<doc>Waits until element specified with `locator` appears on current page.</doc>
<msg timestamp="20230124 13:27:04.177" level="INFO">xpath criteria: //android.widget.EditText[@resource-id='com.picpay.debug:id/editTextUsername']</msg>
<status status="PASS" starttime="20230124 13:27:03.175" endtime="20230124 13:27:04.177"/>
</kw>
<kw name="Input Text" library="AppiumLibrary">
<arg>${INPUT-CPF-BUTTON}</arg>
<arg>54663366104</arg>
<doc>Types the given `text` into text field identified by `locator`.</doc>
<msg timestamp="20230124 13:27:04.178" level="INFO">Typing text '54663366104' into text field '//android.widget.EditText[@resource-id='com.picpay.debug:id/editTextUsername']'</msg>
<msg timestamp="20230124 13:27:05.416" level="INFO">xpath criteria: //android.widget.EditText[@resource-id='com.picpay.debug:id/editTextUsername']</msg>
<status status="PASS" starttime="20230124 13:27:04.178" endtime="20230124 13:27:05.416"/>
</kw>
<kw name="Input Text" library="AppiumLibrary">
<arg>${INPUT-PASSWORD-BUTTON}</arg>
<arg>47586900</arg>
<doc>Types the given `text` into text field identified by `locator`.</doc>
<msg timestamp="20230124 13:27:05.417" level="INFO">Typing text '47586900' into text field '//android.widget.EditText[@resource-id='com.picpay.debug:id/editTextPassword']'</msg>
<msg timestamp="20230124 13:27:06.644" level="INFO">xpath criteria: //android.widget.EditText[@resource-id='com.picpay.debug:id/editTextPassword']</msg>
<status status="PASS" starttime="20230124 13:27:05.416" endtime="20230124 13:27:06.644"/>
</kw>
<kw name="Capture Page Screenshot" library="AppiumLibrary">
<doc>Takes a screenshot of the current page and embeds it into the log.</doc>
<msg timestamp="20230124 13:27:07.527" level="INFO" html="true">&lt;/td&gt;&lt;/tr&gt;&lt;tr&gt;&lt;td colspan="3"&gt;&lt;img src="data:image/png;base64, iVBORw0KGgoAAAANSUhEUgAABDgAAAlgCAYAAABtGofVAAAAAXNSR0IArs4c6QAAAARzQklUCAgI
CHwIZIgAACAASURBVHic7N17VBNn/j/wdwj3cNcCoqCCeEXUqlXwXkWttYrd1q6Fqt26alfbXS9n
9XR/W7v6tatt1T1Wa+l+t60V7G67Kljv0Np6Aa1aJXhBBcQrBERuAUK45PcH30wZkkCAEBh9v87x
HDMzmXkCCZl5z+d5HllZWZkOREREREREREQSZtPeDSAiIiIiIiIiai0GHEREREREREQkeQw4iIiI
iIiIiEjyGHAQERERERERkeQx4CAiIiIiIiIiyWPAQURERERERESSx4CDiIiIiIiIiCSPAQcRERER
ERERSR4DDiIiIiIiIiKSPAYcRERERERERCR5DDiIiIiIiIiISPIYcBARERERERGR5DHgICIiIiIi
IiLJY8BBRERERERERJLHgIOIiIiIiIiIJI8BBxERERERERFJHgMOIiIiIiIiIpI8BhxERERERERE
JHkMOIiIiIiIiIhI8hhwEBEREREREZHkMeAgIiIiIiIiIsljwEFEREREREREkseAg4iIiIiIiIgk
jwEHEREREREREUkeAw4iIiIiIiIikjwGHEREREREREQkeQw4iIiIiIiIiEjyGHAQERERERERkeQx
4CAiIiIiIiIiyWPAQURERERERESSx4CDiIiIiIiIiCSPAQcRERERERERSR4DDiIiIiIiIiKSPAYc
RERERERERCR5DDiIiIiIiIiISPIYcBARERERERGR5DHgICIiIiIiIiLJY8BBRERERERERJLHgIOI
iIiIiIiIJI8BBxERERERERFJHgMOIiIiIiIiIpI8BhxEREREREREJHkMOIiIiIiIiIhI8hhwEBER
EREREZHk2bZ3A4io5SorK5GamgpXV1d0794dzs7Ord5nRUUFsrOzUVJSgsGDB8PBwcECLSUiIiIi
ImpbDDjoiaVSqZCSkgKlUgmVSoXMzEwAQFBQEHx8fBAaGoqwsDD4+PgYfX5cXByUSiXCwsIQGRlp
zaYDAM6dO4fjx4/jxo0bcHBwwPz58/H0009DLpe3eJ81NTW4fPkydu7cCY1Gg+DgYDz77LMYPny4
BVtODel0OshksvZuBhERERGRpMnKysp07d0IImtSqVSIi4vDsWPHzNp+8uTJiIqKEgUdmzdvFj1/
+/btCAoKsnhbjSktLcX+/ftx+vRpPHjwAJWVlZDJZJg5cyYiIyNNBjLmyMnJwX//+18cPnwYOp0O
Dg4O8PPzw6hRozBjxgy4urpa8JU8eWpqalBeXo78/Hzk5eVBrVajrKwM1dXVcHFxgbu7Ozp37gxv
b284OzvD1rZjZ9AqlUp4HVlZWQCAwMBAuLi4wNvbu1XvRSIiImofmZmZKC8vFy3r2bMnXFxc2qlF
RObr2GfPRBaWnJyMLVu2oLS01OznHDt2DMnJyVi+fDnCw8MNwg0AyMrKskrAkZmZiYSEBFy4cAGF
hYWora0FUFcBUFZWhqqqqlbtv7q6GpWVlcJ+NRoNsrOzUVxcjNzcXERGRlotyKlPp9NBq9UCAOzs
7GBjIx4+qLa2Vnjtxta3t+rqamRlZeHEiRP48ccf8fDhw0a39/T0xLhx4zB27FgEBwfDzs7OSi1t
mkqlQlJSEpKTk4WqJ1OCgoIQHh6OSZMmMewgIiLqYFQqFdLS0kTVzGq1utHn+Pr6CpXOoaGhGDhw
oJVaS2QeVnDQEyMxMRGbN2+GTtfyt/ygQYOQmpoqWhYYGIgPPvigzVPta9eu4euvv8bly5dRUVEh
vA4XFxeEh4dj8uTJ6NWrFxwdHQEAVVVVUKlUuHfvHoqLi1FYWIjS0lK4urrCw8MDHh4e6NGjB3x9
fYVjaDQaZGRkCKGO/ktOJpPByckJAwYMwJw5c9C/f/82fa31abVa/Oc//0FSUhKqqqoQHh6OuXPn
ws3NDQCgVqvx1Vdf4fTp05DL5Xj22Wfx6quvwt7e3mptNEWn0+HmzZvYuXMnLl++jMrKymY9387O
Dn379sX8+fPRv3//du3G0tzKp4aMVUIRERERcP/+fQBA165d2/xYKpUK8fHxSElJQW5urkX2GR4e
LtzQaC/6GzD6sMZSr83a6gdIHeUGUWFhITw9Pdu7GWZjwEFPhOTkZKxbt84g3PDx8UFkZCRCQ0OF
yoTMzEwolUokJCQ0+cfRmuFGbGyswUVy//798dxzzyEkJASdOnWCvb098vPzkZqaiosXLyInJwdl
ZWXQarXQarWoqqqCnZ0d7O3tYW9vDxcXF/j5+WHQoEEYNGgQnnrqKWi1WhQUFODKlSs4fPgwrly5
IhzPwcEBAwcOxOuvv261So6YmBjs378fNTU1AAAbGxtMnDgRb731FmxsbLB9+3YcPXpUqDqRy+V4
7rnnsHTpUqu0zxSNRoPdu3fjyJEjKC0tFd57Tk5OGDp0KEJCQvDUU09BoVAAAMrLy1FQUID09HSc
PXtWFC4pFAo8++yzmDdvnrC9NcXHx+PTTz+1yL4WL17cLmPWEBERdTSPHj1CWlqa0B0kNDS0zUKO
pKQkJCYmGtyosyT9TTdr39CIi4vDrl27rHY8a3rttdcQFRXVbsfPzMyESqVCeHh4u7WhuRhw0GNP
pVJh6dKlBt1SFi1ahFmzZjX63H379iEmJsboOmuFG6Wlpdi+fTvOnDkDjUYDALC3t8fYsWMxceJE
9O3bF05OTsjPz8e5c+dw4cIFZGdn4+HDh2ZVDDg4OKBz587o0aMHhg4dimHDhsHb2xsVFRW4evUq
jh49ijNnzghdRBwdHREeHo4333yzzcfkqKysxBtvvGHQpUMul2PHjh2wt7fHG2+8IYQfeu7u7ti5
c6dQzWJtJSUl+Oijj3DhwgWhbf7+/vjNb36DoUOHwt3d3WSFSVVVFUpKSnDp0iXs3btX6AZiY2OD
QYMGYeXKlejUqZPVXouxLlmtNXnyZCxfvtyi+yQiIpKK6upqodKgvl69eiE4ONiix0pOTsZnn31m
1YoGmUyGiIgILFy4sM3Pk9etW4fTp0+36THaW3h4ON59912rHzczMxNxcXGYNm0ahg0bZvXjt9Rj
NQZHVVUVCgoKRCX3llJZWYlbt27h4cOHqKiogKOjo1Di39hFXkFBAaqrq1t8XBsbGzz11FNmb68f
tLApjo6OcHJyMruM39h+m9s2vaqqKjx69MhguYeHR5tMSRobG2sQbmzbtg29evVq8rmzZs1CWloa
kpOTRcutFW4AdXfPL126JAorpk2bhsmTJ8Pf3x92dna4efMmDh06hEuXLqGgoEAII8xRWVmJ+/fv
Iz8/H1lZWbh58yamTZuG4OBgDBw4EK6urnB1dcXBgweF7X/55RfEx8fjtddes/jrrU9fedJQTU0N
1Go17OzsDMINfRuLi4vbJeAoKSnB+vXrhTskTk5OmD59OubMmWPWNL52dnbo1KkTJk6ciDFjxmDv
3r349ttvUVZWhosXL2Lt2rV49913rRJyLFmypMlxNlri2LFjyMzMxPbt2y2+byIioo7u7t27BuGG
palUKmzevLlNKzZM0el0OHbsGFJSUhAVFdVmlZuxsbGPfbgB1IVUsbGxiI6Ottox9eHG3bt30bdv
X6sd1xIkH3DodDrcunULKSkpSExMREhICFauXGmx/T969Aj79+9HfHy8cPe8oWnTpuGll16Cn5+f
wbqPPvoIFy9ebPHxe/bsiR07dpi9/Q8//IBPPvnE7O2HDBmCp59+GuPHj280rDC13127djU75Dhz
5gzWr19vsHzr1q3o3bt3s/bVFH1/vPoWLVpkVrgB1N29bs9wIz09HSdPnkRJSYnQxWH06NGIiIhA
9+7dIZfLcfbsWRw5cgRpaWkmB4by9PQUxqwA6i7CCwsLRdtotVrk5OSgtLQURUVFmDp1KkaMGIHA
wEBMnToVJSUlOHnyJHQ6nfD/4cOHt+kfPVdXVwQFBRn9DLVmLJW2otFosGnTJqSmpkImk6Fz5874
05/+hKeffrpF42fY29vjlVdeQWhoKD788EPk5ubi+vXreP/997Fu3TqzApOW2rx5s9FwQz+omEql
Mnr3SU/ff9THxwdKpRJKpVK0PjMzE5s3b2YlBxERPXFac/PTHPHx8YiNjW1ywFA9/Xe7j4+P8P3d
kEqlEn33N3YOoFdaWoqYmBicOXMGy5Yts2i3FZVKhdjYWNEyHx8fREdHC69FivQ/29jYWNHPNzY2
FhEREVZ5XYWFhYiLi0NycjJmz54tudlzJBtw5Ofn4+eff0ZSUhKuXbsmLA8JCbHYMTIyMrB+/Xrk
5OQ0ut2hQ4dw6tQp/PWvf5XcSMIXL17ExYsXsXPnTixcuBDTp09v1gwUKSkpmDFjRrOO+cMPPzS3
mS2WnJwsuhD28fFpsluKnrHSfGuGG0BdJUJ5ebkwvsSAAQPwwgsvwN/fH3K5HD///DPi4+Nx7do1
gwCua9eu6Nu3L3r16oUuXbqIqhk0Gg1ycnKQkZGB9PR0YXAroK5a5+LFi9BoNJDJZHjmmWfQvXt3
TJ8+HY8ePcKVK1dQW1uLsrKyZg+a2RKLFy/Ghx9+iOzsbNHvsj0H3DRGp9Nh9+7dOH/+PACgc+fO
ePfdd1tdaiqTydC/f3+89957+Nvf/oYHDx7g2rVr+N///V+89dZbbfJziI+PN/reX7FihcHYK7Gx
sQYnGNHR0QZ3GTIzM7Fp0yZhOlmgrpKjZ8+eZn8miYiIyDS1Wm305pwxYWFhiIiIQGhoqFnntcbC
D5VKhcTERCQmJpoMO3Q6HS5duoSlS5di2bJlFhvLITEx0aB927dvl9zFeEM+Pj6IiIhAWFgYli5d
KupalJiY2OZVHIWFhfjmm2+QnJwMe3t7SY29oSepgKO8vBy//PILfvrpJ5w8ebJNj5Wfn4//+Z//
MeivNmTIEHh5eSE3N1c0+GJJSQnWrVuH7du3t6jbhikDBgyw2L4aU11djU8++QSPHj3C/PnzzX7e
sWPH8MILL5h9kZWbm4uUlJQWtrL50tLSRI/NLZHrCOEGUFfBM3HiRJw4cQKOjo6YNWsWevfuDXt7
e9y4cQMHDx40CDc6deqEESNGYNiwYejWrRs6d+5s9E5/eXk5hg4dinv37uH8+fM4e/YsCgoKANQF
INeuXYO9vT08PDzQu3dv9OnTBy+++CLKy8uh0WgwduxY9OzZs81/Bt27d8eHH36IjIwMlJSUCMv9
/f071AjZN2/exJEjR1BTUwMnJycsW7bMov1ou3fvjpUrV2LNmjUoLS3FTz/9hPHjxxu9y9IaKpXK
YEBRhUKBNWvWGL1rEB0dDbVajfj4eAB1nzFjX75BQUFYs2YNlixZIrqjFBMTg/DwcMneaSEiIjIm
MzMTu3fvBgAsW7aszc8f1Wo1Vq1a1WjXUoVCgVmzZiEyMtIi7dFXTERFRSEtLQ2xsbEGFZt6paWl
WLduHRYtWmSRLisNjxMdHS35cKM+FxcXREVFYdOmTcIyUz9bS9GHG/pu6YGBgQgMDGzTY7YFyQQc
KpUKf/jDH8waX8ISdu3aJbp4Gj58OJYuXSo6Cb927RrWr18vDIBYUlKCgwcPigKC9957T7j7bo7v
vvsOn3/+ufB4ypQprXgVdd1nXnzxRYPlGo0Gd+/exf79+0UVMP/+97/Rp08fhIWFmbX/jIwM3Lhx
A3369DFr+7YMN/QjKNe/e5yXlyfaxpwKm5aEG/q72MbuXLeGm5sbnn/+efTr1w/29vbCgKJFRUU4
dOgQLl++LAo3unXrhsmTJ2P06NHw9vaGra3pj7izszMCAgLg5+eHHj16oEuXLjh69Cju3bsHoO49
cvnyZRw8eBDe3t7w8PDAkCFD4OTkBK1Wi8DAQFG3l9aqrKwUBRgN+fr6omfPnqLfQXMCDrVaDVtb
2zYZl6O6uho7d+4UxnqZPn06hgwZItrm22+/RVZWFoKDg41+Js3Rr18/vPTSS/jiiy9QXl6OnTt3
YuPGjY3+npsrLi7OYFlTJZHR0dFCwNHY+19/V2Lfvn2i5bGxsVixYkULW0xERNRxqNVqxMXFIT4+
Xqg8DQkJadNqxczMTKxatarRLin6GxCNhQCZmZnIy8sTVVvq6Ss4jJ1Ly2QyhIaGYuPGjUhLS8Om
TZuMVnTodDrExMQgKyur1V1UG57jN7zhsy9nC84WfgdNbePddKoralGYbX5FslcvR8jtTN/YrSio
hjqvCgDwTPB4BPgEYlaXZWbvv76Gr6nha7ak+uGGfvy7cePGmT1eY0cimYCjqqrKINzo3Lkz+vXr
Z/FqjpycHNEFbufOnbFy5Uq4u7uLtuvXrx/eeOMNbNy4UVj2008/Yd68eUJFQ3MGzdRoNEJiBgDD
hg1r9R1ghUKBbt26GV3Xq1cvhIeHY8OGDaLg4auvvsKIESPM7qpy6tQpswKO2tpai8/GUJ9+eqjY
2FhERUVBJpMZpNhNTW3anHCj/vgB+hL9+se2FG9vb3h7e4uWJScn4+LFi6LPRLdu3TB9+nSMGzeu
WXNV29raws/PD5MmTYKdnR0OHDgghBxlZWW4dOkSkpOTMW3aNDg7O+Ppp5+2zAv7P1qtFl988QVO
njxpcpwbPblcjgEDBmDx4sUGPxNT7t+/j08//RQ3btyAra0tRo0ahQULFlj0D/atW7dw+fJl6HQ6
+Pv7Y86cOaL3wNdff42vv/4aWq0WSqUSEyZMaNF84jKZDDNnzsTJkyeFcPHq1asWq+LQl5o21NT+
XVxchIS/qWlsBw4cKDrpA34tuWQVBxERSZmpmfva8gatvnLDVLgRGBiIxYsXG/0uV6vVSEpKQkpK
SrMGIw0KCkJ4eDgmTZok+u7WBx1ffvkl4uLiDLqwAr8OQKpQKLBo0SKzj9lQw5tc9duxL2cLThT8
Gzo0PV6bpqgGZ7eaP+BrxEZ/yO3kRtfV1gCXvnyIgoy681nt698jaOSVFgccDc+L2qpyWavVGoQb
+il/pcj8wRY6CE9PT7z44ov44IMP8MUXX+Dll19u0X40Gg3u3Llj9I/B1atXRY+nTJliEG7ojRgx
QvQ4JydHmMu6uU6fPi1KO5s7tkVLODg44Pe//71o2a1bt3D79u1Gn9elSxfh/0ePHkVFRUWTx7p+
/Tpu3bpldB/NFRcXh6lTp4r+cJoTKjS2TXPDjabCmtjYWIM2WkJ+fj6Sk5NFM9F06tQJU6dOxfjx
41t04QzUfbbGjx+PyZMniyozHj16hOTkZOTn57e67Q3pdDr85z//wf79+/Hw4UOo1epG/xUXFyM5
ORkxMTFmjf+h0Wjw0Ucf4dy5cyguLkZBQQEOHDiAnTt3WmyQ0pqaGpw6dUpoz4svvijqEqSv7NJ/
YRQVFeHAgQMtPr6joyNeeeUVAHXB7/Hjxy02WFliYqLRdplT8uni4gKZTNbicM+c/sJEREQdWWJi
okG40dZUKpXJcCMiIgIffPCBQbihVCqxdu1avPTSS/j000+bPdNKZmYmdu3ahfnz52Pp0qUGA/rL
ZDJER0dj27ZtJm98tMUsbXo/Fx4wK9wAAJkt0LmvY6P/HNzqAg2Ftx3sFMbDDQC4faJECDf0mqog
aW9arRaHDh0SnasCQJ8+fSR740kyAYerqyvef/99fPnll1i4cCFCQ0NhZ2fXon3dv38fS5cuxcKF
CzFv3jz88ssvovUNL+R69Ohhcl/Ozs4G09Iam7ayKdXV1di7d6/wuHv37ha/U26Kn5+fwbHqDzpp
zMSJE4X/l5SUGPwMjalfaaNQKDBu3LhmtvRX9SsmGmPuRaSlw43mtLG5Lly4gLt376KqqkpY9swz
zyA8PBweHh6t2reHhwfCw8MxcuRIYVlVVRXu3bvXJv3+tFotkpKSmv2ZOX36dJOD/wJAdnY2bt68
KVpWW1uLEydONGsq3cZUVFTg+PHjAOqmhB0+fLhofWpqquhkp6amBidOnGjVAK2DBg0SpqdOTk62
2MlUa7uQZWZmNjlie1pamtHPZcOTIyIiImpaUFCQ0W6eK1aswIoVK0TnsSqVCqtWrcKf//xni9xY
0Ol0yMjIwKZNm/D6668bnCv26tULO3fuNBjHobXVG02pqDX/vEjxlB1G/tHX5L+hC3+tGO45wRU2
JvKNsrwqXE8oNL6yDSiVSsyfPx/z589v8Tm6Ptz45ptvDM6LJ0+ebIlmtgvJBBzu7u54+umnm9Xl
w5TExERRCb5+ACC9qVOn4vPPPxf+DR061OS+KisrReVCbm5uTZZoG3P+/HlRkhkZGWnRfvVNaRjS
NFVK179/fwQEBAiP9Rd4ppSXl4tK3yMiIuDk5NSClhrSXywZu2gy525yW4QbbSk1NRXFxcXC465d
u2LEiBGiwW3VajWysrKQl5dnMjzQarV48OCBwUWpj48PwsPD0bVrV2FZcXExLl261AavBqKgxlwy
mQzV1dVwcHAw+ju2sbGBQqGAWq02+r6w5PRseXl5Qp/IoUOHGoxLolarDX4Hubm5uHv3bouP6ezs
LJQNFhcXmxX2NEWlUhntc9tcjQV6xqZt1svMzGxyujkiIqKOoLGqifYQEREhCjlWrFiBiIgI0Tbx
8fFYsmRJs6s1zKHT6ZCTk4NVq1YhJiZG9LNxcXHBBx98IOrK+sEHHzTZbbyjuH9OjcqSGtg52cBv
uImKVh1wbW8hqit18Axs/bWqOTZv3ozc3Fzk5uZi8+bNzX5+/XCjflU4AHh5eTV6/dvRSWYMDktq
eEEkl4ujOA8PD7PvhDecpWPUqFEG+2uKTqdDQkKC8NjV1RVjxoxp1j5aq+Eb29isG/XV1tZiypQp
+Oc//wmgbhyOvLw8k+MiXLhwQXSXedy4cTh37lwrW11H//uUyWQGF7NNVXA0d0DR9g43cnJycP/+
fdHd/5CQEAQEBAgVTQUFBfjpp5+QlpYGV1dXjB49GgMHDhQFShUVFUhNTcXJkydRXl6OQYMGYcKE
CXB3d4ednR0CAgIwcOBAoZJHo9Hg9u3byMnJaVXXoobs7OwQHh6OQ4cONWsw3v79+8PPzw9yuRyh
oaEGX9b9+vUz2a1CJpNh2LBhLa4Aa6j+gE8hISEG++3atSvs7e1FoUpQUBD8/f1bfExbW1sMHDgQ
R48eBVB3otW/f/8W70+/j9bQfw7j4+Ph6uqKqKgo0frMzExs2bKl0WoTlUrVruWQ27dvx/fffw+g
rkptyZIlHfJ5RETUPvQDiOoHyzbW/aO9RERECCFC/fCgOVPH6ikUCoMAwpwqAZ1Oh3379iEtLQ3L
li0T9qEPORITExEaGiqZcKNGW4tb39edt3Qf6wJ7hfHagPvn1MhNLYfiKTv0nu7RrDE9Wqr+DfaW
jM1x8OBBfPvttwbXgEDdeGlSnpHmiQw4pkyZgrNnzyIrKwuenp547bXXWrSfmpoag9kA6nfdMNeV
K1dw8eJF4fGMGTOs+qZ69OiRQReThhUdDWm1WoSHhwsBB1BX3j5z5kyj2//www/C/wMDA9GnTx+c
OnWqFa3+lU6nMxpuAIahh35boONMBdscGRkZKC0tFb2mvn37isbduHfvHk6fPo0rV65ALpcjNzcX
Wq0WQ4cOhZOTEyoqKvDLL78gISEBV65cQU1NDdRqNXr16iWMNePu7i768tHpdCgpKUFGRoZFAw4b
GxvMnTsXlZWV+OGHH5rsqiKTydC/f3+8/fbbQgj39ttvY+vWrVAqldDpdBgxYgTefPNNk8cbO3Ys
FixYYPYguk2pf5eic+fOBgFqv3798NRTTwnj2nTq1AmrV69u9WwuXl5ewv/rV/S0lKlql5bYtWuX
cBLj4+MDpVJp1h2j9rwbtn37dnz33XfCY/3/mwodrP08IiJqH8nJydi8ebPou0qpVHaYgAMwHEzf
nKljgbrz39DQUERERDQaPqjVaiiVSqSkpCA5OdlkxXdGRgZWrVqFjRs3ikKOtpxJpi2olBUo+78Z
UbqFuRrdRlNcg2v76rqm9HvJ02QIYmmNXeM0JTk52WS4AdSNF2dsVj2g7r1i7myb7eWJDDh8fX2x
detWFBYWws3NrcXdXg4cOIALFy4IjydMmICQkJBm76f+SS4ATJo0qUXtaYmKigrExMSI+l116dIF
PXv2bPR5VVVV6NKlC8LCwoR++0ePHsWMGTMMPly5ubmivv1Tp06FjY1Nq8YgMKb+B93UB1zK4QZQ
N4d4/UoAV1dX+Pr6muzuU1NTgytXrgiPBwwYgCtXrmD//v1CuKFX/2fm5OQEHx8fIRDR76stBs5y
c3PDW2+9hZdffrnRi2yZTAZ7e3v4+fmJKoy6du2K9957Dw8ePIBcLoevr68QHvTt2xcffvih8Edf
oVCgS5cuFptBRafTiX4mxn4PdnZ2iIiIwJdffonq6mpUVFRApVI1GSI2pX5AUl5e3qwvNmPqDwBs
CfqyyebIyspqtxG79ZUUDZc1FThY+3lERGR9iYmJ2LRpU3s3o1nMCTfCwsKwePFis6sn9TNrhIeH
Y/ny5UhKSkJsbKzRKlC1Wo3Vq1djw4YNkqnYqE9XC2R9XwIA6DpcARcf45W/N74rhKaoBl2fUcB3
oDOK71r2+sbSkpOTERcXZzLcAOq6wxu7MRUYGNjkNWJH8EQGHEBdiXf9MQuaKzU1FTt27BAe+/r6
YuHChc3ez61bt/DTTz8JjydNmmTRO+QqlcroAKAajQb3799HUlKSwYwpc+fObXL8D30gMnHiRCG8
yMrKwvXr19G3b1/Rtg1L4vSpn6UCDmMXdaYu9nQ6HbZs2SLJcAMwDDg8PDwMAjp/f38MGzYMBQUF
yM3NFYUcV69eRUZGhijc8PX1xbBhw0TTCevHsPDw8BACjurq6jYbGdzGxgb29vai7h1dunQRfh9V
VVXIz89HdXW10S5gcrkc9vb20Gg0BmNb1N+nvb29xSo39Oq/z0zte9asWfj555+hVCpRXl6OHTt2
YMOGDa0eFFbPEpUXrd2Hpao/iIiIOhopjhGlUqlMhhuhoaGIjo5uVfWJTCZDREQEJk2ahKSkUy9h
LQAAIABJREFUJHz66acGFR2lpaVISEjA8uXLW3yc9vIwvQJF2XXXKgGjjV8f5F+twJ3Taji4yNE3
0hNo+X2mZmt43mXOTS59uNGSGWyCgoIQFRUlialjn9iAozVu3bqFv//976Jlb7/9doum5zx06JDo
8bRp01rVtoZOnDiBEydOmL39iy++iPHjxze5nT6cGDp0KDw8PFBUVASgbqaU+gFHbW2tKEwYP368
ECy1JuCIjo7Grl27EB0d3aznWTPciI6ORmxsbLPb2JiSkhJRwGFra2twUe3l5YWJEyeitrYWiYmJ
opAjPT0dNTU1onBj0qRJwvgb9cnlclGVQHV1tUW6QjSkVqvxr3/9C8eOHRPaJZfL8c4772DUqFEo
KCjAP//5T/z444/C/OpvvfWWEMjk5uZi69atuHjxYpMX2TY2Npg4cSIWLlwozELSGvqqED1TU0TL
5XK8+eabeOedd1BYWIjbt29j69atePvttw1CjtraWlRUVMDJyanRMEaj+XUaMoVC0arqDQAGI5y3
h/Zsw8SJEw2q6czpcmjt5xEREZlDP7tKw8qTyMhILF682OhzVCoVUlJSoFKpRJWdCoUCgYGBRrsn
6IOOgQMHYu3ataIByxUKhcnu6x2aDsg+XndTzzPQAZ2CDSt0qytqceXbuiqIPpEecPLs2JfVT0q4
ATDgaLbc3FysXbtWuKAHgKVLl7ZoSte8vDwcPnxYeBwaGop+/fpZpJ3NpVAo8MYbb2DKlClmXSjp
KzicnJwwefJkfPPNNwDqBuGMiooSuhCkp6cjOztbeN6ECROE/7cm4IiKijIYxNCYhhe81qzciI6O
tmi4AdR1SalfXVNZWWl03Apvb29h9Oz6IUf9bX19fREREYGIiAijg8PW1NSILqLlcrlFQoH6amtr
8dVXX+Ho0aMmBxndsWOHMF6LTqdDamoqPv74Y7z33nuQy+XYunWrWdMU64/3/fffQy6X4+2337ZI
NUf9n0lBQYHJ7Xr27Ik//elPWL9+PbRaLZKTk1FZWYklS5agS5cuQherlJQUfPHFF5g8eTKeffZZ
eHl5GW1nYeGvU5G1JFxtqCNUL7VnG/RdQ5o76Ke1n0dERG0nMTERMpnMqt3F25L+XHDTpk1QKBRY
vHixwewqgHkXv6dPn4ZMJoOLiwvCwsIQFRUl6tri6+uLDz74ADExMUhMTJTcbCn1FWZXQnW57qZV
zwluRiszMo4VQ51bhc59HeFvYnyOjkbfvaihxsZK8/LyklS4ATDgaJZHjx5h7dq1oikZZ8+ejeef
f75F+zt69KjobvwLL7zQ6ruw5nJzc4O3tzd69+6NAQMGYMSIEc26uKg/tefo0aOFgKO0tBS//PIL
Ro8eDaCuokOvc+fOGDx4sPC4/sWzJURFRQkVE+b8HC0RbuhnfahfrdGWv0M3NzdRwFFUVISysjLU
1tYaXATXDzmSkpJE79umwo3a2lqUl5eLKjbs7OwMqjxaq6qqCqdPnzYZbpSVleHy5csGy5VKJR48
eAB7e3vRAL3mqK2txdmzZ1FVVWWRaafrd3W7evUqpk6danKMj+HDh+Ott97Cli1bUFtbiwsXLmD5
8uWYOXMmXnjhBeTn52Pbtm0oLCzEF198gT179mDChAmYM2eO6GffcGwVU7MXNUd7zl7SUdqwZMmS
FoUM1n4eERFZllKpFKbdBOpuqBgLAqRIP7uKi4uLwfdsZmYmPvvsM7OnjtWPPXbs2DGkpKQgMjIS
M2fOFM6lXVxchClqvb29Wz3eWHvJ/rFu7A3nTrbwCTWs3ii5r0XGkbpzZE1RDc5+/OuYY9WaX2+u
Zhwtxt0UNU7NOyVcG1mKQqEQugSZc/5kKtwAYNC9W8/Lywsvv/yypMINgAGH2dRqNf7+97+Lyq6e
e+45zJs3r0UXtCUlJdi/f7/wuEuXLnjmmWcs0tb6Xn75Zbz++uuiZTKZrNUX4fXDieDgYPTt2xfp
6ekA6mZMGT16NMrLy5GUlCRsN2XKFNEFpX5sB0tpWDERHx9vcnaVloYb9f+YAMDatWuxffv2NqnW
MMbV1VU0BkV5eTny8vKg0WiMTu2rDzlkMhmSkpJQUFAAb29vjB8/3mS4od/vgwcPRF0u5HJ5m9xh
N1adIJPJ4OrqioqKClEIqKfT6VBZWQlHR8cWjf3Q3KmcG+Pt7Y3OnTvj4cOHOHfuHEpLS9GpUyej
29rY2GD8+PGws7PD1q1bUV5ejqKiIsTGxuLw4cPQ6XRCZYZOp0NxcTEOHjyIbt26Yfr06cJ+ysrK
hKoWd3d3i4zb4+Pjg6CgoBaVLlpCYGBguwccRET0ZDE1haoUx9xojLEqCmOzwjRHaWkpdu3ahZSU
FGzYsEF0jtiRZpZpLnVOFe7/XHeu32OCG+T2huepmqJfK6LVuVVQ51YZbAMApQ+q6v61wRh2a9as
EbofrVixosX7KSwsNDoFsD7caOmN/PZknXlsJE6j0eCjjz5CWlqasGzs2LF48803W3yhdPz4cdGb
febMmRa5m2yMjY2N6J8lKgwazr4xZcoU4XFycjJUKhUuXLggeo0Nk8v6VSCWlpmZiZiYGIuGGwAM
QozMzEzExsa2uJ3NFRgYCFdXV9HvMDMzs9GxMby9vTFp0iTMnj0bM2fOxOzZsxsNN4C6P3b6wAqA
UJJo6TJDOzs7TJw40eBzFBAQgF69ejUaXuh0Onh7e2PMmDHNOqaNjQ1Gjx4tGny0NZycnIQ2lJWV
NVlRYmdnh7Fjx2LdunXo0aMHgLrPU15eHvLz8w22l8vl6Nq1q2hZWloaSkrq7i6EhYWJxgFpjfZM
6B+XO2VERCQdiYmJBuHGkyAxMRFr1661yPTs+ilh23Oq94YcbVp+Q+7O6bprF7m9DF2HGz+/cg+w
x8g/+hj9FzLHS9iu11R3jPyjT4uGMmhKaGgodu7ciZ07d7YqUDp//rzBjCr1ww1LzTxoTazgaEJ1
dTU+/vhjnDlzRlg2fPhwLFu2rMW/cI1Gg3379gmPHR0dzRrYsyNpeOE5cuRIbN++XbjbnpycLEoD
Q0NDrTqt0JYtWywebgB1s2Ho5//Wi42NRVhYmFX6GHbt2hUBAQG4e/euUEVz5coVZGdno1OnTibf
k97e3pg6dapZx9Bqtbhz544o4HBwcED37t0NLrRby8bGBq+++irUajVOnjyJqqoqBAYGYsmSJXB2
djY5v7qenZ0dFi1ahMrKSoNpb42xt7fHqFGj8Lvf/c5is6nY2tpi3LhxOHjwILRaLfbs2YMxY8Y0
Glja2NhgwIAB2LJlC/bs2YMffvgB+fn5BqGfXC5HSEiIqGuXVqsVuoTZ2dlh3LhxFgtrJk2ahNjY
WIPPjjknLU39rpoitfJHIiKSvtZ+d0lVYzfnFAoFwsPD4ePjg8DAQGRlZUGtVguDjxqTmZmJ+Ph4
q1Qzm+MZz+k4UfDvZj9PU1iN2yfrAo7uY1zh4Gb8RraDqxwOfQ27rgCAnfOv55euXezQrf9THbpC
9ccffxQ9tre3l3S4ATDgaJROp8M///lPYRA4ABg4cCBWrVoFJyfjb2pznD59WujjBwDPP/+8xaaL
bC+enp6YMGECEhMTAQB79+4V3Y2ePHmy1doSExODjIwMg+WWGlB0xYoVmD9/vuiib926ddi2bZtV
BkkcNGgQrly5IryH7ty5g+TkZPj7+4umem2J2tpa5OTk4MyZM6IxO9zd3TFo0KBW7dsUe3t7LF26
FAsWLIBWq4Wbm1uznt+5c2fhLkRTJypubm6t+uya0qtXL/Tr1w+pqam4desWEhISMHv27Caf5+Tk
hOjoaPz2t7/F2bNncfz4cWRnZ6OsrAyenp4YOXIkXn31VVHFTkJCAq5fvy4cNyQkxGKvw8fHBxER
EQaD8SqVykYDCLVa3aquLRERER36y5+IiKRNf87WEQbU7giio6MNZldRKBSYNWuWQUih//5fvHgx
lEolNm3aZBB0KBQKg9lV2pqPj4+oHfpx8QDgxS5109L+XHgAmlrzK0vupqhRo627yeMf1vr3Sjfn
3hjhOa7Fz2/4c7b0udLdu3eFc0qg7px82rRpkg43gCc44NBoNMjLy4OXl5fJP3axsbFISEgQHgcH
B+Mvf/lLq/441tTUYO/evaJl1rz4b0vjx48XAo764Yajo2ObjC9ijFKpFFXH6FlythQXFxcsX74c
a9euFZbl5uYiNjbW5LRbljRo0CAcP34cDx8+FCpmzp07h8DAQLi5uTU7IKivuLgYZ8+exblz54Rl
dnZ28Pf3b7OAQ8/R0VE0La05ysrKcO3aNeGxQqFAjx492iTEaIytrS1GjBiBy5cvo6amxqDUz5zn
jxo1CqNGjQJQF64a60p28+ZN7NmzBwDg7OyMefPmWax6Qy8qKsog4EhKSsKsWbNMfrG2ppuWQqHo
MHd8iIjo8aJWq5GQkIBdu3bBxcUF7777rqTHh7CU+rOrADB7xpPQ0FB8+eWX2Lx5s3DOX/+5+fn5
uHPnDjw9PYWp3zMzM1FUVISAgADRwOyt1TDgUCqVou6uL3ZZLgQd5lCr1fjd+d+hl6IE4eHheHfK
uy1q102Hm3hL8RYAYKbvnzC+y/gW7QeAwdgYlg44UlJShPBPH2688sorkg43gCc04Lh//z7WrFmD
e/fuQaFQ4C9/+YtB36iEhATExcUJjx0dHREVFYXCwkLR9IymdO/e3WgJ/Pnz50V3OseMGYPu3bu3
4tV0HKGhofD19RVVpwB10x+25qLbXPqBohpqi6lgw8PDERkZifj4eGFZfHw8QkND27zU3sfHB6NH
j8aDBw+EP+xFRUU4cuQIHBwcEBYWBnd392Z1waitrUVxcTFSUlLw/fffi6ZB7ty5M8aNG9ch77A/
ePAAa9asER7LZDIEBQVh5cqV8Pf3t1o7ampqkJ6eLnSRGTlyZKv2ZyzcuH//PjZs2ICioiLY2Nhg
zJgxbRI6+fj4YNGiRfjss8+EripqtRpr167F8uXLDU5+4uLiRJ+D5oqOju6Q7y0iIpK2hjOjqNVq
KJVKBhz/JyIiAgqFAomJiVi0aJHRGU9UKhUUCoXoHFomk2HFihVQKBRISUnBu+++K5wbHD9+HElJ
SQgICMD/+3//DwDw9ddf486dOxg2bBgiIiIs1mU9NDRUFADExcUhLCysxef7Li4uQhfg1ggODsaR
I0davR+1Wo3du3eLllnyvavVaoUu9/XDDU9PT4sdo708kQFHYmIi7t27B6DuDvDu3btFAYdKpcKO
HTtEz9FoNHjvvffMPsaePXsMBv7T6XQGFwLTpk1rZus7Ljs7O0ydOhVffvmlaPm4cS0vzWqOLVu2
GIQrpsKNzZs3G9yltoTNmzcjNDS0zUsgx40bh5s3b+LkyZNCt4zbt28jISEBarUazzzzDPz8/MxK
YLVaLXJycnD27Fl8//33uH37trBOoVBg0KBBVi87bI6G425cv34d27Ztw8aNG63WBq1Wi6tXrwKo
684zYMAAi+7/xo0b2LhxIx48eAAA6NOnD37/+9+32ZTEs2bNQlZWlnB3Bqi7A7NkyRIMGjQIoaGh
UKlUUCqVBp+55oiIiMCsWbMs0WQiIiIApmdGIUPGpg5VqVSIi4sTnSf7+voiMjISkZGRwrLFixcb
VC6fP38ed+7cwZ07d4Rl+lnf7ty5g/z8fLz00kvo06dPq9seEREhqiDNzc3F0qVLER0djYEDB0r2
5olKpUJaWhpiY2MNzrEsOSB7VlaWcNP9cQo3gCc04Gh4UdBwBoemBipsqatXr4pmWOjdu3ebl/1b
W3h4uCjgCAgIsPjFnjExMTE4ffq0aJm1ww2g7ks1MTGxzS/aXFxcMH36dBQUFECpVKKyshJAXcix
d+9e3LlzByNHjkT37t3h6ekJZ2dnUUVHbW0tysvLUVhYiNu3b+PMmTM4f/68qHLDwcEB/fv3x/Tp
0ztkn9XGLu5v3ryJkpISq1QOAXV9GPUz2QwdOlToNqLT6ZCZmYn79+9jxIgRze6CU1VVhYSEBPz3
v/8VfjfBwcFYvXp1m/9OVqxYIfry00tNTUVqamqr9x8YGNiqac2IiIiMeVJnRrGEzMxMrF692mBa
09zcXMTExCArKwvLl5vf7aOhkydPoqSkBAsWLEBwcHCr2urj44Po6GiDkOOjjz5q1X47KktXvCYn
J0Or1SI8PPyxCjeAJzTgmDJlCs6ePYusrCx4enritddes8pxv/vuO9HjmTNnWmwmh44iICAAQ4cO
xYULFwDU/axbOpVuczSsjGmPcEPPGrOpAHUDTE6dOhUajQY3btwQQo6ioiIkJSXhypUr6NOnD/r0
6QM/Pz8oFArY2tqiuroaZWVlyMnJwfXr15Geni4aUBSoCzd69+6NqVOnolevXlZ5Pca4urrCwcHB
YBYPGxsbKBQK2Nvbw8bGBrW1taL1tra2Fh+bwhSdToerV68K46H4+vri5MmTuHTpEn7++WdhPJqg
oCC88sorGDx4MJydnWFra/zPb01NDcrLy3Hp0iV88803uHnzJoC619yvXz+sXr3aon1YG7N9+/Y2
+cxEREQw3CAiojbxpM6MYgmxsbEG4YaeTqfDsWPHMHDgQFElQVlZmXBzuLGbxLa2tlAoFMjOzsa+
ffvw5z//udXtjY6ORmZmpmh2w8dRWFiYRccr08+KEx4ejqioqMcq3AAeg4Cjd+/eze7n5Ovri61b
t6KwsBBubm4G0zn6+flZpO9UQ6tXr8bq1astvt/6ZsyYgRkzZrTrftevX2/Wdg27AbVGaGiocFe5
vcIN/ejT1uzbqR+U8ujRo7hy5YroSz0nJwc5OTn48ccf4eTkBA8PDzg5OUGj0aCoqAjl5eVG96lQ
KNC/f39MmTJF2H97cXR0xKhRo3DgwAEhxJDJZBg7diy6dOkCGxsbTJw4EUlJScJ4ETY2Nhg1apTV
BhqtrKzE2bNnheM37C+pl5mZiffffx8uLi4IDw/HwIED0alTJ6GqQ6PR4NGjR7h69SpOnTqFkpIS
4bkKhQJjxozBggULrF5Ns3z5cvTs2RMxMTGt3pd+QFF2SyEiIup4IiIiGg0LFAqFwXnu8ePHhXPK
xgZZ9/LywoQJEwCg2RWtjVmzZg1iY2NbNeB5RxYdHW3xwdjT09Ph7++PqKgoq92YtSbJBxwtZWtr
a7W7oNT2/vrXvyIhIQE6nQ6RkZFGLwKXL1/eqrK6jmrUqFHw9fXFgQMHcPHiRRQUFKCqqkq0TUVF
BSoqKhrdj729PTp16oTBgwfj+eefb9fKjfoWLFgAOzs7nDhxAtXV1Rg2bBgWLFggjC+ycOFCyOVy
nD17Vhh883e/+53V2qdWq5GWliZaJpPJIJfLoVAoEBgYiPLycty6dQtarRZqtRrHjh0zK2yzs7ND
cHAw5s6di0GDBrXZmBtNmTVrFsLDww365DZHREQEBxQlIqI213AMvMbWmdq2rbczVcVparm1hIeH
Y8WKFQZTyAK/zpbS8Hs8OTkZqampJqs3ZDIZdDodfH19MX/+/DY5l4mOjkZERAQSExOhVCqhUqkM
pliVCh8fH/j4+CA0NBQRERFtct6k1Wof23ADAGRlZWW69m4EEbWeWq3GiRMncPr0aTx48ABFRUXQ
aDRCZYExMpkMjo6OcHd3R0BAAMaOHYuRI0d2uDE3dDodtFotgLqL/oZdu2pra4VQx9j6tvTLL7/g
nXfeEY7dr18/DB48GCEhIQgKCoKjoyNqa2tx7do1/Pjjj0hJSWlyJiYPDw+EhYVh3LhxGDBggNW6
25hDpVIJ/ZuzsrIa3TYwMBDh4eFt9gVNRETUkFqtRkxMjMEFrn6WsPrnOMa2tcZ2VVVVuHbtmujm
k5OTE/r169chvvMTExNFIUdj08jm5ORg69atUCqVopBDXw3/3HPPQafTITQ0FBs3bmzzmzXGznvb
6wZRR1VYWPjYdUupjwEHPZHWrl1r9gBUYWFhoqlIO7q8vDwolUoolUrcuXMHJSUlqK6uRk1NDWpr
a2FjYwO5XA5bW1u4ubnB399fmBnD29u7vZsvKTqdDqdOncKdO3fQu3dvdO/eHa6urnB0dDT6ZVpd
XQ21Wo3c3FyoVCoUFhairKwMMpkMCoUCnp6e8Pb2hq+vL1xcXNr9Tk5T9HdI1Gq1EHYEBgbCxcVF
uANBRETU0dW/KG7sYtjS23VkycnJiI+PF7qXNna3/8GDB/j444+Rnp6OiooKyOVyHDx4EAAwffp0
VFdXY8iQIXj//fcl+/Mg6WDAQU8ktVqNVatWGcwQ0ZCp8TykIj8/HxkZGSguLkZ5eTk0Gg0cHR3h
7OwMd3d39OrVi121Wqm6uho2NjYtrhqpra2FTCbjFz4RERFJVmFhIb744gvcvHkTbm5u2LhxI4C6
MQiLi4sxYsQIzJ8/v30bSU8EBhz0RIuNjUV8fLzBLB36AUMtPagPEREREdHjKiMjA15eXvDy8gJQ
N/Doo0ePOszYbvT4Y8BBTzx9eb1SqQRQNyOLvsyeiIiIiIiIpIEBBxERERERERFJnvWmGiAiIiIi
IiIiaiMMOIiIiIiIiIhI8hhwEBEREREREZHkMeAgIiIiIiIiIsljwEFEREREREREkseAg4iIiIiI
iIgkjwEHEREREREREUkeAw4iIiIiIiIikjwGHEREREREREQkeQw4iIiIiIiIiEjyGHAQERERERER
keQx4CAiIiIiIiIiyWPAQURERERERESSx4CDiIiIiIiIiCSPAQcRERERERERSR4DDiIiIiIiIiKS
PAYcRERERERERCR5Mp1Op2vvRhARERERERERtQYrOIiIiIiIiIhI8hhwEBEREREREZHkMeAgIiIi
IiIiIsljwEFEREREREREkseAg4iIiIiIiIgkjwEHEREREREREUkeAw4iIiIiIiIikjwGHERERERE
REQkeQw4iIiIiIiIiEjyGHAQERERERERkeQx4CAiIiIiIiIiyWPAQURERERERESSx4CDiIiIiIiI
iCSPAQcRERERERERSR4DDiIiIiIiIiKSPAYcRERERERERCR5DDiIiIiIiIiISPIYcBARERERERGR
5DHgICIiIiIiIiLJY8BBRERERERERJLHgIOIiIiIiIiIJI8BBxERERERERFJHgMOIiIiIiIiIpI8
BhxEREREREREJHkMOIiIiIiIiIhI8hhwEBEREREREZHkMeAgIiIiIiIiIsljwEFEREREREREkseA
g4iIiIiIiIgkjwEHEREREREREUkeAw4iIiIiIiIikjwGHEREREREREQkeQw4iIiIiIiIiEjyGHAQ
ERERERERkeQx4CAiIiIiIiIiyWPAQURERERERESSx4CDiIiIiIiIiCSPAQcRERERERERSR4DDiIi
IiIiIiKSPAYcRERERERERCR5DDiIiIiIiIiISPIYcBARERERERGR5DHgICIiIiIiIiLJY8BBRERE
RERERJLHgIOIiIiIiIiIJI8BBxERERERERFJHgMOIiIiIiIiIpI8BhxEREREREREJHkMOIiIiIiI
iIhI8hhwEBEREREREZHkMeAgIiIiIiIiIsljwEFEREREREREkseAg4iIiIiIiIgkjwEHERERERER
EUkeA45m2nDvMD66f6y9m0FERERERERE9di2dwOkZMO9w/jg3lEAgIvcAYt9x7Vzi4iIiIiIiIgI
YAWH2eqHGwDwTvY+fK463Y4tIiIiIiIiIiI9BhxmaBhu6K289S3i8s+2Q4uIiIiIiIiIqD52UWmC
qXBDz1bGjIioOdRqNQ4fPozbt2+jS5cueO655+Dl5dXezSIiIiIiIoljwNGIpsKNHb2i8Ern4VZs
EZG0ZWdnIzIyEqmpqcKynj17Yt++fRg0aFA7toyIiIiIiKROptPpdO3diI6I4QYBQH5+PlavXm10
3YABA7B8+XIrt0jaZs6cif379xssHzx4MM6dOwdbW2auRERERETUMgw4jGC4QXp3795FQECA0XVz
5szB7t27rdwi6SoqKoKnp6fJ9enp6ejTp48VW0RERERERI8TDiDRQFPhxv8Gz2O4QdQCDg4OcHZ2
Nrm+sXVERERERERNYcBRjznhxoudhlixRUSPDycnJ7z99ttG17366qvw9/e3couIiIiIiOhxwoDj
/zDcIGp77777LpYtWyZaNnfuXGzfvr2dWkRERERERI8LjuiHxsMNG8jwWfBchhtEFuDk5ITNmzdj
5cqVuH//Pry9vdG9e/f2bhYRERERET0GnviAo6lwY2fv3+F5r4FWbhXR483Pzw9+fn7t3QwiIiIi
InqMPNFdVBhuEBERERERET0entgKDoYbJBUZGRk4deoUrly5gtu3b6OoqAh2dnbo1KkT+vTpgyFD
hmD06NFwc3Nr1XF0Oh3Onz+P48ePQ6lUIi8vD66urggICMCzzz6LiRMnimY62bZtG2pqagz207Vr
V7z00ksGy+/evYu9e/caPfaIESMwcuRIs7ePiopC586dhcdKpRLHjh1Damoq8vLyIJfLERAQgOHD
h2Pq1Kno2rWrWT8DIiIiIiKSLplOp9O1dyOsrbFwQw4bfNn7dYYbBKDuIjsgIMDoujlz5mD37t1t
duxTp05h48aNOHDgQJPburq6YtmyZfjDH/4AHx+fZh/rwoULeOedd3Ds2DGT2wwcOBCffPIJRo8e
DQBQKBQoLy832O7ll1/GN998Y7D8559/xogRI4zu++OPP8bSpUvN3j49PR19+vSBSqXCypUrERsb
a7Ldjo6O+Nvf/obly5fD1vaJzXSJiIiIiB57T1wXlabCjbi+CxhuULuqqKjAypUrMWbMGLPCDQAo
LS3F2rVrMWzYMBw+fLhZx/vqq68QFhbWaLgBAGlpaYiIiEBiYmKz9t9W7t69i0mTJjUabgCARqPB
qlWr8NprrxkNZIiIiIiI6PHwRAUc5oQbkz36W7lVRL9Sq9WIiorCpk2bWvT8e/fuYdrXcUwlAAAg
AElEQVS0afjqq6/M2n7Pnj2YN28eqqqqzNpeo9Hgtddew927d1vUPkupqanBwoULcfnyZbOf8+9/
/xsbNmxow1YREREREVF7emICjsbCDVsZww1qfzqdDitWrMC+fftava958+bhhx9+aHSb7Oxs/P73
v2/2vlUqFVatWoXa2tqWNq/Vdu/ejSNHjjT7eevWrcO5c+faoEVERERERNTenogO6Y2FGwDgIXfG
1gffY+uD763YKkMH+r/Vrsen9pWQkIDPPvvM5PqgoCAsXboUwcHBKCsrw9mzZ7F582aT2y9atAjn
z5+Hu7u70fUbNmxAYWFho22aPXs2BgwYAK1Wi3PnzgndWL7++mszXlHbWb9+vfB/R0dHDB48GO7u
7rh8+TLu37/f6HM///xzDB8+vK2bSEREREREVvbYBxxNhRsA8LBajYclaiu1iMiQVqvFO++8Y3L9
nDlz8Omnn4pmSpk9ezaio6Px3HPPQaVSGTwnIyMD//rXv7B8+XKDdXfv3kVMTIzJ4w0ePBi7du1C
SEiIsEyn0yEpKQlz5sxBQUGBuS+tTa1fvx4LFy4UZlSprq7GoUOHsHjxYuTk5Bh9zn/+8x/84x//
gIODgzWbSkREREREbeyx7qJiTrhB1BEkJSXh2rVrRtcNHjwYMTExRqeBHTJkCL788kuT+/34449R
WVlpsLyx7h2enp7Yt2+fKNwAAJlMhoiICOzZs8fkc61py5YteOedd0TTxdra2mLGjBlGZ3HRKyws
xO3bt63RRCIiIiIisqLHOuAgkopDhw6ZXLdq1Sq4urqaXD9lyhRMnDjR6Lrs7GycP3/eYPlPP/1k
cn+rV69Gjx49TK4fN24c5s6da3K9NQQEBODNN980uX706NGYOXOmyfUPHz5si2YREREREVE7eqwD
jtXdnsOfu01p72YQNem7774zuW7KlMbfwzKZDL/97W9Nrv/5558Nlp0+fdrk9pGRkY0eD0Cjx7OG
WbNmNdnFZOzYsSbXaTQaSzeJiIiIiIja2WM/Bsfqbs8BQKNdVTrZKtDH2ddaTSISyc/Px507d4yu
Gz9+PDw9PZvcx7Bhw0yuS09PFz0uKSlBdna20W179OiB4ODgJo/39NNPN7lNW/L3929ym06dOplc
p9PpLNkcIiIiIiLqAB77gANoOuQoqq7A234TOU0stYv8/HyT64KCgszaR5cuXUyuu3v3ruixWm16
QN3evXtDJpM1ebynnnoKdnZ2qKqqMqt9lmbOAKHmvA4iIiIiInp8PNZdVOprrLtKDWoRlf6/OFZ0
1cqtImq8u4SXl5dZ+2hsjI6ioiLRY2ODjuo1VvVQn42NDbp27WrWtkRERERERNbwxAQcAEMO6phs
bEx/DBsLI+rTarUm1zWsdrC1NV24VVpaatbxdDod8vLyzNqWiIiIiIjIGp6ogANgyEEdj4uLi8l1
jXVfqa+kpMTkOg8PD9FjZ2dnk9s27M7S2PHKy8vN2paIiIiIiMganriAAzAv5Dj4KM3KraInlZ+f
n8l1KSkpZg2Ief36dZPrGg4a6uXlZXLg0tTUVKhUqiaPl5bGzwcREREREXUsT2TAATQdcsy78TlD
DrIKZ2dnjBo1yui67Oxsg1lQjDl16pTJdSEhIaLHMpkMI0eONLl9UlJSk8c7fPhwk9sQERERERFZ
0xMbcACNhxy10DHkIKt5/vnnTa774osvGn1uYWEhduzYYXJ9WFiYwbIJEyaY3H7dunUoLi42uf7G
jRvYvHlzo20iIiIiIiKytic64AAYclDHMGPGDJPr/vGPf+DEiRNG1+l0OqxZs8bkWB1Tpkwx6KKi
X27K9evX8eqrrxrtqnL9+nX85je/aXTmFyIiIiIiovZgejqFJ8jqbs8BAD64d9RgnT7k2Nn7d3je
a6C1m0Yd2Llz57BkyZJmPy8oKAjLly8XLRswYADmzJmDr7/+2mD7qqoqvPTSS9i0aRNeeeUV2Nvb
AwBycnLw/vvvY9u2bSaP9cc//tHo8tDQUERGRiI+Pt7o+kOHDqFPnz54/fXXERwcjOrqaiiVSvzr
X/8y92USERERERFZFQOO/8OQg5orIyMDGRkZzX5eZGSkQcABAGvXrsWBAweMTtWan5+PuXPnYsmS
JRg6dCiKiopw6dKlRo8ze/ZsTJ061eT6devW4ciRIyarMYqLi/GPf/zD6Lrhw4cjPT3d7GlliYiI
iIiI2toT30WlPnO6q+wtuGjlVtGTolevXk2Ot1FaWooff/yxyXCjf//++PjjjyGTyUxuExISgpiY
mGa3087ODp988gnc3Nya/VwiIiIiIqK2woCjgaZCjgU3dzLkoDbzm9/8Bjv/P3t3HuVldeeJ/11F
FRT7vgkiuIALKoprEPdojHFpddySmMWe7uk+sad7kpk+PeklaZPJdH6TnjOddNKnOzHGtImJSbQ1
auISF0Rc2ERAFtkRZN+Lpaj6/v5AKyAFVEEtPPB6nVPnfKnn3s+9z/Pl+0e9v89z749+dEg1Ro0a
lV//+tfp16/fAdvedddduf/++1NVVdXo+vfff3/OOeecQ5kiAABAsxNwNGB/IUcSIQct6q677sqE
CRMyatSoJvf90z/90zz33HMZNmxYo/t85jOfyaRJk/KZz3xmv+3Gjh2bcePG5c4772zyvAAAAFqa
NTj2YX9rciS7Qo4kuan3Wa02J44eF1xwQV599dU88sgjeeCBB/LUU0/ts23fvn1zxx135LOf/WzO
Ouvg/j+eeuqpuf/++/ONb3wjr732WubOnZsNGzakY8eO6d+/f84555ycfvrpadeu3cGeEgAAQIsq
K5VKpbaexOHsfy99ap8hR5J8/6TPCDlocatXr87cuXPz3nvvZfPmzamoqEi3bt0ydOjQnHjiienQ
oUOrzqdUKqVnz57ZsGHDXsfuvPPOPPjgg606HwAAAHdwHMCB7uTYXNvwDhTQnPr06ZM+ffq09TTq
rVq1qsFwI8lhNU8AAODoIeBohH2FHN8cenPu6ndhW0wJDsnmzZvzzjvv5N13382SJUuyaNGi+m1v
H3vssRx77LH77f/EE0/s89ipp57a3NMFAAA4II+oNMHuj6v8/XE35AsDL2vjGcHBmTVrVk455ZQG
j1100UX50Y9+lOOPP77B488++2xuv/32rFmzpsHjM2bMEHIAAACtTsDRRP976VOpKGuXLw26qq2n
Aofk2muvzZNPPtngsaqqqnz+85/PmDFj0rdv35RKpSxZsiRPPPFEHnnkkX3WvP322/PTn/60paYM
AACwTwIOOErNmTMn55133j7X0miqwYMHZ9y4cRk6dGiz1AMAAGiK8raeANA2hg8fnocffjg9e/Y8
5FpDhgzJf/zHfwg3AACANiPggKPYRz/60bz00ku5+OKLD7rG7bffnnHjxuXss89uxpkBAAA0jUdU
gNTV1eW3v/1tHnjggTzxxBPZtGnTftv3798/t99+e+64446cf/75rTRLAACAfRNwAHvYunVrpk+f
nuXLl2f9+vXZsGFDysrK0qlTpwwcODDDhg3LiSeemIoKu0wDAACHDwEHAAAAUHjW4AAAAAAKT8AB
AAAAFJ6AAwAAACg8AQcAAABQeAIOAAAAoPAEHAAAAEDhCTgAAACAwhNwAAAAAIUn4AAAAAAKT8AB
AAAAFJ6AAwAAACg8AQcAAABQeAIOAAAAoPAEHAAAAEDhCTgAAACAwhNwAAAAAIUn4AAAAAAKT8AB
AAAAFJ6AAwAAACg8AQcAAABQeAIOAAAAoPAEHAAAAEDhCTgAAACAwhNwAAAAAIUn4AAAAAAKT8AB
AAAAFJ6AAwAAACg8AQcAAABQeAIOAAAAoPAEHAAAAEDhCTgAAACAwhNwAAAAAIUn4AAAAAAKT8AB
AAAAFJ6AAwAAACg8AQcAAABQeAIOAAAAoPAEHAAAAEDhCTgAAACAwhNwAAAAAIUn4AAAAAAKT8AB
AAAAFJ6AAwAAACg8AQcAAABQeAIOAAAAoPAEHAAAAEDhCTgAAACAwhNwAAAAAIUn4AAAAAAKT8AB
AAAAFJ6AAwAAACg8AQcAAABQeAIOAAAAoPAEHAAAAEDhCTgAAACAwhNwAAAAAIUn4AAAAAAKT8AB
AAAAFJ6AAwAAACg8AQcAAABQeAIOAAAAoPAEHAAAAEDhCTgAAACAwhNwAAAAAIUn4AAAAAAKT8AB
AAAAFJ6AAwAAACg8AQcAAABQeAIOAAAAoPAEHAAAAEDhCTgAAACAwhNwAAAAAIUn4AAAAAAKT8AB
AAAAFJ6AAwAAACg8AQcAAABQeAIOAAAAoPAEHAAAAEDhCTgAAACAwhNwAAAAAIUn4AAAAAAKT8AB
AAAAFJ6AAwAAACg8AQcAAABQeAIOAAAAoPAEHAAAAEDhCTgAAACAwhNwAAAAAIUn4AAAAAAKT8AB
AAAAFJ6AAwAAACg8AQcAAABQeAIOAAAAoPAEHAAAAEDhCTgAAACAwhNwAAAAAIUn4AAAAAAKT8AB
AAAAFJ6AAwAAACg8AQcAAABQeAIOAAAAoPAEHAAAAEDhCTgAAACAwhNwAAAAAIUn4AAAAAAKT8AB
AAAAFJ6AAwAAACg8AQcAAABQeAIOAAAAoPAEHAAAAEDhCTgAAACAwhNwAAAAAIUn4AAAAAAKT8AB
AAAAFJ6AAwAAACg8AQcAAABQeAIOAAAAoPAEHAAAAEDhCTgAAACAwhNwAAAAAIUn4AAAAAAKT8AB
AAAAFJ6AAwAAACg8AQcAAABQeAIOAAAAoPAEHAAAAEDhCTgAAACAwhNwAAAAAIUn4AAAAAAKT8AB
AAAAFJ6AAwAAACg8AQcAAABQeAIOAAAAoPAEHAAAAEDhCTgAAACAwhNwAAAAAIUn4AAAAAAKT8AB
AAAAFF5FW0/gaPHok09n7oKFOf/sUbn4wvOavf7K1WvyxtRpWbpseaqrt2ZnbW3+6NN3pHu3rs0+
Fm2vtrYuM+fMzTsLFmbl6jWprt6aJKmqqkqfXj1z3LGDcvopI9Kxqmqvvt/+/o+ybfv2fdbu0L59
enTvlmFDjs3ZZ5yWzp06NbnG7o47dlBuvf7aRp4ZAADAwRFwHAHmL1qcR598OrV1damoqEj3bl3T
oUOH1Ozc2dZTowUse29FHn/6uWzctDnJ7wOJ8vJ2qd5anYVLlmbhkqV55Y1JueDss3LBOWc1WKd3
r57p0L79Hr8rlUqprt6aFatWZ8Wq1Zk6fWau/9iVOW7woAZr9OnVM+0/VKOhNgAAAC1NwHEEeObF
l1NbV5eTTzwhV102dq8/WjlyzH5nfp545nepravLcYMH5SPnjs6ggf1TVlZW32bDxk156+3ZmfzW
9Ix77Y1079Y1pww/ca9al425MMOGDG5wnA2bNuV34ybknQUL8+iTT+cPP3Vbg3dyXHnJRTn2mIHN
d4IAAAAHyRocBbdqzdr6b/KvulS4cSRbv2FjfvO7F1NbV5fRZ56eW2+4NoOPGbBHuJEk3bt1zUXn
n5O777g1I08enuEnHN/ksbp37Zobr/lo+vTqlR01NZk6/e3mOg0AAIAWIeAouM1bqpMknTt1TIcO
wo0j2bMvjc+OmpoMGjggl1904QHbd+7cKddccWnatTu4j3lZWVmGnzA0SbJ85cqDqgEAANBaPKJy
GPj//vlfkyR/+MnbkrKyvDZpShYuWZrq6q1p3759jhnQPx859+wM6Ne3vs/9D/0iq9asrf/3luqt
9XWSZNTIU/PRSy6q//eOmpq8OePtzJo7L+s3bMzO2tp07dI5w44dnLPPGJmePbrvMadFS9/Nz//j
iXTv1jV/9Ok7smjpu5ny1owsX7Eq1Vu35ot/8of1bbp07pQ/+eynMnP23Ex+a0ZWr12b8vLy9O3d
K+efPSrHHzckSbLk3WV5fcq0vLdyZbbvqEm3Ll1y6oiTcsHoUSkv3/uP8J21tZk2c1Zmzp6bdes3
ZGdtbbp16ZwThw3N+WePSlVVhyZd51KplDdnvJ2Zs+dm9dp1qdm5Mx2rOmRAv3457eSTMqKBOx2a
Ood3FizMI08+XX/dGvLa5Kl5acLrGTbk2Nxy3TWNmvumzVuyYPGSJMlHzj27Sed9KD5YpHTHjppW
GxMAAOBgCDgOI8tWrMizL47Pztra9OrRPe0rK7N+46bMW7goC5cszX+6/uP16x3069M7lZWV2b59
e9asW5925eXpv1sAsvvuKevWb8ivnvhN1q7fkLKysvTq0T3t2lVk3Yb1mfzWjEx7e3Y+dtnFDa7T
kCSvTpySca+9kSQpLy9P504ds23bnjtojHv1jbw6aUq6dO6cnt27Z92GjVm67L28u/y3uf7qK7Nt
+/Y8/cK4VFS0S8/uPVJeXp11GzZk/OsTs37Dhnz8ysv2qLdx0+Y88uRvs3L1mpSVlaVbly7pUlmR
9Rs35fUpb2b2O/Nz242faPQuMaVSKb/89VNZsHjpruvTtWt6dO+WLdVbM2/hosxbuGivwKG553Ao
Fi7ZNe/2lZX7XPCzJWzYuCnJrjuEAAAADmcCjsPIsy+OzwlDj8vlYz+STh13fXO+pbo6jz75dJat
WJkXX3ktn7rlxiSpDwTmL1qcX/76N+nYsSqfvPmGvWrurK3NI089nbXrN2TosYNzzRWXpEvnzkmS
2travDJxcl6dOCVPPvdCevXskf59++zRf0v11rz8+sScfNIJOXfUGenft89eaz5s3botk6ZNzw0f
+2iGnzAsSVJTszOPP/1c5i1clOfGjc+27Tty5mmn5NIxF6SyYtd/u8nTpue5ca9kxuy5Of/sUen9
/m4bdXV1+Y/fPJOVq9dk+PHDcsXFY9Kl864FLmt27szLr03MxKnT8sSzz+fOm65v1LWdOWduFixe
mk4dq3LzJ67Z426Y1WvX5pU3JqdUKtX/riXmcCjWrF2XJOnbu9de17+lVG/dlplz3kmSDD224cVI
AQAADhcCjsNI3z6984mrLt/jd507dcplF30kD/7y0SxfsTLbtm1v0qMZ02a8nTVr16VH92656dqr
065du/pj7dq1y9jzz82WLdV56+3ZeeGVV3PbDZ/Yo//OnTtzykkn7jWv3dXW1eWCc86qDzeSpLKy
IpeNuSDzFi7K5i3V6du7V668eMwef5yffcbITJk+M2vXrc/CJe/WBxzTZ83JeytXZUC/vrnu6iv2
eHylsmJX3TXr1mXBoiV5d/l7GTRwwAGvw3srViVJhp9w/B7hRpL06dUr1199ZWpqfr+tbkvM4VBs
277rjpmq9x8ZaSkfbBO7aOm7Gf/GpFRv3Zo+vXpm5MkjGmz/0COPH7DmXbfetFdwBgAA0NwEHIeR
s04/tcHfD+i3666JUqmUjZs2NSngmPXO/CTJGaeevEe4sbtzRp2Rt96enSXvLs+W6q17PY4w5rzR
BxznzFNP2et3PXt0T7t27VJbW5uRp4xo8M6DPr16Zu269dm0ZXP972bOnpskGXnKiAbX5kiSEccP
y4JFS7Jo6buNChe6dd31GMnKVatTV1fXYN3Kyt9/HFpiDs2jdOAmjfSLx588YJtBA/rn+o9duc+F
Svv06pn2B9i5p31l5UHNDwAAoCkEHIeRXj16NPj78vLyVFZWZseOHamprW1SzbXr1idJBvbvt882
fXr1TGVlZWpqarJ2/fo9Ao6Kioq9FiD9sIqKinR+//GND+vQvn2qt25Nz+7dGjxe1WFXWFO78/fn
teb9OU99a0Z90PBh23fsSJJs2LS5weMfdsapJ2fStLeybMXK/PChX2TECcfn2EEDc8yA/vWPzOyu
JeZwKD4ItT689smh6N2r517bCpclad++fXr26J4Thg454KMpV15yUf26MAAAAG1JwHEY2dedAnso
Ne0b/PpHGw7wLXuH9rsCjuqtW/f4fcU+7vpocpsGQoTd7X5WW7dtS5Ksfn/dif2pqWnc7h4dOrTP
XbfenJdefT1z5s3PhImTM2Fi0q68PMcOOiZnjjwlw4///SM2LTGHQ9GnV68kyao1a1MqlZplHY7L
xlyYYUOsrQEAABwZBBxHuKoOHbJ127b6uw32Zfv724B26tj2u2VUVlRkR01NPv2f/mCv9TIORaeO
VfnYZRfnqksuynsrV+Xd91ZkybvLsnDx0ixcsjTnnHl6LrvowhadQ7JrAdOm+mDnlB01NVm09F2L
fgIAAHxII24ZoMh69dz12Mvylav22Wbt+vWpqal5fwvZhh+TaU193l9sdNmKlS1Sv7y8PMcM6J9z
R52Rm679WD51y41p165dJr75VjZs2nRIc2jXbldmuH37vgOldes3NHnOXbt0zrDjjk2STJg4pcn9
AQAAjnQCjiPciBOOT5JMmzErtbUN3zkw+c3pSZJjjxm41wKjbeGk93djmfLWjOzcz5ojNTt37vPY
h+3vDpZ+ffuk6/triHwQPhzsHLp365Jk16NBGxtYm2PzlurMmb+w0fPe3ZVjx6R9ZWWWLlueF155
9YDtt2/fkZcmvL7H9rcAAABHKgHHEe7MkaekV88eWbdhQx596uls2VJdf6y2ti6vTpySKdNnpry8
PJd85Pw2nOnvnTXytPTs0T1r163PLx9/KmvXr9/j+NZt2/LqpKn5tx//NFuqq/dRZU9PPfdCHn7s
ySx5d9lef/DPmD036zduSllZWf2dGwc7h149eqTH+wuqPvvS+OzYLVhZvXbtrp1LDjJw6NG9W66+
7OKUl5fnjSnT8vBjT2bp8vf2Op/NW6rz2uSp+cFPfpbXJk/N7Pd30gEAADiSWYPjCFfRrl3+4ONX
5VdP/DbzFy3O9370YHr17JGKdu2ydv2G1NTUpKKiIldfdnGzrzVxsCorK3LzJ67Jr379VBa/uyw/
ePDn6d61azp2rMr27TuyfuPGlEqldOncKdVbt6Vzp4Z3cNldXV1dFi7ZtdZG+8rKdO/WNeXl5dm0
eUv9wqpjzhudLp07H/IcLhtzYR596unMW7go3/3hv6dH927ZubM26zZsSPeuXXPuWWfmlTcmHdS1
OfmkE9K1S+c8/vRz9efToUP7dOvSJeXl5aneujWbNm9JkrRr1y7nnnVGhp8w7ABVAQAAik/AcRTo
1aNH7rr1prw5/e3Memde1m/YmJ21tenauXOGDhmc0WeMPOBWsK2tZ/duueu2mzNtxqzMmT8/q9es
y6YtW9KhfWUGDxyQE48fmjNOPTntKysbVe+maz+WBYuXZMasuVm+YkXWbdiYurq6dKyqyonDjsuo
kafttaPIwc7hxGHH5bYbrs2rk6Zm+cqVWbtufbp06ZzRZ56ej5x7dmbOeeeQrs2ggQPyh5+6PTNn
z807CxZm1eq1Wfv+ozVVHTpkyKBjMmTwMTnjlJP3uX0vAADAkaas5AF9AAAAoOCswQEAAAAUnoAD
AAAAKDwBBwAAAFB4Ag4AAACg8AQcAAAAQOEJOAAAAIDCE3AAAAAAhSfgAAAAAApPwAEAAAAUnoAD
AAAAKDwBBwAAAFB4Ag4AAACg8AQcAAAAQOEJOAAAAIDCE3AAAAAAhSfgAAAAAApPwAEAAAAUnoAD
AAAAKDwBBwAAAFB4Ag4AAACg8AQcAAAAQOEJOAAAAIDCE3AAAAAAhSfgAAAAAApPwAEAAAAUnoAD
AAAAKDwBBwAAAFB4Ag4AAACg8AQcAAAAQOEJOAAAAIDCE3AAAAAAhSfgAAAAAApPwAEAAAAUnoAD
AAAAKDwBBwAAAFB4Ag4AAACg8AQcAAAAQOFVtPUEjiY/+9nPcvvttx9U3xtvvDGPPPLIIY3/xhtv
ZMyYMampqcl9992Xz33uc03qv3nz5jz55JN59tln8/rrr2fx4sXp1atXjjvuuJxzzjm55JJLMnbs
2HTt2vWQ5tnS49bV1WXSpEmZMGFCXn755SxYsCALFixIVVVVhg4dmvPOOy/XXHNNLr300lRWVjZ6
ni1Vt7Fa6v1p6fd9y5Yt+da3vpW/+7u/S5LMmDEjp5566kHVOhTbt2/Ps88+myeeeCJTp07NO++8
k+7du+eEE07I5ZdfnmuvvTannXZas455qJ9JAABgNyVazUMPPVRKclA/N9544yGNvX79+tKZZ55Z
X+++++5rUv/HH3+8dOKJJx5wnkOGDCl9+9vfLm3atOmQ5tsS49bW1pYeffTR0kUXXdSoa37ppZeW
3n777QPOsaXqNkVLvT8t/b6/8sorpdGjR+9Ra8aMGQdzCQ7Jm2++WRo7duwBz/N//s//Wdq8eXOz
jHmon0kAAGBPZaVSqXQQuQgHYfc7OO65555cfvnlje7bq1evXHzxxQc99j333JPvfOc79f9uyrfF
3/72t/Nnf/Zn9f8+//zzc/PNN2fw4MGpqanJe++9l9/+9rf53e9+V9/moosuyn333ZeTTjrpoOfc
nOOuWbMmf/7nf55///d/r//dsGHDcuONN2b48OHp3bt3duzYkdmzZ+cnP/lJ5s2blyQZPHhwnn/+
+Zx44okNzrGl6rbVdWqNukmycePG/MM//EP+1//6X3sda+07OKZNm5Yrr7wyq1atSpKce+65ufXW
WzN48OBs27Yt06dPzwMPPFB//I477sgPf/jDdOjQ4ZDGPZTPJAAA0IC2TliOJrvfwdGa39b+6le/
2uub6MaO/8gjj9T36d27d+nnP/95qa6ursG2c+bMKf3Zn/1Zfft//dd/Peg5N/e4jz/+eP3x66+/
vvTcc8+VamtrG6y3adOm0h//8R/Xt7/11lv3Oc+WqttYLfX+tOT7/vzzz5dGjhy5x//Hrl27tskd
HBs3biyNGDGifux//ud/bvD9W7FiRemmm26qb/e1r33tkMY9lM8kAADQMAFHK2qLgGPx4sWlgQMH
lpKUKisrmzT+qlWrSoMHD67v+8ILLzRqzFdeeaX0iU98olRdXX1Qc26JcWtra0u33HJL6Re/+MU+
/1Df3ZYtW/Z4NGPZsmUNtmupuo3RUu9PS77vzzzzzB5/1J9zzjml559/vvT5zytFmOQAACAASURB
VH++TQKOb33rW/Xjfv3rX99v2/Xr19c/TtOpU6fSggULDmrMQ/lMAgAA+2YXlSPYzp0784UvfCHL
ly/PwIED87Wvfa1J/e+///4sXbo0SfLVr341l1xySaP6XXjhhXnsscfSsWPHJs+5pcYtLy/Pz3/+
89x8880pKys7YK1OnTrl+uuvr//3kiVLGmzXUnUbo6Xen5Z83y+55JJcdtll6dq1a/7f//t/GTdu
XC699NJG1W9u27dvzz/+4z8mSQYOHJh77rlnv+27d++ev/qrv0qSVFdX56c//WmTxzzUzyQAALBv
dlE5gn33u9/NY489liT53ve+l507dza6b01NTb773e8mSXr27Jk//uM/btLYjfljv7XHbeqcOnfu
XP+6tJ+lalqq7v601HVq6fe9srIy3/ve99KhQ4cMHTq0SbWb24QJE/Luu+8mSe6+++5G7QLz8Y9/
PN27d8+GDRvyk5/8JH/5l3+Z8vLG58SH8pkEAAD2zx0cR6gpU6bkS1/6UpLkv/7X/5obbrihSf0n
TZqUBQsWJEluvfXW9OrVq9nneDiN25BZs2bVvx4yZMhhVbelrlNrXP8RI0a0ebiR7Ao4PjBmzJhG
9enYsWM+/vGPJ0mmT5+e+fPnN3q8Q/1MAgAA+yfgOAJt2rQp//k//+fU1NTkrLPOyt///d83ucbk
yZPrX3/0ox9tzukdluN+2PTp0/Poo48mSW688cYMHDjwsKrbUtfpcLn+rWH69On1r0eMGNHofmee
eWb96w/CoANpjs8kAACwfx5RaWMTJkzIY489lhdeeCHz5s1L9+7dM3z48FxwwQW5+eabD2q7zK98
5SuZNGlSKisr8/3vfz/dunVrco1p06bVv959y8+JEyfml7/8ZV544YXMnj07ffv2zfDhwzN27Njc
dNNNh7ztaVuNu7vXXnstn/nMZ1JTU5PevXvn3nvvPezqttR1Ohyuf2uZNGlS/esBAwY0ut/gwYPr
X8+bN69RQVBzfCYBAIADaOtVTo8mu++i8vWvf710xx137LVV5Id//tt/+2+lLVu2NHqMX//61/V9
/+mf/mmPY7/4xS8avWPDFVdcUd927dq1pW3btpX+/M///IDz/cpXvlLatm3bQV2f1h533LhxpUce
eaT0q1/9qvSTn/yk9A//8A+lq666qr7m4MGDSxMmTGjyObRU3d211HVqq/e9tXdRqaurK1VVVZWS
lPr379+kvk899VT9XL/xjW8csH1zfSYBAID9cwdHG/nyl7+cJOnfv38+9alPZcSIEenRo0fWrl2b
F154IQ899FCS5B//8R8zc+bMPProo+nQocN+ay5btiz/5b/8lyTJDTfckD/5kz856PntvrtHZWVl
7rzzzvzqV79KVVVV7rrrrpx33nnp3r171q5dmxdffDE/+clPkuz6pnrmzJl58MEHU1HR9P9erTnu
d7/73X3uhHHrrbfmX/7lX9KzZ88mn0NL1d1dS12ntnrfW9u2bduybdu2JEmPHj2a1Leqqqr+9ebN
m/fbtjk/kwAAwAG0dcJyNNn9Do7KysrSN7/5zVJ1dXWDbSdNmlQ69dRT69vfe++9+629c+fO0i23
3FJKUho4cGBp8eLFe7VpyrfFffv2LSUpderUqfS9732vlKR09dVXlxYsWNCo+f7f//t/91v/cBj3
QHfQXHrppaXXX3+9yefQUnV311LXqa3e99a+g2P9+vX1440aNapJfV9++eU97rDal+b+TAIAAPsn
4GhFHwQclZWVpSeffPKA7WfNmlXq3r17/R+cq1ev3mfbD/4YTVJ67LHHGmzTlD+m+vfvX0pSqqqq
KvXu3bt0/vnnl9avX9/o+Xbt2rX03nvvHfAcD5dxa2pqSuvWrStNnDixdO+995a6du1aP4+nnnqq
yfVaum5LXae2uv6tHXBUV1fXjzd8+PAm9f3d735X3/fLX/7yPts192cSAADYP7uotKKxY8fm+eef
zxtvvJFrrrnmgO1HjBiRL37xi0mS6urq/Pa3v22w3VtvvVXf7i/+4i9y3XXXHfJcP1h0cdu2bVmz
Zk3uvffedO/evdHz3bRpU5599tnCjFtRUZEePXpk9OjR+eu//uu88sorGTRoULZt25bPfvazWbFi
RZNrtmTdlrpObXX9D9aiRYvy6KOPHvBn4sSJe/SrqqpKZWVlkmTdunVNGvODR1uSpGvXrg22aYnP
JAAAsH8CjlZ0zDHH5NJLL91jm8kDueqqq+pfz5w5c6/jW7ZsyR/90R+luro6o0ePzle/+tVmmWuf
Pn3qX/fs2TMXX3xxo/rtPt/dtxw93Mf9sJEjR9Zv5blixYo8/PDDh1yzOeu21HU6XK5/Y02ZMiV/
8Ad/cMCfD6+JUlZWlmHDhiVJVq1alerq6kaPuXr16vrXDa2l0lKfSQAAYP8EHIe5QYMG1b/efQHI
D3z961/Pq6++mqqqqvzbv/3bPr9Rbqrdt6c97bTTDrjA6Qd230Jz+fLlhRm3Ibtv/zlu3Lhmqdlc
dVvqOh1O17+ljR49uv51U+a8++fwg5Bkdy31mQQAAPZPwHGYK5VK9a937ty5x7Fly5blG9/4RpJd
t82fffbZKSsr2+fPLbfcUt/385///B7HJkyYsEft3e8y2X0OB1JXV1f/uqysrNH92nrchvTr16/+
9aJFi5qlZnPVbanrdDhd/8a48cYbU9q1ltB+f771rW/t1XfkyJH1r2fPnt3oMSdNmlT/+vjjj9/j
WEt+JgEAgP0TcBzmdv9mefdvyZOktra2xcY9//zz61/PnDkz27dvb1S/ZcuW1b8eMmRIYcZtyO5r
LXTu3LlZajZX3Za6TofT9W9pH/nIR+pfjx8/vlF9Nm/enN/85jdJktNPP32vgKMlP5MAAMD+VbT1
BI4mNTU1qaura/Rt/0n2WLDx3HPP3eNYz54988gjjzS61oQJE/LNb34zSXLPPffk8ssvrz92wgkn
7NF25MiRueyyy/L8889n3bp1eemll/Z4tOJg5tsYLTnuqlWr0rdv30bPZfdv9U888cR9tmupuvvT
Uteprd73tnDhhRdm4MCBWb58eX7wgx/kL//yL9OtW7f99nn88cfr1+v45Cc/udfdKi35mQQAAA6g
LbZuOVo9/PDDpSuuuKI0Z86cRrWfO3duqXfv3qUkpf79+5fWrVt3SOM3dUvKxx9/vL79hRdeWNqw
YcMB59uzZ89SktKgQYMOuL1oa447YcKE0tChQ0vPPPNMo+ZQV1dXuvvuu+vn8bOf/azBdi1VtzFa
6v1pi/e9tbeJ/cD/+T//p37ce++9d79t16xZUxo5cmT9ts0LFy485PFtEwsAAM1HwNFKduzYURo9
enT9H0d//dd/XVq8ePE+20+ePLl05pln1v/x8+CDDx7yHJr6x1RdXV3prrvuqu9zzTXXlBYtWtRg
22nTpu0x34ceeqjBdrv/ITts2LBWG/f222+vb/PpT3+6NGXKlFJdXV2Dbbdu3Vr6u7/7u/r2Z555
Zqm6urpV67bVdWrJuvvTVgHHxo0bS8OHD68f+zvf+U6ptrZ2r3bLli0rXXfddfXtvvGNbzTL+AIO
AABoPh5RaSUVFRX50pe+lD/90z/NunXr8rWvfS1f+9rXctVVV+WKK67IgAED0rFjx6xcuTIvvvji
HtuH/tVf/VXuvPPOVp9zWVlZ/umf/ilr167Nr3/96zz11FM55ZRT8ulPfzrnnXdeunfvnnXr1mXc
uHF54IEH6vv99//+33PbbbcdVuPec889mTx5cubMmZMf//jH+fGPf5xRo0bluuuuy5AhQ9KzZ89s
2bIls2fPzk9/+tMsWLAgSdK3b9/86Ec/SseOHVu1bltdp5asmyRLly7NM888s9fv586dW//60Ucf
zWuvvbbH8X79+uXaa6894DVpqq5du+bhhx/OlVdemVWrVuULX/hCfvSjH+W2227LoEGDsm3btrz1
1lv54Q9/mHXr1iVJ7rzzzvzFX/xFs88FAAA4RG2dsBxtFixYUPof/+N/lDp16lT/ze2+fvr27Vt6
6KGH9nlHQFMd7LfFmzZtKv3t3/5tqbKycr/z7dSpU+m+++7b73wbc2dCS4xbKpVKq1evLn3zm98s
DRw48IDXPknpiiuuKL399tsHvD4tUbctr1NL1h03blyjrtGHf2688cZGzflgvfnmm6WxY8cecB5f
/vKXS5s3b262cd3BAQAAzaesVGrCXpA0mxUrVuTll1/OSy+9lGnTpmXRokVZvXp1Bg8enNGjR+eK
K67Iddddl969ezfbmL/85S/rt6W877778rnPfa5J/efPn5/f/OY3ee655zJv3rwsXLgwXbt2zdln
n50rr7wyN998c4455pj91rj77rtz3333JUmGDRuW+fPnt8q4u9u4cWNeeeWVjB8/PhMnTszixYuz
ZMmS9O7dO8cff3wuvPDCXH311RkzZkzKyxu/0VBz1j0crlNL1H355ZczduzYJs/hxhtvbNLinQdj
+/bteeaZZ/LEE09k6tSpmTdvXrp165YTTjghl19+eT7xiU/ktNNOa9YxD/UzCQAA/J6AAwAAACi8
xn89DQAAAHCYEnAAAAAAhSfgAAAAAApPwAEAAAAUnoADAAAAKDwBBwAAAFB4Ag4AAACg8AQcAAAA
QOEJOAAAAIDCE3AAAAAAhSfgAAAAAApPwAEAAAAUnoADAAAAKDwBBwAAAFB4FW09gSPd3/zN3xxU
v1KplLKyska/bg6H0zjOrfhjttY4zq15x2ytcZxb847Z3A6ncyvq9XRuzq05x2xuh9O5FfV6Ojfn
drDuvffeFquNgKPFbd++va2nAAAAAEc8AUcL6927d1tPAQAAAI54ZaVSqdTWkwAAAAA4FBYZBQAA
AApPwAEAAAAUnoADAAAAKDwBBwAAAFB4Ag4AAACg8AQcAAAAQOEJOAAAAIDCE3AAAAAAhSfgAAAA
AApPwAEAAAAUnoADAAAAKDwBBwAAAFB4Ag4AAACg8AQcAAAAQOEJOAAAAIDCE3AAAAAAhSfgAAAA
AApPwAEAAAAUnoADAAAAKDwBBwAAAFB4Ag4AAACg8AQcAAAAQOEJOAAAAIDCE3AAAAAAhSfgAAAA
AApPwAEAAAAUnoADAAAAKDwBBwAAAFB4Ag4AAACg8AQcAAAAQOEJOAAAAIDCE3AAAAAAhSfgAAAA
AApPwAEAAAAUnoADAAAAKDwBBwAAAFB4Ag4AAACg8AQcAAAAQOEJOAAAAIDCE3AAAAAAhSfgAAAA
AApPwAEAAAAUnoADAAAAKDwBBwAAAFB4Ag4AAACg8AQcAAAAQOEJOAAAAIDCE3AAAAAAhSfgAAAA
AApPwAEAAAAUnoADAAAAKDwBBwAAAFB4Ag4AAACg8AQcAAAAQOEJOAAAAIDCE3AAAAAAhSfgAAAA
AApPwAEAAAAUnoADAAAAKDwBBwAAAFB4Ag4AAACg8AQcAAAAQOEJOAAAAIDCE3AAAAAAhSfgAAAA
AApPwAEAAAAUnoADAAAAKDwBBwAAAFB4Ag4AAACg8AQcAAAAQOEJOAAAAIDCE3AAAAAAhSfgAAAA
AApPwAEAAAAUnoADAAAAKDwBBwAAAFB4Ag4AAACg8AQcAAAAQOEJOAAAAIDCE3AAAAAAhSfgAAAA
AApPwAEAAAAUnoADAAAAKDwBBwAAAFB4Ag4AAACg8AQcAAAAQOEJOAAAAIDCE3AAAAAAhSfgAAAA
AApPwAEAAAAUnoADAAAAKDwBBwAAAFB4Ag4AAACg8AQcAAAAQOEJOAAAAIDCE3AAAAAAhVfR1hM4
2qxcvSbTZ83JkneXZdPmzdm+oyYd2lema5cuGTxwQEaceEIGHzOgraeZJPn//vlfkySfvf2W9O3d
q41nAwAAAPsm4GglpVIpz700PlNnvJ1SqZTy8vJ06dQp3bp2zfYdO7Jm7bqsXL0mk9+akUED+uea
Ky5Nzx7d23raAAAAUAgCjlby/PgJmTJ9Zjp0aJ8x547O6aeenPaVlfXHa2p2ZsGSJZk4ZVrefW9F
Hn/6udx1601tOGMAAAAoDgFHK9i8pTpT35qZJLnp41dn8DED92pTWVmR4ccPy/Djh2XazFmpqurQ
2tMEAACAwhJwtILlK1amtq4u3bt1bTDc+LAzTj25FWYFAAAARw4BRyuora1ttlpz5y/MmzPezqo1
a7J167Z07NgxQwYfkwtGn5XePXvs1f6DhUL/8JO3JWVleW3SlCxcsjTV1VvTvn37HDOgfz5y7tkZ
0K/vfsddv2FjXp08NQsXL2l031Vr1tYvqLp+w8bU7NyZTh2rMnjgwFxwzlkWLgUAAKDZCDhaQf++
fVJWVpYNGzdl1tx5OfmkE5pco7a2Nk8992LenvtOkqRzp47p3atnNmzalJmz52bOvAW54WNX5vjj
hjTYf9mKFXn2xfHZWVubXj26p31lZdZv3JR5Cxdl4ZKl+U/XfzzH7uPukuUrVub5lyc0qe/TL4zL
mzPeTpJUVFSkR7euKS8v33UN3pmXdxYuym03fCLHDOjX5GsBAAAAH1ZWKpVKbT2Jo8GzL76cKdN3
rcMx/IRhOf2UETlu8KC0a9euUf2fe2l8Jr81I31798rHLr9kj7smps+ak2defDkV7drl7k/elk4d
q+qPfXAHR/vKypww9LhcPvYj9ce3VFfn0SefzrIVKzOwf7986pYb9xjzg76VFRU5cdjQJvWdOHVa
lq1YmTNPPSVDBh+TsrKyJLuCmmdfGp9pM2dl0ID+ufPmGxp7CQEAAGCf3MHRSq685KJ07twpr01+
M3PmLciceQtS0a5d+vftk0EDB+S4Ywfl2GOOSbt25Xv1Xbd+Qya/NSPt27fPTdd+LN26dtnj+MiT
h2dLdXVemvB63pwxMxeec/ZeNfr26Z1PXHX5Hr/r3KlTLrvoI3nwl49m+YqV2bZte4OLm/br26fJ
fc8ZdUaD16Fdu3a5dMwFmTZzVt59b0W2b9+RDh3a7/vCAQAAQCMIOFrRheecnbNGnpY58xdk3sLF
eXf58rz73oq8+96KvD7lzVRWVuaUk07I+aNHpUe3bvX9Zs6ZmyQZNmTwXuHGB0aceHxemvB6Fi9d
1mDAcdbppzbYb0C/XY/PlEqlbNy0qcGA41D6NqRD+/bpWNUhW7dtz8bNm9O3g7U4AAAAODQCjlZW
VdUhZ5x6cv1OKavXrsvSZcuzcPHSLFi8JNNmzsqsd+bnDz5+VYYMOiZJsmbt+iTJsvdW5MFf/sd+
62/ctKnB3/fqsfcCpElSXl6eysrK7NixIzX7WAz1YPvW1OzM/MWL896KVdm4eXO2bduenbU7U6or
ZfuOmiTJzp0793s+AAAA0BgCjjbWp1fP9OnVM6NGnpot1Vvz62eey+Kly/Lks8/njz59R8rLy7Nl
69YkyabNW7Jp85b91qvZR2BQXr73oy972cdyLAfTd+acd/LMC+Oyo6bmwH0BAADgEAk4DiOdO3XM
9Vdfme/84IFs2rwla9dvSJ9ePdO+sjJJcsmF5+e8s89s41ke2PoNG/Ob515IbV1dhh13bM449eT0
7d07nTtWpaKiIuXl5fnn+x5I9dZtbT1VAAAAjhACjsNMVYcOKS8vT11dXerq6pLsustj/qLFeW/l
qjaeXeMsWbY8tXV16dqlc26+9mP1O6h8oLa2Ntu272ij2QEAAHAkasSzBxyqzVuq8+Irr6V2H2tc
7G72O/NTV1eX9u3bp1fPXWtfnHzSCUmSdxYuytr16/fZd2cj6reGD86zrKxsr3AjSWbMnlsf3gAA
AEBzEHC0gtenTM3rU97MDx78eSZOnZaNmzbv1WZHTU0mT5ue3/zuxSTJ+WePSkW7dkmS/n375JTh
J6a2tjYPP/ZkFi15d4++O2trM3POO/nhTx/O3PkLW/x8DmTosYNTVlaWjZs2Z/zrE1PabX2OqdNn
5oXxr6bd++cGAAAAzcEjKq3govPOSU3NzkyfNSfPj381z49/NZ06dkynjh1TWVmR7du3Z/3GTamr
q0t5eXnOP3tULhg9ao8aV192cXbsqMm8hYvy88eeSKeOHdOta5fs3Lkz6zdszM7a2rRr1y41h8Gi
nj26d8tF55+bca++nlfemJwpb81M1y6ds37DxuyoqclHzh2dqdNnpvr9xVMBAADgUAk4WkH79u1z
9WUXZ8x552T6rNlZuvy9rFmzLhs2bUptbW2qOrRPvz69c+yggTnz1FPSs0f3vWpUVlTkpmuvztz5
CzN91uwsX7EqK1evSUW7dunVs2eGHjsoZ51+Wrp17dIGZ7i3C0aPSr8+vfLG1GlZsXJ11q3fkN69
eubsM0bmtBEnZer0mW09RQAAAI4gZaXSPvYGBQAAACgIa3AAAAAAhSfgAAAAAApPwAEAAAAUnoAD
AAAAKDwBBwAAAFB4Ag4AAACg8AQcAAAAQOEJOAAAAIDCE3AAAAAAhSfgAAAAAApPwAEAAAAUnoAD
AAAAKDwBBwAAAFB4Ag4AAACg8AQcAAAAQOEJOAAAAIDCE3AAAAAAhSfgAAAAAApPwAEAAAAUnoAD
AAAAKDwBBwAAAFB4Ag4AAACg8AQcAAAAQOEJOAAAAIDCE3AAAAAAhSfgAAAAAApPwAEAAAAUnoAD
AAAAKDwBBwAAAFB4Ag4AAACg8AQcAAAAQOEJOAAAAIDCE3AAAAAAhSfgAAAAAApPwAEAAAAUnoAD
AAAAKDwBBwAAAFB4Ag4AAACg8AQcAAAAQOEJOAAAAIDCE3AAAAAAhSfgAAAAAApPwAEAAAAUnoAD
AAAAKDwBBwAAAFB4Ag4AAACg8AQcbWTq1Kn54he/mAsvvDD9+vXLxRdfnK9+9at555131FLrkGsB
AAAcdUq0qpqamtK9995bStLgT1VVVen73/9+qa6uTi21mlwLAADgaCXgaGV/+7d/u88/ZHf/ue++
+9RSq8m1AAAAjlZlpVKpFFrFa6+9lgsuuKBRbauqqvL2229n6NChaqnVqFoAAABHM2twtKL777+/
0W23bduWBx98UC21Gl0LAADgaCbgaEVPPvlkk9q/8soraqnV6FoAAABHMwFHK9m6dWsWL17cpD4L
FixQS61G1QIAADjaCThaSceOHTN48OAm9dnXWgtqqQUAAMCeBByt6Morr2xS+zFjxqilVqNrAQAA
HM0EHK3oc5/7XKPbVlVV5c4771RLrUbXAgAAOJq1+8pXvvKVtp7E0eK4447Ltm3bMn78+AO2/Zd/
+ZdcfvnlaqnV6FoAAABHMwFHKxs7dmzKy8vz4osvNni8qqoq3/3ud3P33XenrKxMLbWaVAsAAOBo
VVYqlUptPYmj0eTJk/Pggw9m/PjxmT9/fkaMGJHLLrssn/70p3PSSSeppdYh1QIAADjaCDgAAACA
wrPIKAAAAFB4Ag4AAACg8AQcAAAAQOEJOAAAAIDCE3AAAAAAhSfgAAAAAApPwAEAAAAUnoADAAAA
KDwBBwAAAFB4Ag4AAACg8AQcAAAAQOEJOAAAAIDCE3AAAAAAhSfgAAAAAApPwAEAAAAUnoADAAAA
KDwBBwAAAFB4FW09gSPd3/zN3xxUv1KplLKyska/bg6H0zjOrfhjttY4zq15x2ytcZxb847Z3A6n
cyvq9XRuzq05x2xuh9O5FfV6OjfndrDuvffeFquNgKPFbd++va2nAAAAAEc8AUcL6927d1tPAQAA
AI54ZaVSqdTWkwAAAAA4FBYZBQAAAApPwAEAAAAUnoADAAAAKDwBBwAAAFB4Ag4AAACg8AQcAAAA
QOEJOAAAAIDCE3AAAAAAhSfgAAAAAApPwAEAAAAUnoADAAAAKDwBBwAAAFB4Ag4AAACg8AQcAAAA
QOEJOAAAAIDCE3AAAAAAhSfgAACA/5+9e8tNXFkAKMqR7pCY/wh6Trlf6ZMTkVBl/Npmra9WixQ2
hSVqY2MA8gQOAAAAIE/gAAAAAPIEDgAAACBP4AAAAADyBA4AAAAgT+AAAAAA8gQOAAAAIE/gAAAA
APIEDgAAACBP4AAAAADyBA4AAAAgT+AAAAAA8gQOAAAAIE/gAAAAAPIEDgAAACBP4AAAAADyBA4A
AAAgT+AAAAAA8gQOAAAAIE/gAAAAAPIEDgAAACBP4AAAAADyBA4AAAAgT+AAAAAA8gQOAAAAIE/g
AAAAAPIEDgAAACBP4AAAAADyBA4AAAAgT+AAAAAA8gQOAAAAIE/gAAAAAPIEDgAAACBP4AAAAADy
BA4AAAAgT+AAAAAA8gQOAAAAIE/gAAAAAPIEDgAAACBP4AAAAADyBA4AAAAgT+AAAAAA8gQOAAAA
IE/gAAAAAPIEDgAAACBP4AAAAADyBA4AAAAgT+AAAAAA8gQOAAAAIE/gAAAAAPIEDgAAACBP4AAA
AADyBA4AAAAgT+AAAAAA8gQOAAAAIE/gAAAAAPIEDgAAACBP4AAAAADyBA4AAAAgT+AAAAAA8gQO
AAAAIE/gAAAAAPIEDgAAACBP4AAAAADyBA4AAAAgT+AAAAAA8gQOAAAAIE/gAAAAAPIEDgAAACBP
4AAAAADyBA4AAAAgT+AAAAAA8gQOAAAAIE/gAAAAAPIEDgAAACBP4AAAAADyBA4AAAAgT+AAAAAA
8gQOAAAAIE/gAAAAAPIEDgAAACBP4AAAAADyBA4AAAAgT+AAAAAA8gQOAAAAIE/gAAAAAPIEDgAA
ACBP4AAAAADyBA4AAAAgT+AAAAAA8gQOAAAAIE/gAAAAAPIEDgAAACBP4AAAAADyBA4AAAAgT+AA
AAAA8gQOAAAAIE/gAAAAAPIEDgAAACBP4AAAAADyBA4AAAAgT+AAAAAA8gQOAAAAIE/gAAAAAPIE
DgAAACBP4AAAAADyBA4AAAAgT+AAAAAA8gQOAAAAIE/gAAAAAPIEDgAAACBP4AAAAADyBA4AAAAg
T+AAAAAA8gQOAAAAIE/gAAAAAPIEDgAAACBP4AAAAADyBA4AAAAgT+AAA2CIGgAAIABJREFUAAAA
8gQOAAAAIE/gAAAAAPIEDgAAACBP4AAAAADyBA4AAAAgT+AAAAAA8gQOAAAAIE/gAAAAAPIEDgAA
ACBP4AAAAADyBA4AAAAgT+AAAAAA8gQOAAAAIE/gAAAAAPIEDgAAACBP4AAAAADyBA4AAAAgT+AA
AAAA8gQOAAAAIE/gAAAAAPIEDgAAACBP4AAAAADyBA4AAAAgT+AAAAAA8gQOAAAAIE/gAAAAAPIE
DgAAACBP4AAAAADyBA4AAAAgT+AAAAAA8gQOAAAAIE/gAAAAAPIEDgAAACBP4AAAAADyBA4AAAAg
T+AAAAAA8gQOAAAAIE/gAAAAAPIEDgAAACBP4AAAAADyBA4AAAAgT+AAAAAA8gQOAAAAIE/gAAAA
APL+d/QGAACP3e/3v//+8+fPgVvymqvsBwBwbgIHQMTXReISFpYtr873WRy5H8JKm/kDYJZLVAAA
AIA8gQMATugq31hfZT8AgPNziQpAkEXje7jKPF9lPwCAc3MGBwAAAJAncAAAAAB5LlEB4D9+uuvF
0ssMHo33dayROyXM3k1h6d0Xnm3rEq+MueZdJH4a6/v2/fY8S/fllTk+25yMjPXKeEc976uvifkD
4AwEDgBut9vz23ne7/eXY8HSsbb2bFtvt/kFz8iYS8Zdy0/b92h/t3h9njlqTpbEpzXGG7X3cXq7
LdsH8wfAEVyiAsDTD/szj7vf78OPO4OZfV/zdVry2LXMzM9Zt2/mcWs/91Hzu/brssV7f4vnn3Hm
+QNge87gAHhzI5cofH3M7DfEv4139OJhdt+PGnMrI3M989i1v+0eee1Gn/fZN/Kj+zJ6Sc/ar83a
x+ke71PzB8DenMEBwF8/fYj//v/PLm+YHe8IM9s6e7nGmmNuZWZujpjHLZ7zt7+d/S2RNcZbas/j
dOn71PwBcARncAAEzS6IR7/NfDbGzDeZzx73Od4ZbLGYOfMC6dUzcLa2xXtnjf34HGPvb/SPPE6X
MH8AHMUZHABvbPZD/ugp70curka8uq2PFmdLYs3nN+RXWWydJVhtbe0f3Vz7+bY8Tq8wx3vPHwD7
ETgAYGVXCRYjrrqvFrRt5g/gPblEBSBoq0XlGW5fCmV7LKwdp9sRRgDaBA6AN/fT9fAzP8hXZkHD
Enu/b7Y4Tt/5vf/O+w5wZS5RAWDodyDu97tFAdzGF8db3DbXcfq6o+YPgO05gwOAv0Z+TPBqdyC4
0r6wvUfHxd7vobWO03d8759h/gDYjsABwEPfP/R/XRhcLXLAiDNetuU4HXfG+QNgXS5RAWCIxQD8
a+R4OOJSEcfpmLPOHwCvETgAWN3owuAMC4gttmFm//1mAkfxvgPgalyiAvDG1rzd5E93eVjbs9Pu
R7ZhybY+O719r/3n/Rx9nLq0A4AKZ3AAcLvdnoeBVxdFr463xnOu9XdrnN4uhrQdNb97H6ffXSVu
OD4BrskZHABBSz58P1qYfP8299HZETN3HXg03vfHL932R+OOPHZ2zFe2demYV1k0Xt3s8bLWWT2V
4/Tsjpo/APYjcAC8uZl48Pn4mfF+G3NmAbHFYmNmW7/+zZpjihttey2AjzxOR8csEjAArkXgAGDq
rIe1xluyWPpt3KWLr8+/W3N7txiTcxiZ263mdYvj9HZ7r/fpkfMHwPb++fj4+Dh6IwB4X2v+gCIA
AO/Lj4wCAAAAeQIHAAAAkCdwAAAAAHkCBwAAAJAncAAAAAB57qICcGIjt4QEYD/u9gRwXs7gAAAA
APKcwQEAAADkOYMDAAAAyBM4AAAAgDyBAwAAAMgTOAAAAIA8gQMAAADIEzgAAACAPIEDAAAAyBM4
AAAAgDyBAwAAAMgTOAAAAIA8gQMAAADIEzgAAACAPIEDAAAAyBM4AAAAgDyBAwAAAMgTOAAAAIA8
gQMAAADIEzgAAACAPIEDAAAAyBM4AAAAgDyBAwAAAMgTOAAAAIA8gQMAAADIEzgAAACAPIEDAAAA
yBM4AAAAgDyBAwAAAMgTOAAAAIA8gQMAAADIEzgAAACAPIEDAAAAyBM4AAAAgDyBAwAAAMgTOAAA
AIA8gQMAAADIEzgAAACAPIEDAAAAyBM4AAAAgDyBAwAAAMgTOAAAAIA8gQMAAADIEzgAAACAPIED
AAAAyBM4AAAAgDyBAwAAAMgTOAAAAIA8gQMAAADIEzgAAACAPIEDAAAAyBM4AAAAgDyBAwAAAMgT
OAAAAIA8gQMAAADIEzgAAACAPIEDAAAAyBM4AAAAgDyBAwAAAMgTOAAAAIA8gQMAAADIEzgAAACA
PIEDAAAAyBM4AAAAgDyBAwAAAMgTOAAAAIA8gQMAAADIEzgAAACAPIEDAAAAyBM4AAAAgDyBAwAA
AMgTOAAAAIA8gQMAAADIEzgAAACAPIEDAAAAyBM4AAAAgDyBAwAAAMgTOAAAAIA8gQMAAADIEzgA
AACAPIEDAAAAyBM4AAAAgDyBAwAAAMgTOAAAAIA8gQMAAADIEzgAAACAPIEDAAAAyBM4AAAAgDyB
AwAAAMgTOAAAAIA8gQMAAADIEzgAAACAPIEDAAAAyBM4AAAAgDyBAwAAAMgTOAAAAIA8gQMAAADI
EzgAAACAPIEDAAAAyBM4AAAAgDyBAwAAAMgTOAAAAIA8gQMAAADIEzgAAACAPIEDAAAAyBM4AAAA
gDyBAwAAAMgTOAAAAIA8gQMAAADIEzgAAACAPIEDAAAAyBM4AAAAgDyBAwAAAMgTOAAAAIA8gQMA
AADIEzgAAACAPIEDAAAAyBM4AAAAgDyBAwAAAMgTOAAAAIA8gQMAAADIEzgAAACAPIEDAAAAyBM4
AAAAgDyBAwAAAMgTOAAAAIA8gQMAAADIEzgAAACAPIEDAAAAyBM4AAAAgDyBAwAAAMgTOAAAAIA8
gQMAAADIEzgAAACAPIEDAAAAyBM4AAAAgDyBAwAAAMgTOAAAAIA8gQMAAADIEzgAAACAPIEDAAAA
yBM4AAAAgDyBAwAAAMgTOAAAAIA8gQMAAADIEzgAAACAPIEDAAAAyBM4AAAAgDyBAwAAAMgTOAAA
AIA8gQMAAADIEzgAAACAPIEDAAAAyBM4AAAAgDyBAwAAAMgTOAAAAIA8gQMAAADIEzgAAACAPIED
AAAAyBM4AAAAgDyBAwAAAMgTOAAAAIA8gQMAAADIEzgAAACAPIEDAAAAyBM4AAAAgDyBAwAAAMgT
OAAAAIA8gQMAAADIEzgAAACAPIEDAAAAyBM4AAAAgDyBAwAAAMgTOAAAAIA8gQMAAADIEzgAAACA
PIEDAAAAyBM4AAAAgDyBAwAAAMgTOAAAAIA8gQMAAADIEzgAAACAPIEDAAAAyBM4AAAAgDyBAwAA
AMgTOAAAAIA8gQMAAADIEzgAAACAPIEDAAAAyBM4AAAAgDyBAwAAAMgTOAAAAIA8gQMAAADIEzgA
AACAPIEDAAAAyBM4AAAAgDyBAwAAAMgTOAAAAIA8gQMAAADIEzgAAACAPIEDAAAAyBM4AAAAgDyB
AwAAAMgTOAAAAIA8gQMAAADIEzgAAACAPIEDAAAAyBM4AAAAgDyBAwAAAMgTOAAAAIA8gQMAAADI
EzgAAACAPIEDAAAAyBM4AAAAgDyBAwAAAMgTOAAAAIA8gQMAAADIEzgAAACAPIEDAAAAyBM4AAAA
gDyBAwAAAMgTOAAAAIA8gQMAAADIEzgAAACAPIEDAAAAyBM4AAAAgDyBAwAAAMgTOAAAAIA8gQMA
AADIEzgAAACAPIEDAAAAyBM4AAAAgDyBAwAAAMgTOAAAAIA8gQMAAADIEzgAAACAPIEDAAAAyBM4
AAAAgDyBAwAAAMgTOAAAAIA8gQMAAADIEzgAAACAPIEDAAAAyBM4AAAAgDyBAwAAAMgTOAAAAIA8
gQMAAADIEzgAAACAPIEDAAAAyBM4AAAAgDyBAwAAAMgTOAAAAIA8gQMAAADIEzgAAACAPIEDAAAA
yBM4AAAAgDyBAwAAAMgTOAAAAIA8gQMAAADIEzgAAACAPIEDAAAAyBM4AAAAgDyBAwAAAMgTOAAA
AIA8gQMAAADIEzgAAACAPIEDAAAAyBM4AAAAgDyBAwAAAMgTOAAAAIA8gQMAAADIEzgAAACAPIED
AAAAyBM4AAAAgDyBAwAAAMgTOAAAAIA8gQMAAADIEzgAAACAPIEDAAAAyBM4AAAAgDyBAwAAAMgT
OAAAAIA8gQMAAADIEzgAAACAPIEDAAAAyBM4AAAAgDyBAwAAAMgTOAAAAIA8gQMAAADIEzgAAACA
PIEDAAAAyBM4AAAAgDyBAwAAAMgTOAAAAIA8gQMAAADIEzgAAACAPIEDAAAAyBM4AAAAgDyBAwAA
AMgTOAAAAIA8gQMAAADIEzgAAACAPIEDAAAAyBM4AAAAgDyBAwAAAMgTOAAAAIA8gQMAAADIEzgA
AACAPIEDAAAAyBM4AAAAgDyBAwAAAMgTOAAAAIA8gQMAAADIEzgAAACAPIEDAAAAyBM4AAAAgDyB
AwAAAMgTOAAAAIA8gQMAAADIEzgAAACAPIEDAAAAyBM4AAAAgDyBAwAAAMgTOAAAAIA8gQMAAADI
EzgAAACAPIEDAAAAyBM4AAAAgDyBAwAAAMgTOAAAAIA8gQMAAADIEzgAAACAPIEDAAAAyBM4AAAA
gDyBAwAAAMgTOAAAAIA8gQMAAADIEzgAAACAPIEDAAAAyBM4AAAAgDyBAwAAAMgTOAAAAIA8gQMA
AADIEzgAAACAPIEDAAAAyBM4AAAAgDyBAwAAAMgTOAAAAIA8gQMAAADIEzgAAACAPIEDAAAAyBM4
AAAAgDyBAwAAAMgTOAAAAIA8gQMAAADIEzgAAACAPIEDAAAAyBM4AAAAgDyBAwAAAMgTOAAAAIA8
gQMAAADIEzgAAACAPIEDAAAAyBM4AAAAgDyBAwAAAMgTOAAAAIA8gQMAAADIEzgAAACAPIEDAAAA
yBM4AAAAgDyBAwAAAMgTOAAAAIA8gQMAAADIEzgAAACAPIEDAAAAyBM4AAAAgDyBAwAAAMgTOAAA
AIA8gQMAAADIEzgAAACAPIEDAAAAyBM4AAAAgDyBAwAAAMgTOAAAAIA8gQMAAADIEzgAAACAPIED
AAAAyBM4AAAAgDyBAwAAAMgTOAAAAIA8gQMAAADIEzgAAACAPIEDAAAAyBM4AAAAgDyBAwAAAMgT
OAAAAIA8gQMAAADIEzgAAACAPIEDAAAAyBM4AAAAgDyBAwAAAMgTOAAAAIA8gQMAAADIEzgAAACA
PIEDAAAAyBM4AAAAgDyBAwAAAMgTOAAAAIA8gQMAAADIEzgAAACAPIEDAAAAyBM4AAAAgDyBAwAA
AMgTOAAAAIA8gQMAAADIEzgAAACAPIEDAAAAyBM4AAAAgDyBAwAAAMgTOAAAAIA8gQMAAADIEzgA
AACAPIEDAAAAyBM4AAAAgDyBAwAAAMgTOAAAAIA8gQMAAADIEzgAAACAPIEDAAAAyBM4AAAAgDyB
AwAAAMgTOAAAAIA8gQMAAADIEzgAAACAPIEDAAAAyBM4AAAAgDyBAwAAAMgTOAAAAIA8gQMAAADI
EzgAAACAPIEDAAAAyBM4AAAAgDyBAwAAAMgTOAAAAIA8gQMAAADIEzgAAACAPIEDAAAAyBM4AAAA
gDyBAwAAAMgTOAAAAIA8gQMAAADIEzgAAACAPIEDAAAAyBM4AAAAgDyBAwAAAMgTOAAAAIA8gQMA
AADIEzgAAACAPIEDAAAAyBM4AAAAgDyBAwAAAMgTOAAAAIA8gQMAAADIEzgAAACAPIEDAAAAyBM4
AAAAgDyBAwAAAMgTOAAAAIA8gQMAAADIEzgAAACAPIEDAAAAyBM4AAAAgDyBAwAAAMgTOAAAAIA8
gQMAAADIEzgAAACAPIEDAAAAyBM4AAAAgDyBAwAAAMgTOAAAAIA8gQMAAADIEzgAAACAPIEDAAAA
yBM4AAAAgDyBAwAAAMgTOAAAAIA8gQMAAADIEzgAAACAPIEDAAAAyBM4AAAAgDyBAwAAAMgTOAAA
AIA8gQMAAADIEzgAAACAPIEDAAAAyBM4AAAAgDyBAwAAAMgTOAAAAIA8gQMAAADIEzgAAACAPIED
AAAAyBM4AAAAgDyBAwAAAMgTOAAAAIA8gQMAAADIEzgAAACAPIEDAAAAyBM4AAAAgDyBAwAAAMgT
OAAAAIA8gQMAAADIEzgAAACAPIEDAAAAyBM4AAAAgDyBAwAAAMgTOAAAAIA8gQMAAADIEzgAAACA
PIEDAAAAyBM4AAAAgDyBAwAAAMgTOAAAAIA8gQMAAADIEzgAAACAPIEDAAAAyBM4AAAAgDyBAwAA
AMgTOAAAAIA8gQMAAADIEzgAAACAPIEDAAAAyBM4AAAAgDyBAwAAAMgTOAAAAIA8gQMAAADIEzgA
AACAPIEDAAAAyBM4AAAAgDyBAwAAAMgTOAAAAIA8gQMAAADIEzgAAACAPIEDAAAAyBM4AAAAgDyB
AwAAAMgTOAAAAIA8gQMAAADIEzgAAACAPIEDAAAAyBM4AAAAgDyBAwAAAMgTOAAAAIA8gQMAAADI
EzgAAACAPIEDAAAAyBM4AAAAgDyBAwAAAMgTOAAAAIA8gQMAAADIEzgAAACAPIEDAAAAyBM4AAAA
gDyBAwAAAMgTOAAAAIA8gQMAAADIEzgAAACAPIEDAAAAyBM4AAAAgDyBAwAAAMgTOAAAAIA8gQMA
AADIEzgAAACAPIEDAAAAyBM4AAAAgDyBAwAAAMgTOAAAAIA8gQMAAADIEzgAAACAPIEDAAAAyBM4
AAAAgDyBAwAAAMgTOAAAAIA8gQMAAADIEzgAAACAPIEDAAAAyBM4AAAAgDyBAwAAAMgTOAAAAIA8
gQMAAADIEzgAAACAPIEDAAAAyBM4AAAAgDyBAwAAAMgTOAAAAIA8gQMAAADIEzgAAACAPIEDAAAA
yBM4AAAAgDyBAwAAAMgTOAAAAIA8gQMAAADIEzgAAACAPIEDAAAAyBM4AAAAgDyBAwAAAMgTOAAA
AIA8gQMAAADIEzgAAACAPIEDAAAAyBM4AAAAgDyBAwAAAMgTOAAAAIA8gQMAAADIEzgAAACAPIED
AAAAyBM4AAAAgDyBAwAAAMgTOAAAAIA8gQMAAADIEzgAAACAPIEDAAAAyBM4AAAAgDyBAwAAAMgT
OAAAAIA8gQMAAADIEzgAAACAPIEDAAAAyBM4AAAAgDyBAwAAAMgTOAAAAIA8gQMAAADIEzgAAACA
PIEDAAAAyBM4AAAAgDyBAwAAAMgTOAAAAIA8gQMAAADIEzgAAACAPIEDAAAAyBM4AAAAgDyBAwAA
AMgTOAAAAIA8gQMAAADIEzgAAACAPIEDAAAAyBM4AAAAgDyBAwAAAMgTOAAAAIA8gQMAAADIEzgA
AACAPIEDAAAAyBM4AAAAgDyBAwAAAMgTOAAAAIA8gQMAAADIEzgAAACAPIEDAAAAyBM4AAAAgDyB
AwAAAMgTOAAAAIA8gQMAAADIEzgAAACAPIEDAAAAyBM4AAAAgDyBAwAAAMgTOAAAAIA8gQMAAADI
EzgAAACAPIEDAAAAyBM4AAAAgDyBAwAAAMgTOAAAAIA8gQMAAADIEzgAAACAPIEDAAAAyBM4AAAA
gDyBAwAAAMgTOAAAAIA8gQMAAADIEzgAAACAPIEDAAAAyBM4AAAAgDyBAwAAAMgTOAAAAIA8gQMA
AADIEzgAAACAPIEDAAAAyBM4AAAAgDyBAwAAAMgTOAAAAIA8gQMAAADIEzgAAACAPIEDAAAAyBM4
AAAAgDyBAwAAAMgTOAAAAIA8gQMAAADIEzgAAACAPIEDAAAAyBM4AAAAgDyBAwAAAMgTOAAAAIA8
gQMAAADIEzgAAACAPIEDAAAAyBM4AAAAgDyBAwAAAMgTOAAAAIA8gQMAAADIEzgAAACAPIEDAAAA
yBM4AAAAgDyBAwAAAMgTOAAAAIA8gQMAAADIEzgAAACAPIEDAAAAyBM4AAAAgDyBAwAAAMgTOAAA
AIA8gQMAAADIEzgAAACAPIEDAAAAyBM4AAAAgDyBAwAAAMgTOAAAAIA8gQMAAADIEzgAAACAPIED
AAAAyBM4AAAAgDyBAwAAAMgTOAAAAIA8gQMAAADIEzgAAACAPIEDAAAAyBM4AAAAgDyBAwAAAMgT
OAAAAIA8gQMAAADIEzgAAACAPIEDAAAAyBM4AAAAgDyBAwAAAMgTOAAAAIA8gQMAAADIEzgAAACA
PIEDAAAAyBM4AAAAgDyBAwAAAMgTOAAAAIA8gQMAAADIEzgAAAD+3979B9tZ0Hce/wbDza+b5ObX
DZC7SBIgCCFEGhVLMAWpxh+UGMVldlkZZXdlRrHadZbujrud7trp0nUK6m6rrazF4hTFDT/UEgVh
o6aisBog4AKGRAlIEsKFEMjv3P2jbcaQYEJz733O55zX66/kOU/yfCb/3DzvOc85QDyBAwAAAIgn
cAAAAADxBA4AAAAgnsABAAAAxBM4AAAAgHgCBwAAABBP4AAAAADiCRwAAABAPIEDAAAAiCdwAAAA
APEEDgAAACCewAEAAADEEzgAAACAeAIHAAAAEE/gAAAAAOIJHAAAAEA8gQMAAACIJ3AAAAAA8QQO
AAAAIJ7AAQAAAMQTOAAAAIB4AgcAAAAQT+AAAAAA4gkcAAAAQDyBAwAAAIgncAAAAADxBA4AAAAg
nsABAAAAxBM4AAAAgHgCBwAAABBP4AAAAADiCRwAAABAPIEDAAAAiCdwAAAAAPEEDgAAACCewAEA
AADEEzgAAACAeAIHAAAAEE/gAAAAAOIJHAAAAEA8gQMAAACIJ3AAAAAA8QQOAAAAIJ7AAQAAAMQT
OAAAAIB4AgcAAAAQT+AAAAAA4gkcAAAAQDyBAwAAAIgncAAAAADxBA4AAAAgnsABAAAAxBM4AAAA
gHgCBwAAABBP4AAAAADiCRwAAABAPIEDAAAAiCdwAAAAAPEEDgAAACCewAEAAADEEzgAAACAeAIH
AAAAEE/gAAAAAOIJHAAAAEA8gQMAAACIJ3AAAAAA8QQOAAAAIJ7AAQAAAMQTOAAAAIB4AgcAAAAQ
T+AAAAAA4gkcAAAAQDyBAwAAAIgncAAAAADxBA4AAAAgnsABAAAAxBM4AAAAgHgCBwAAABBP4AAA
AADiCRwAAABAPIEDAAAAiCdwAAAAAPEEDgAAACCewAEAAADEEzgAAACAeAIHAAAAEE/gAAAAAOIJ
HAAAAEA8gQMAAACIJ3AAAAAA8QQOAAAAIJ7AAQAAAMQTOAAAAIB4AgcAAAAQT+AAAAAA4gkcAAAA
QDyBAwAAAIgncAAAAADxBA4AAAAgnsABAAAAxBM4AAAAgHgCBwAAABBP4AAAAADiCRwAAABAPIED
AAAAiCdwAAAAAPEEDgAAACCewAEAAADEEzgAAACAeAIHAAAAEE/gAAAAAOIJHAAAAEA8gQMAAACI
J3AAAAAA8QQOAAAAIJ7AAQAAAMQTOAAAAIB4AgcAAAAQT+AAAAAA4gkcAAAAQDyBAwAAAIgncAAA
AADxBA4AAAAgnsABAAAAxBM4AAAAgHgCBwAAABBP4AAAAADiCRwAAABAPIEDAAAAiCdwAAAAAPEE
DgAAACCewAEAAADEEzgAAACAeAIHAAAAEE/gAAAAAOIJHAAAAEA8gQMAAACIJ3AAAAAA8QQOAAAA
IJ7AAQAAAMQTOAAAAIB4AgcAAAAQT+AAAAAA4gkcAAAAQDyBAwAAAIgncAAAAADxBA4AAAAgnsAB
AAAAxBM4AAAAgHgCBwAAABBP4AAAAADiCRwAAABAPIEDAAAAiCdwAAAAAPEEDgAAACCewAEAAADE
EzgAAACAeAIHAAAAEE/gAAAAAOIJHAAAAEA8gQMAAACIJ3AAAAAA8QQOAAAAIJ7AAQAAAMQTOAAA
AIB4AgcAAAAQT+AAAAAA4gkcAAAAQDyBAwAAAIgncAAAAADxBA4AAAAgnsABAAAAxBM4AAAAgHgC
BwAAABBP4AAAAADiCRwAAABAPIEDAAAAiCdwAAAAAPEEDgAAACCewAEAAADEEzgAAACAeAIHAAAA
EE/gAAAAAOIJHAAAAEA8gQMAAACIJ3AAAAAA8QQOAAAAIJ7AAQAAAMQTOAAAAIB4AgcAAAAQT+AA
AAAA4gkcAAAAQDyBAwAAAIgncAAAAADxBA4AAAAgnsABAAAAxBM4AAAAgHgCBwAAABBP4AAAAADi
CRwAAABAPIEDAAAAiCdwAAAAAPEEDgAAACCewAEAAADEEzgAAACAeAIHAAAAEE/gAAAAAOIJHAAA
AEA8gQMAAACIJ3AAAAAA8QQOAAAAIJ7AAQAAAMQTOAAAAIB4AgcAAAAQT+AAAAAA4gkcAAAAQDyB
AwAAAIgncAAAAADxBA4AAAAgnsABAAAAxBM4AAAAgHgCBwAAABBP4AAAAADiCRwAAABAPIEDAAAA
iCdwAAAAAPEEDgAAACCewAEAAADEEzgAAACAeAIHAAAAEE/gAAAAAOIJHAAAAEA8gQMAAACIJ3AA
AAAA8QQOAAAAIJ7AAQAAAMQTOAAAAIB4AgcAAAAQT+AAAAAA4gkcAAAAQDyBAwAAAIgncAAAAADx
BA4AAAAgnsABAAAAxBM4AAAAgHgCBwAAABBP4AAAAADiCRwAAABAPIEDAAAAiCdwAAAAAPEEDgAA
ACCewAEAAADEEzgAAACAeAIHAAAAEE/gAAAAAOIJHAAAAEA8gQMAAACIJ3AAAAAA8QQOAAAAIJ7A
AQAAAMQTOAAAAIB4AgcAAAAQT+AAAAAA4gkcAAAAQDyBAwAAAIgncAAAAADxBA4AAAAgnsABAAAA
xBM4AAAAgHgCBwAAABBP4AAAAADiCRwAAABAPIEDAAAAiCdwAAAAAPEEDgAAACCewAEAAADEEzgA
AACAeAIHAAAAEE/gAAAAAOIJHAAAAEA8gQMAAACIJ3AAAAAA8QQ6VW6vAAAarElEQVQOAAAAIJ7A
AQAAAMQTOAAAAIB4AgcAAAAQT+AAAAAA4gkcAAAAQDyBAwAAAIgncAAAAADxBA4AAAAgnsABAAAA
xBM4AAAAgHgCBwAAABBP4AAAAADiCRwAAABAPIEDAAAAiCdwAAAAAPEEDgAAACCewAEAAADEEzgA
AACAeAIHAAAAEE/gAAAAAOIJHAAAAEA8gQMAAACIJ3AAAAAA8QQOAAAAIJ7AAQAAAMQTOAAAAIB4
AgcAAAAQT+AAAAAA4gkcAAAAQDyBAwAAAIgncAAAAADxBA4AAAAgnsABAAAAxBM4AAAAgHgCBwAA
ABBP4AAAAADiCRwAAABAPIEDAAAAiCdwAAAAAPEEDgAAACCewAEAAADEEzgAAACAeAIHAAAAEE/g
AAAAAOIJHAAAAEA8gQMAAACIJ3AAAAAA8QQOAAAAIJ7AAQAAAMQTOAAAAIB4AgcAAAAQT+AAAAAA
4gkcAAAAQDyBAwAAAIgncAAAAADxBA4AAAAgnsABAAAAxBM4AAAAgHgCBwAAABBP4AAAAADiCRwA
AABAPIEDAAAAiCdwAAAAAPEEDgAAACCewAEAAADEEzgAAACAeAIHAAAAEE/gAAAAAOIJHAAAAEA8
gQMAAACIJ3AAAAAA8QQOAAAAIJ7AAQAAAMQTOAAAAIB4AgcAAAAQT+AAAAAA4gkcAAAAQDyBAwAA
AIgncAAAAADxBA4AAAAgnsABAAAAxBM4AAAAgHgCBwAAABBP4AAAAADiCRwAAABAPIEDAAAAiCdw
AAAAAPEEDgAAACCewAEAAADEEzgAAACAeAIHAAAAEE/gAAAAAOIJHAAAAEA8gQMAAACIJ3AAAAAA
8QQOAAAAIJ7AAQAAAMQTOAAAAIB4AgcAAAAQT+AAAAAA4gkcAAAAQDyBAwAAAIgncAAAAADxBA4A
AAAgnsABAAAAxBM4AAAAgHgCBwAAABBP4AAAAADiCRwAAABAPIEDAAAAiCdwAAAAAPEEDgAAACCe
wAEAAADEEzgAAACAeAIHAAAAEE/gAAAAAOIJHAAAAEA8gQMAAACIJ3AAAAAA8QQOAAAAIJ7AAQAA
AMQTOAAAAIB4AgcAAAAQT+AAAAAA4gkcAAAAQDyBAwAAAIgncAAAAADxBA4AAAAgnsABAAAAxBM4
AAAAgHgCBwAAABBP4AAAAADiCRwAAABAPIEDAAAAiCdwAAAAAPEEDgAAACCewAEAAADEEzgAAACA
eAIHAAAAEE/gAAAAAOIJHAAAAEA8gQMAAACIJ3AAAAAA8QQOAAAAIJ7AAQAAAMQTOAAAAIB4AgcA
AAAQT+AAAAAA4gkcAAAAQDyBAwAAAIgncAAAAADxBA4AAAAgnsABAAAAxBM4AAAAgHgCBwAAABBP
4AAAAADiCRwAAABAPIEDAAAAiCdwAAAAAPEEDgAAACCewAEAAADEEzgAAACAeAIHAAAAEE/gAAAA
AOIJHAAAAEA8gQMAAACIJ3AAAAAA8QQOAAAAIJ7AAQAAAMQTOAAAAIB4AgcAAAAQT+AAAAAA4gkc
AAAAQDyBAwAAAIgncAAAAADxBA4AAAAgnsABAAAAxBM4AAAAgHgCBwAAABBP4AAAAADiCRwAAABA
PIEDAAAAiCdwAAAAAPEEDgAAACCewAEAAADEEzgAAACAeAIHAAAAEE/gAAAAAOIJHAAAAEA8gQMA
AACIJ3AAAAAA8QQOAAAAIJ7AAQAAAMQTOAAAAIB4AgcAAAAQT+AAAAAA4gkcAAAAQDyBAwAAAIg3
sukB6db1b6j7nlxbD29cX49tfqqe2LK5Nr+wpbZsf7F27N5VAzXQ9EQAAABawIgaUaNGHl0TRo+t
KeMm1IwJU2rWlGNqTm9fnXHczDph0vSmJ0YbMTAw4A78Fbprzf31nUdW1ffXPljrn3u66TkAAAC0
gb6JU2vhzNPqzSfPr3Nnz2t6ThyB4zCt699QX131vbp59Q9q49Znm54DAABAG+vt7qklc99Y751/
jnd2HCaB4xAe3rS+rv3ht2vZAyubngIAAEAHWnr62XXZG95Sc6b1NT2lpQkcL2Przm119Yqb67p7
72h6CgAAANSlC86vjy1aUt1dY5qe0pIEjoO45cG766o7b/QoCgAAAC2lt7unrjzvorrwtLOantJy
BI6X+MRtX6obVq1oegYAAAC8rIvnL6pPvu19Tc9oKQLHP1jXv6E+/vVra9UTa5qeAgAAAIc0f8bs
+tQFl/kQ0n8gcFTVvesfrY/c9DmPpAAAABClt7unPvOuy2tB30lNT2lcxweOleseqg/e+Nnavntn
01MAAADgFRs9sqs+f9EVdfYJpzY9pVFHNT2gSfeuf1TcAAAAINr23Tvrgzd+tu5d/2jTUxrVsYFj
Xf+G+shNnxM3AAAAiLd99876yE2fq3X9G5qe0piODRwf//q1PnMDAACAtrFx67P18a9f2/SMxnRk
4PjEbV/ybSkAAAC0nVVPrKlP3Palpmc0ouMCxy0P3l03rFrR9AwAAAAYEjesWlG3PHh30zOGXUcF
jq07t9VVd97Y9AwAAAAYUlfdeWNt3bmt6RnDqqMCx9Urbva5GwAAALS9jVufratX3Nz0jGHVMYHj
4U3r67p772h6BgAAAAyL6+69ox7etL7pGcOmYwLHtT/8dtMTAAAAYFh10r1wRwSOdf0batkDK5ue
AQAAAMNq2QMra13/hqZnDIuOCBxfXfW9picAAABAIzrlnrgjAsfNq3/Q9AQAAABoRKfcE7d94Lhr
zf2+OQUAAICOtXHrs3XXmvubnjHk2j5wfOeRVU1PAAAAgEZ1wr1x2weO7699sOkJAAAA0KhOuDdu
68Cxrn9DrX/u6aZnAAAAQKPWP/d023+bSlsHjvueXNv0BAAAAGgJ7X6P3NaB4+GN65ueAAAAAC2h
3e+R2zpwPLb5qaYnAAAAQEto93vktg4cT2zZ3PQEAAAAaAntfo/c1oFj8wtbmp4AAAAALaHd75Hb
OnBs2f5i0xMAAACgJbT7PXJbB44du3c1PQEAAABaQrvfI7d14BiogaYnAAAAQEto93vktg4cAAAA
QGcQOAAAAIB4AgcAAAAQT+AAAAAA4gkcAAAAQDyBAwAAAIgncAAAAADxBA4AAAAgnsABAAAAxBM4
AAAAgHgCBwAAABBP4AAAAADiCRwAAABAPIEDAAAAiCdwAAAAAPEEDgAAACDeyKYHAAAHWtB3Uk0Y
M/aI/o7de/bUdx9bPUiLAABam8ABAC3oP57/z2vesTOP6O/YumNbzf/TDw/SIgCA1iZwAACDYtHs
0+uUaX37Hdu5Z3d98Z7bG1oEAHQSgQMAGBRvP+V19e55Z+93bOuObQIHADAsfMgoAAAAEM87OAAg
xDMvPl9//X/vPOzzd+7eNYRrAABai8ABACG27thWn/3+rU3PAABoSQIHAHSQ//7Oy2pad89+x752
//fqGw/9qKqq3jrnzHr36Qurr2dq9YwZV1u2v1i/6N9Utz50975zftVv9J1YVyy8sKqqFs489YDX
u0eNqb+6+N/t+/39v3ys/nTFTb92z+2P/Li+/OO7qq9nan3oNy+oM/tm15Sx42vL9hfr/V+5un7e
v/GA67z5pPl17onz6tTpx9fE0eNqXNfo2r57Z21+YUs9+vST9Z1HV9Xtj/zkFf/b/FO2AADNEDgA
oIO87viTq2/i1P2O/egXD9f4UWPqmgs/WItmn77fa73dPXXi1OPqvJPOqPfMO6f+/Te+UBu3Prfv
9SljJxw0bPyqX319z949h9yzZvOTNfeYV9cX3vvRmjpuwr7jPWO6a+zRo/Y7942vfk19/LfeXWcc
d/Cv1O2bOLXOOG5WvWfewvp/G9fXn9x1Y333sdUHPfdItwAAzfIhowBAfXrJ5QfEjZdaOPPU+rOl
Hx6WPf/tHR/YLygczDtPfX19/j1XvGzceKlTevvqz979obpw7hsHfQsA0DyBAwA63GtnzK43zZp7
WOfOnzGrPnT2O4d0z+nHnFCn9Pb92nNmTp5ef/jWf1Vju17ZuyhGj+yq/3T+xdXXM/XQJx/mFgCg
NXhEBQBCdI8aU1cs/J3DPv/P/+6btfslj4QczLknzquqqj1799Yjm9bXlh3b6rgJk+uf9Uw76Pnv
eM3r63+u/EZVVf28f2Ndd+8dVVX1L888t0Ye9aoDzv/H16uqfvb0k4fcc2bfift+vWvP7tr84vP1
qqOOqp7R4/Yd/91zltTE0WP3+3MDNVB/+9N76hsP/aieer6/Zk6eXpcu+O0D3uHRM6a7/sVrf6v+
5K6vDcoWAKA1CBwAEGLy2PH1u+dceNjn/68ffbt27zx04Kj6+1Dxe7f+Zd335GP7jv3rN7y1rjzv
ohpRI/Y796Rpx9XMydNr7TMb6uFN6+u/3v43VVXV3TWm3j3v7P3O3bpj277XX4k9e/fW9T++s/7y
7uX11PP9VVU1rmt07d67p0Ye9ar6zRNec8Cf+asf3V5/9J2v7Pv9A79cVyvWPFC3/ZtPVm/3xP3O
/Y2+kwZlCwDQOgQOAOhwAzVQv//NL+4XN6qqvvDDb9Xrj59T5514xn7HR9SIevWkvw8cQ+Wz37+1
/sfKr+937IWd2/f9+vWf/mgdP6m3jh0/qaZ1T6zJY8fXTQ/83QF/z3PbX6yfPf3kAYFj8tjxg7YF
AGgNAgcAdLhHNz1Z9zz+yEFfW7n2oQMCR1XVtJcEg8G0cetz9bkf/O0hz/tF/8b6xSG+pvVNs+Ye
9DM0jn7VgY/SHMkWAKB5AgcAdLhf/drXl3r82U0HPT7yqKH7nPK1zzz1ih7/GHN0V712xuw6dfrx
NXvKsdXb3VPTuifWsRMm16Qx3cO6BQBojsABACGeer6//vO3/vqwzz/cxyj2/Job+CZu7rfv2nlY
582ecmx9eOEFtWjW6TXhJR84OtxbAIDmCRwAEGLn7l1156P3NT2jJbzl5DPrj9/x/gO+SeVg9g4M
1FEjRhzyPAAgm8ABAEQ5flJv/dHbL33ZuLH+uafr8Wc31WObn6qfPLGmfvvkM+utc84c5pUAwHAT
OACAKBfPf9MBn60xUAP1v+9fWdfdc0f9dOPj+712/smvHc55AEBDBA4AIMppx7z6gGMr1/60fv+b
Xzzo+eNHjRnqSQBACxi6j0AHADrK3oGBA46NGnl0jesaPajXOViw+OWWzQc9t7d7Ys07duagXh8A
aE3ewQEAISaNHV+fWXL5YZ+/e+/e+r1b/2IIF+3vue0vHHDs6FeNrKve8f66YdWKGnnUyPrpxsdr
w/P9R3adbQde5/XHz6nJY8fXMy8+v+9Yb/fE+vSSy72DAwA6hMABACHGjxpTb3/N6w77/N179wxr
4Hhs81MHPb74lAW1+JQFVVX1B9+6vr7847uO6DqPbHqizpk1d79jr57UW7d+4A/qu489UM9ue6GO
GT+5Fs48tSaPHX9E1wIAcnhEBQAYFLc8+IPauPW5X3vOqdOPP+LrfPkn/6e27dpxwPFjxk+q957x
pvq3Z72tfue0N+yLG/f/cu0RXxMAaH0CBwAwKHbs3lV/+O3ra8fuXS97zpxpfUd8nV/0b6z/cvvf
1J69ew957oo1D9Q3f3rPEV8TAGh9AgcAMGi+9fCP6wNfubruefyR2rVn9wGv94wZNyjXufG+79Vl
X72m7nty7UE/3LR/29b6/N231Qe/9tlBuR4A0PpGDAwc5H8FbeLEP76s6QkA0LEmjx1f82fMqvGj
xtbevXvr5/0bh+RxkZmTp9eZfSfW1LETatfePbWuf0OtXPvQr30nCQB0qp/9h2ubnjBkfMgoADAk
nnnx+brz0fuG/Dprn9lQa5/ZMOTXAQBam0dUAAAAgHgCBwAAABBP4AAAAADiCRwAAABAPIEDAAAA
iCdwAAAAAPEEDgAAACCewAEAAADEEzgAAACAeAIHAAAAEE/gAAAAAOIJHAAAAEA8gQMAAACIJ3AA
AAAA8QQOAAAAIJ7AAQAAAMQTOAAAAIB4AgcAAAAQT+AAAAAA4gkcAAAAQLy2DhwjakTTEwAAAKAl
tPs9clsHjlEjj256AgAAALSEdr9HbuvAMWH02KYnAAAAQEto93vktg4cU8ZNaHoCAAAAtIR2v0du
68AxY8KUpicAAABAS2j3e+S2DhyzphzT9AQAAABoCe1+j9zWgWNOb1/TEwAAAKAltPs9clsHjjOO
m9n0BAAAAGgJ7X6P3NaB44RJ06tv4tSmZwAAAECj+iZOrRMmTW96xpBq68BRVbVw5mlNTwAAAIBG
dcK9cdsHjjefPL/pCQAAANCoTrg3bvvAce7sedXb3dP0DAAAAGhEb3dPnTt7XtMzhlzbB46qqiVz
39j0BAAAAGhEp9wTd0TgeO/8c5qeAAAAAI3olHvijggcJ0yaXktPP7vpGQAAADCslp5+dtt/e8o/
6ojAUVV12Rve0vQEAAAAGFaddC/cMYFjzrS+unTB+U3PAAAAgGFx6YLza860vqZnDJuOCRxVVR9b
tMQ3qgAAAND2ert76mOLljQ9Y1h1VODo7hpTV553UdMzAAAAYEhded5F1d01pukZw6qjAkdV1YWn
nVUXz1/U9AwAAAAYEhfPX1QXnnZW0zOGXccFjqqqT77tfTV/xuymZwAAAMCgmj9jdn3ybe9rekYj
OjJwVFV96oLLfB4HAAAAbaO3u6c+dcFlTc9oTMcGjhMmTa/PvOvyGj2yq+kpAAAAcERGj+yqz7zr
8jph0vSmpzSmYwNHVdWCvpPq8xddIXIAAAAQa/TIrvr8RVfUgr6Tmp7SqBEDAwMDTY9o2r3rH62P
3PS52rj12aanAAAAwGHr7e6pz7zr8o6PG1UCxz7r+jfUx79+ba16Yk3TUwAAAOCQ5s+YXZ+64LKO
fizlVwkcL/GJ275UN6xa0fQMAAAAeFkXz1/Usd+W8nIEjoO45cG766o7b/TICgAAAC2lt7unrjzv
orrwtLOantJyBI6XsXXntrp6xc113b13ND0FAAAA6tIF59fHFi2p7q4xTU9pSQLHITy8aX1d+8Nv
17IHVjY9BQAAgA609PSz67I3vKXmTOtrekpLEzgO07r+DfXVVd+rm1f/wKMrAAAADKne7p5aMveN
9d755/gQ0cMkcPwT3LXm/vrOI6vq+2sfrPXPPd30HAAAANpA38SptXDmafXmk+fXubPnNT0njsBx
hNb1b6j7nlxbD29cX49tfqqe2LK5Nr+wpbZsf7F27N5VA+WfFwAAgKoRNaJGjTy6JoweW1PGTagZ
E6bUrCnH1JzevjrjuJneqXGEBA4AAAAg3lFNDwAAAAA4UgIHAAAAEE/gAAAAAOIJHAAAAEA8gQMA
AACIJ3AAAAAA8QQOAAAAIJ7AAQAAAMQTOAAAAIB4AgcAAAAQT+AAAAAA4gkcAAAAQDyBAwAAAIgn
cAAAAADxBA4AAAAgnsABAAAAxBM4AAAAgHgCBwAAABBP4AAAAADiCRwAAABAPIEDAAAAiCdwAAAA
APEEDgAAACCewAEAAADEEzgAAACAeAIHAAAAEE/gAAAAAOIJHAAAAEA8gQMAAACIJ3AAAAAA8QQO
AAAAIJ7AAQAAAMQTOAAAAIB4AgcAAAAQT+AAAAAA4gkcAAAAQDyBAwAAAIgncAAAAADxBA4AAAAg
nsABAAAAxBM4AAAAgHgCBwAAABBP4AAAAADiCRwAAABAPIEDAAAAiCdwAAAAAPEEDgAAACCewAEA
AADEEzgAAACAeAIHAAAAEE/gAAAAAOIJHAAAAEA8gQMAAACIJ3AAAAAA8QQOAAAAIJ7AAQAAAMQT
OAAAAIB4AgcAAAAQT+AAAAAA4gkcAAAAQDyBAwAAAIgncAAAAADxBA4AAAAgnsABAAAAxBM4AAAA
gHgCBwAAABBP4AAAAADiCRwAAABAPIEDAAAAiCdwAAAAAPEEDgAAACCewAEAAADEEzgAAACAeAIH
AAAAEE/gAAAAAOIJHAAAAEA8gQMAAACIJ3AAAAAA8QQOAAAAIJ7AAQAAAMQTOAAAAIB4AgcAAAAQ
T+AAAAAA4gkcAAAAQDyBAwAAAIgncAAAAADxBA4AAAAgnsABAAAAxBM4AAAAgHgCBwAAABBP4AAA
AADiCRwAAABAPIEDAAAAiCdwAAAAAPEEDgAAACCewAEAAADEEzgAAACAeAIHAAAAEE/gAAAAAOIJ
HAAAAEA8gQMAAACIJ3AAAAAA8QQOAAAAIJ7AAQAAAMQTOAAAAIB4AgcAAAAQT+AAAAAA4gkcAAAA
QDyBAwAAAIgncAAAAADxBA4AAAAgnsABAAAAxBM4AAAAgHgCBwAAABBP4AAAAADiCRwAAABAPIED
AAAAiCdwAAAAAPEEDgAAACCewAEAAADEEzgAAACAeAIHAAAAEE/gAAAAAOIJHAAAAEA8gQMAAACI
J3AAAAAA8QQOAAAAIJ7AAQAAAMQTOAAAAIB4AgcAAAAQT+AAAAAA4gkcAAAAQDyBAwAAAIgncAAA
AADxBA4AAAAgnsABAAAAxBM4AAAAgHgCBwAAABBP4AAAAADiCRwAAABAPIEDAAAAiCdwAAAAAPEE
DgAAACCewAEAAADEEzgAAACAeAIHAAAAEE/gAAAAAOIJHAAAAEA8gQMAAACIJ3AAAAAA8QQOAAAA
IN7IpgcAtJvly5fXsmXLavXq1bVz586m5wDQIrq6umru3Lm1dOnSWrx4cdNzANrOiIGBgYGmRwC0
i2uuuaauv/76pmcA0OIuueSS+uhHP9r0DIC24hEVgEGyfPlycQOAw3L99dfX8uXLm54B0FYEDoBB
smzZsqYnABDEzw2AwSVwAAyS1atXNz0BgCB+bgAMLoEDAAAAiCdwAAySuXPnNj0BgCB+bgAMLoED
YJAsXbq06QkABPFzA2BwCRwAg2Tx4sV1ySWXND0DgACXXHJJLV68uOkZAG1lxMDAwEDTIwDayfLl
y2vZsmW1evXq2rlzZ9NzAGgRXV1dNXfu3Fq6dKm4ATAEBA4AAAAgnkdUAAAAgHgCBwAAABBP4AAA
AADiCRwAAABAPIEDAAAAiCdwAAAAAPEEDgAAACCewAEAAADEEzgAAACAeAIHAAAAEE/gAAAAAOIJ
HAAAAEA8gQMAAACIJ3AAAAAA8QQOAAAAIJ7AAQAAAMT7/z6MK3B80QGQAAAAAElFTkSuQmCC
" width="800px"&gt;</msg>
<status status="PASS" starttime="20230124 13:27:06.644" endtime="20230124 13:27:07.528"/>
</kw>
<kw name="Click Element" library="AppiumLibrary">
<arg>${LOGIN-ENTER-BUTTON}</arg>
<doc>Click element identified by `locator`.</doc>
<msg timestamp="20230124 13:27:07.531" level="INFO">Clicking element '//android.widget.Button[@resource-id='com.picpay.debug:id/apolloButtonEnter']'.</msg>
<msg timestamp="20230124 13:27:07.823" level="INFO">xpath criteria: //android.widget.Button[@resource-id='com.picpay.debug:id/apolloButtonEnter']</msg>
<status status="PASS" starttime="20230124 13:27:07.529" endtime="20230124 13:27:07.823"/>
</kw>
<kw name="Wait Until Page Contains Element" library="AppiumLibrary">
<arg>${LOGIN-BIOMETRI-AUTHENTICATOR-DIALOG}</arg>
<doc>Waits until element specified with `locator` appears on current page.</doc>
<msg timestamp="20230124 13:27:11.994" level="INFO">criteria is com.picpay.debug:id/container
criteria is com.picpay.debug:id/container
criteria is com.picpay.debug:id/container
criteria is com.picpay.debug:id/container
criteria is com.picpay.debug:id/container
criteria is com.picpay.debug:id/container
criteria is com.picpay.debug:id/container
criteria is com.picpay.debug:id/container
criteria is com.picpay.debug:id/container
criteria is com.picpay.debug:id/container
criteria is com.picpay.debug:id/container</msg>
<status status="PASS" starttime="20230124 13:27:07.824" endtime="20230124 13:27:11.994"/>
</kw>
<kw name="Capture Page Screenshot" library="AppiumLibrary">
<doc>Takes a screenshot of the current page and embeds it into the log.</doc>
<msg timestamp="20230124 13:27:12.442" level="INFO" html="true">&lt;/td&gt;&lt;/tr&gt;&lt;tr&gt;&lt;td colspan="3"&gt;&lt;img src="data:image/png;base64, iVBORw0KGgoAAAANSUhEUgAABDgAAAlgCAYAAABtGofVAAAAAXNSR0IArs4c6QAAAARzQklUCAgI
CHwIZIgAACAASURBVHic7N15UFxnfj76pxfohb1ZxSaWRggJJLQ0sjaEFQ3t0WQsYluJZCczkSaV
STx1c2+NKlXJzdw/bs14qpIppXJvImWpGXlSvj8Lj+0ZeZMFtmUJ2VoAGSFAQgIkdrGIZqcb6OX+
QfoMh15ooGk44vlUqUr0OX3O29DQ533O+35f2cmTJx0gIiIiIiIiIpIw+Uo3gIiIiIiIiIhoqRhw
EBEREREREZHkMeAgIiIiIiIiIsljwEFEREREREREkseAg4iIiIiIiIgkjwEHEREREREREUkeAw4i
IiIiIiIikjwGHEREREREREQkeQw4iIiIiIiIiEjyGHAQERERERERkeQx4CAiIiIiIiIiyWPAQURE
RERERESSx4CDiIiIiIiIiCSPAQcRERERERERSR4DDiIiIiIiIiKSPAYcRERERERERCR5DDiIiIiI
iIiISPIYcBARERERERGR5DHgICIiIiIiIiLJY8BBRERERERERJLHgIOIiIiIiIiIJI8BBxERERER
ERFJHgMOIiIiIiIiIpI8BhxEREREREREJHkMOIiIiIiIiIhI8hhwEBEREREREZHkMeAgIiIiIiIi
IsljwEFEREREREREkseAg4iIiIiIiIgkjwEHEREREREREUkeAw4iIiIiIiIikjwGHEREREREREQk
eQw4iIiIiIiIiEjyGHAQERERERERkeQx4CAiIiIiIiIiyWPAQURERERERESSx4CDiIiIiIiIiCSP
AQcRERERERERSR4DDiIiIiIiIiKSPAYcRERERERERCR5DDiIiIiIiIiISPIYcBARERERERGR5DHg
ICIiIiIiIiLJY8BBRERERERERJKnXOkGENHiBQUFISsrCxMTE3jy5AkmJyeXfEyVSoV169ZBq9Wi
qakJ09PTfmgpERERERHR8mLAQWuWTqdDbm4uMjMzodPpkJSUBADo6uqCyWRCS0sL6uvrYTKZ3D7f
aDQiMzMT9fX1qKioCGTTAQA5OTnYsWMHkpOTMT09jYsXL+LBgwew2+2LPqZcLkdGRgYOHz6MoKAg
dHZ24vbt27h//74fW06zyWQyAIDD4VjhlhARERERSRsDDlpzdDodiouLUVBQ4HZ7UlISkpKSkJeX
h5KSElRWVqK8vFwUdBw7dkx4vl6vR3NzM7q7uwPSfq1Wi3379iEvLw8xMTEIDg6Gw+HAhg0b0NPT
g8HBwUUfW6fTYfPmzVi3bh1kMhkiIiKQkJCA1NRUXLt2DRMTE358JWuPXC6HWq1GZGQkoqKioNVq
oVaroVAoYDabMTo6ipGREQwODsJsNi8prAoEnU6HqKgoaDQaUUBoNpsxODjoMRwkIiKi1SsxMREa
jUb0WHd3N8xm8wq1iMh3DDhoTcnNzcWxY8eg1Wp9fk5BQQHy8vJw/vx51NfXi8INp+Tk5IAEHImJ
iThw4AA2bNiAsLAwyOUzZXRkMhm0Wi2CgoKWdHy5XI7g4GDhuCqVCgkJCQgJCYFOp0NFRQW6urqW
/DoWSiaTQamc+XNltVpdRjvMt32lKRQKJCUlIT8/H9u2bUNERITX/UdHR1FTU4Pa2lq0t7fDZrMF
qKXz0+l0MBgMyM3NFUINT7q6ulBfX4+qqiqGHURERKuMTqdDZmamaDTz3GBjLpPJJIx0bm5uRktL
S4BaS+Qb2cmTJ1dXT4BomRgMBhw7dkyYErAYzc3N0Ov1ose6u7tx5syZZU+109LScOjQIWRkZECl
UgmvY2JiAg0NDbh16xY6OzsxNTUFAFAqldDpdIiNjUVoaCjCwsKg1WoxMTGB0dFRjI2N4cmTJ6KO
Z3BwMJKTk7Fr1y5s3rxZCIIcDgcmJyfx+PFjfPbZZ2htbV3W1zqbUqnEoUOHYDAYoFAoUFdXh0uX
LmF8fBwAoNFo8MILL2DLli1wOByorq5GeXk5rFZrwNroiUwmQ0pKCl544QVkZmYuOICyWq1oa2vD
xYsX0drauqLBzXwjn+bjbiQUERERAbGxsQCA/v7+ZT+XTqfD/v37kZeXB51O55dj1tXVCTc0Vorz
BowzrPHXawu02QHSarlBFBYWhtHR0ZVuhs8YcNCakJubixMnTriEGyaTCRUVFWhpaRFGJiQmJkKv
16OwsHDeP46BDDeMRiMyMjJEneTW1lbcuHEDjx8/xtDQEKxWKyIjI6HX65GdnY3o6Gio1WoEBQUh
KCgISqUSVqsV09PTmJ6ehtlsxtOnT9Hc3IympiYMDQ1BqVQiMjIS6enp2L17N9LS0oTzTU9Po6Wl
BZ988knARnIcOXIE+/btg0KhAADY7Xbcvn0b7777LhwOB15++WUUFBQIo07sdjtu3ryJ9957LyDt
8yQ4OBjFxcXYtWsXtFqt8N6bnJxEY2MjHj16hOHhYeG9o1arERERgfXr1yMnJ0cULlksFty+fRsX
L16ExWIJ+GspLCxESUmJX4514cKFFalZQ0REtNqEh4cjMzMTarUawMyNtOUKOQwGAwwGg8uNOn8y
m82oq6sL+A0No9EIo9EYsPMFUllZGcrKylbs/ImJidDpdKivr1+xNiwUAw565ul0Ovz4xz92mZby
wQcf4OrVq16f661jF6hwQ6vV4uWXX8amTZugUqkAzAQNtbW1qK6uRltbGyYnJxEVFYWNGzdi48aN
SEhIQEREBIKDg+c9/tTUFIaHh9HT04PGxkY0NjZicHAQKpUKaWlpwmgOZ7AyOTmJ+vp6/O53v1v2
mhzBwcH4+7//e5cpHXa7Hb/4xS9gtVrxd3/3d0L44TQ+Po6f/vSnwmiWQAsJCcHx48eRnZ0ttK23
txdXr17FgwcPMDo66nGEiVKpREhICLKysnDgwAFhGojdbkdLSwvefvttDA8PB+y1uJuStVSVlZUo
LS316zGJiIikQqFQQK/Xu9xI6+joQGdnp1/PlZubi5KSkoCOaHA4HKiqqsIHH3yw7NfJJ06cQG5u
7pJGaK92dXV1ePPNNwN+3sTERBiNRty4cQONjY0BP/9iPVM1OMLCwpCcnLwsKz7odDrk5OQgKioK
arVa6BQ2Nzd7vZOt1+uF2gCLYbPZ0NTU5PP+69atm3d+v/OO8NDQkM8dJXfHtdvtePjwoc9tcwoL
C3M7d//JkyfL0nEzGo0u4cbp06d9GoFQUVGBzMxM5OXliR4PVLgBzIQsWVlZorDixo0bqKysRF9f
H6xWK1JTU/Hcc88hKysL4eHhC5oKERwcjNjYWERGRiIxMREpKSm4ceMGOjo60NLSArPZjImJCezZ
s0fYPzs7G4WFhbh06ZLfX+9sSqXS7e+PXC6HVqvF9PS0S7jhfF5oaOiKDOsLCQnB97//feEOyeTk
JL7++mt89tlnPi3ja7VaMTw8jOrqaty5cwdFRUU4ePAg1Go1srKycOLECbz55psBCTlOnTo1b52N
xSgoKEBSUhJOnz7t92MTERGtdnFxccseOOh0Ohw7dmxZR2x4IpPJUFBQgNzcXJSXly/byE2j0ehy
jf4sysvLg9FoDOhIDme4ER8fj7a2toCd1x8kH3AoFAps27YN+fn50Ov1ePr0qV8DjvT0dBQXFyMr
K0sYAj9Xe3s7ysvLce/ePZdtr776KiIjIxd9/omJCfzkJz/xef/nn38eO3fu9Hn/oaEhtLW14fr1
616DFE/H/fd///cFBTAAcODAARw8eNDl8XfffRc3btxY0LHmo9PpXNp94cIFn6dXHDt2bEXDjfXr
12Pr1q2iKQ61tbWorKxET08P7HY7Nm3ahOeeew6ZmZkeC0ONjo4KNSuAmU54WFiYaJ+goCBER0dD
q9UiNDQUN2/exL1799DV1YWbN28iJCQEW7duFQqabt26Fffv31/WP3oTExPo7OxEdna22+2rLa0P
Dg7G8ePHodfr4XA4MDw8jHfeeQcPHz5cVP0Mq9WKL774Ai0tLXjttdcQFRWF1NRUfO9738N//dd/
+RSYLNaxY8fchhvOomLOwmSeLtCc80dNJhP0ej0yMzNF25OSknDs2DGO5CAiojXH3c0ZfyosLITR
aJy3YKiT87PduQJac3Ozyz7OuhbOz35v1wBOWq0WR44cQW5uLkpLS/1640mn07lMSzGZTCgvL0dz
c/OqqF2xGDqdDnq9HsXFxaLvr9FoDFhNjrCwMCE8unz5suRWz5FswJGVlYUdO3YgJyfHpaPmLwaD
AS+99JIwLcCT1NRUnDhxAh9//PG8Ux5Wm8jISERGRmLLli345ptv8N577y2o02QwGBYccAQyaZ07
ZM1Zc8MX7obmBzLcAGZCB7VaLYRrra2tuH79Ovr6+oRwo7CwEGlpaS7TUfr7+9He3o6Ojg48ffoU
09PTouPGxMQgJSUFqampQnErYKZo54YNG4Tj3bt3Dz09Pfj6668RHh6O9PR0YblTX6bALNWFCxfw
2muvYd26dct+rqWQyWQoLi4Wwpjh4WG8+eab6OjoWNJxHQ4HHj9+jF/+8pc4efIkYmJisH79enz3
u9/F+++/vyyFRwsLC92+999++22X1YLczXudO1+0rKwMiYmJePXVV5GYmCg8XlBQgO7ubtbkICIi
8gONRuP25pw79fX1qKysFEbrzsdZ/HJ2+OEs7GkwGDyGHTKZDHq9Hj/+8Y9RWlrqt1oOBoPBpX2n
T5+WXGd8LpPJhMrKStTV1eHUqVOi76vBYFj2URzh4eF4/vnnkZeXh+npadTV1S3r+ZaDpAKOuLg4
FBQUYPPmzYiPj1/Wc2VlZeHll1926cANDQ1hYmICoaGhCA8PFx5XKBT4wz/8Q3R3dy+4w+9NX1+f
347ljUwmw44dOxAaGor//M//9Pl5OTk5CA4O9rnWQU5Ojqgzvdzm3jWWUrgBzEzbqa6uRn5+Pqam
pnDlyhW0tbUJ01L27NnjEm4MDw/j3r17uH//Pvr7+zE0NOQ2tFKpVHjw4AFiY2OxceNGbN68WZiG
FBwcjLS0NFitVoyNjaG9vR3t7e24evUqVCoVVCoV7ty5E5ClcXt7e3HmzBkkJycjJCRE9Hh0dPSy
n99XKSkp2LVrFxQKBSYnJ/HOO+8sOdyYraenB+fPn8cPfvADaLVabN++HXfu3HF7l2UpdDqdS90Z
i8WCc+fOub1rUFZWBo1Gg8LCQgAzv2PuPny7u7tx7tw5nDp1SnRHqaSkBPX19ZK900JEROSOc4g/
AJSWli779aNGo8Hrr7/udWqpxWLB1atXUVFR4Zf2mEwmlJWVoby8HJmZmTAajS7X3k5arRYnTpzA
Bx984JcbG3On3pSXl0s+3JjNbDajrKwMx48fFx7T6/XLGnA4ww3ntPTu7u6ALSrgT5IJOLKzs/EX
f/EXyz6ky+nFF18UdRoHBgbw3nvv4cGDB8Jje/fuxYsvvijUO1AoFDh48KAo4PjXf/3XBbX5u9/9
rih1vXXr1lJeBtrb2/HFF1+4PK7RaJCUlIT8/HzRCJjs7GwcPnwYFy9e9On4ISEh2LlzJ65fv+7T
/guZPrNQRqMRxcXFKC8vF37556bJvqzVvZhww3kX29+VjsfHx3H9+nU8fvwYNpsNra2tmJqaQmho
KHbv3o309HTR+7Svrw+VlZW4e/cuTCYT7Ha7x2NPTk6it7cX/f396OnpwcDAAHbt2oW4uDgAMyFH
RkYGdu/ejcHBQYyOjuLBgweYnJyEUqlEd3e3aNrLUgUHB7vUSpltYGAA3d3dop/BQgIOrVYLq9W6
LIVHFQoFXnjhBaH9X3/9tag+jUwmQ1FREZKSktDR0bHokV6tra24cuUKDh8+DJVKhW9/+9s4e/Ys
bDabX14HALdVyCsrK70GEGVlZULA4e3977wrUVhYKBpZZTQacf78+SW0moiIaHXQaDQoLi4Wfda1
tLQs62jFxMRE/OhHP/I6JcV5A8JbCOBcMcNdSDJ7+dK5HA4Hmpub0dLSgszMTBw7dsztiA6ZTIYj
R44gMTFxyVNUo6KiRF/PveEzue0BrBndQLD7ou5OCZo05Me4Tp335GbvRxia8rzSzaao55AaugkA
0PGoCw9a7kNV436q9Xzmfq/nvmZ/mh1uOPu2NTU1Hovir2aSCTiCg4NdgoLp6WmYTCa/j+bYtGmT
6Bd7enoab731Ftrb20X7ff3114iLi8P+/fuFx9LS0oSlOAFgcHDQ5/PqdDps3LhR+NpkMi054Jic
nPQ6tOjq1av44Q9/KBpVsWfPHnzxxRc+T1XZunWrTwGHSqXyWEvBH5wdM6PRiPLycjgcDtFweADz
jjhYSLgxu36Au3P7y+DgoMv7KC8vD1lZWaIPsr6+Ply/fh01NTULWqvabrfj6dOnqK6uhs1mw549
e4SQw1nYMjc3Fzdu3MDk5KQo5PMHpVKJ73znO8jPz0dQUJDHuhoOhwMOhwOPHj3ChQsXfP7dio2N
RUlJCVJTU2Gz2XD37l18+OGHfv2DnZiYiMzMTMhkMvT29uKzzz4TvQcOHTqEQ4cOISgoCHq9HjU1
NRgZGVnweRwOByoqKrBlyxYkJycjOTkZ6enpfhvF4a5mDeB60TCX2WwWfrfmW8a2paVFCEOcnEMu
OYqDiIikzLlyn0ajEV3P+FoLYzE0Go3XcKO7uxsXLlxw+1mu0WhgMBiQm5u7oGKkXV1dqK+vd6kJ
4Qw63njjDRQXF7u9aeIsQGo2m/HBBx/4fM655gYos9sxue0BrNntgA+l2pJCs1CS9rrP5304XOUx
4IgIjsH3s/9vRATN3IC7HFyKBscXiw445l4XLVdhWqVS6RJumM1mSS0NO5v7qpmrmNVqRUtLCz76
6CO88cYbi05DdTod8vPzXTrAAEQhAzBzcT833HD66quvRF+rVKpFD5svKioSrX5RVVW1qOMshMlk
cvnjotVqkZub6/V5s8OPjIwMxMTEzHsug8EgukO/lAKJRqMRp0+fFv3h9CVU8LbPQsON+ZbONBqN
+Od//me/r8sdGRmJvLw80RSp4eFh3Lp1a8Hhxmyjo6OoqalBZWWlaGRGeHg48vLyliU1lslkOHTo
EPbt24eIiAhotVpoNBq3/7RaLUJCQpCXl4eSkhKf6n84i37m5OQgJCQE4eHh2LNnDw4fPuy3AqVy
uRxbtmwRfnevXr0qem+HhoaKPjCco28We/6pqSlhVFZQUBC2b9/ut5FtBoPBbbvmCy2AmQ9CZwi1
GPP9zSEiIlrtnNe6gSyCHhUV5THcqKqqwpkzZ1zCDb1ejxMnTuCNN95ASUnJgldaSUpKQnFxMf7h
H/4Bp06dcrk54nA4UFZWhtOnT3u8hkhOTl7QORfCmt7tU7gBAFM2C0yTvV7/WR0zdewm7WY8NXue
svFyxv8hhBuCeUaQrDSlUok9e/aIrlUBoK2tTbI3niQzgmN4eBgXL15EVVXVkpdHzM3Nxauvvgq1
Wg2bzYaysjJ8/vnnwva5HbknT554PFZ/fz+mpqZEna2FLNHp5JxT72SxWHDt2rUFH2cx7t27h8HB
QdHrnq+gY0tLCzZtmhl+pVAo8Nxzz+Hjjz/2+pytW7cK/3dOt1jsiI7i4mLIZLJ5l0zy9QPG3+EG
IB7V4c9pK9nZ2YiLixMtn3r//n3U1dUtOtxwGh0dRX19PeLj44XiTUqlEnFxccjMzER1dfWSjj+X
UqmEwWBYcAc9Ly8POp1u3s70unXrkJKSInpMLpcjPz8fn376qajw6mKp1Wrs2LEDwExoN3ed8MzM
TFGw5zz/l19+uejpMs3NzZiYmIBWq0VeXh4+/fTTJf/sgaWHDElJSdBoNF6Hv3qam2swGFhslIiI
aIG6u7tRWlqKY8eOiR4vLS1FZWWl6DF/Lh3rvMZOSkrC8ePHYTQaUVpaKppW0dXVhZ/+9Kf40Y9+
JLqpbLFYcOHChSW3wSOV76FCneka6io997kStZn4P7f/fwCAb/q/wMi0+07/1ugD2BlbvLB2LoFe
rxd+5qWlpYsazesMNw4ePOjSfw3EjfblIpkRHO3t7fj888+XHG4AM7Uz1Go1gJnO+d69e0XbP//8
c/zyl78U/nmbJhIRESEKN2w2GwYGBhbcpsLCQlEnqLa2FhMTEws+zmLN7Rx5q4UAAI8fPxYlsvN1
jOLi4pCWliZ83dbW5pfOJfD7P7Duwgxf7iYvR7ixnLKyshAaGip83d/fj4aGBgwNDQmPaTQaJCYm
IioqyuPyxkqlEjExMUhMTBQl/yaTCXfv3kV//++H34WEhCArK2sZXs3ilkpzOBxQKBSYnp52+zN2
[...]
z0fniZNZjwIARWcNDgBK0sj8VNYjJKelrjH+8tI78Xpn36HFje/raGyJv7z0TrTUNRZle8eBfRuA
UiVwAFCSHizMZD1CUlrqGuO9/qvRUF1b9G03VNfGvzt/pWhRJXX2bQBKlcABQMkZW5yNfMEpD8/r
UdzIMjA0VNfGWz39EVGW2QypyBe2YmxxNusxAKDoBA4ASs74kjd/+/Hu2UtH4uiJ862no6G6Jusx
kmAfB6AUZf9qBQCKbHJ5PusRknHpVO8z17/Ib2/tXu3kIBYCbaiujdc7zz31VJhLp3rjs7HBl97O
cWcfB6AUCRwAlJTFjbVYzW1kPUYyrnSee+pj317h5OvIbecPdJtjizPxH1776ROPGmmpa4hvT1PZ
OdBtHjeruY1Y3FiL5tr6rEcBgKJxigoAJWV6ZSHrEZLR29z+1FNTFtZX4neDXxx43IiIyG1vxZ3p
sSc+1tHYEuLG87GvA1BqBA4ASsrM6lLWIySjp7ntqY99MHTjULe9sL5yqD+/FNjXASg1AgcAJWVu
bTnrEZLxtHUwxhZnYjW3eajbnl9fifwT1vQYW3QJ1OdlXweg1AgcAJSMrcJ2LG2uZT1GMp62uOj8
+moc9mkiq7mN+Gzs3g/ex9Mtba7FVmE76zEAoGgsMgpAyVhcX816hKQ8bf2NqSKt7TA0NxlTKwvR
29weue2tGFucOZArtZSSxfXVaGtoynoMACgKR3AAUDIcvbE/T4sJ3y70WRyruY24PT0aQ3OT4sYL
sM8DUEoEDgBKxsqmy8Pux9MW+jy5e6lWjjr7PAClROAAoGSs5rzZ24+n/X31NLdHQ3VNkafhRdjn
ASglAgcAJWM9n8t6hKSMLc4+9bF/d/5KESfhRdnnASglAgcAJWNzy5u9/Rh9xqKeLXWN8V7/1acu
RMrRYJ8HoJR4VQJAydi0SOW+XRu7Fz89e+mJj3U0tsR/eO2n317tZHkx8oX9//3mtreeutYHL88+
D0ApETgAKBlb29tZj5CcobnJuHSqJ1rqGp/4eHVFZVw61RuXTvW+9LZGF2dibHEmxhZnXTHlgNjn
ASglTlEBoGRsF7zZexEfjtwuSnDobW6Pn569HP/htZ/G653nnP5yAOzzAJSSyqmZmaxnAIAD0dHe
/szHC0Wa47hZWF+J3w1+UbQ1N6orKuP1zr7obW6PD0duO4XlJTzPPu+1IADHReUPvRgEAHgUOd49
e+mpp6sctEcLmf5/g1/EvMhxaLwWBOC4cIoKACXDk97LeRQ5rk8OR75Ia2RUV1TG/9V/NU4WKaoc
N/Z5AEqJ5z0ASkZFeUXWIyQvt70V1yfvxz98/VF8NHI7xhYP//SG6orKf72SS9mhb+u4sc8DUEqs
3gVAyaisqHihS5nyuNz2VgzNTcbQ3OTufS11jS+0Rkd1RWV0NLbE+dbTUfWU72+pa4wLrafjm+9s
jx9WWSFwAFA6BA4ASkZNRWWs5zezHuPYepnFQEcXZ+L65P34+fkr0dHY8sSv+VHPxfhm7mFE7Lzw
dkpNjSvRAFBCnKICQMmoqazOegSeIbe9Fb8b/OKpoaS6ojJ6m9uKPFXa7PMAlBKBA4CSUVflzV4K
Phi68dTHeppd8WM/7PMAlBKBA4CS0VBdm/UIPIfV3EaMPmXx0obqmiJPkzb7PAClROAAoGQ01niz
l4qF9dUn3t/icrH7Yp8HoJRYeQqAktFUU5/1CMmprqiMnua2qKqojLHF2VjNbRRlu89ah4PnZ58H
oJR4lQBAyWiua8h6hKS01DXGe/1Xd6PC2z398aeR20W5VOvTjtTIb7vM737Y5wEoJU5RAaBkVJZX
+ER7H17vPPfYERM/6rlYlKMoWp7yxnz+JS5FW2qaauqjsrwi6zEAoGgEDgBKSmv9iaxHSEbvE65Y
Ul1ReejrYDRU1z5x2xERq7nNQ932cWJfB6DUCBwAlJT2hqasR0heR2PLof78f3f+ylMfG3vK1VV4
nH0dgFIjcABQUk4d8pvz42RqZeGJ9796qudQTlOprqiM9/qvPnP9jdHF2QPf7nFlXweg1FhkFICS
0lxbHw3VtUW7GkjK5tdXnni0RnVFZfzlpXfi+uTwgfw9VpVXRseJ5jjf2vnMcHJt7F5E7Lz09kpB
Q3VtNNdabwaA0iJwAFByOk+cjHuzE1mPceTdmR6LS6d6n/hYQ3Vt/PTspaLNsrC+Et/MPSza9lLX
eeJk1iMAQNE5RQWAktPd1Jb1CElYzW3EUBEuCftD8ttb8cHQjXD0xvOzjwNQigQOAEpOT3NbVJU7
iPF5XBu7l+npPPntrfjd4BdOKdqHqvLK6GkWOAAoPQIHACXpTMuTL0PKXrl/PXoii8CwsL4S7w9+
EfPrK0Xfdsrs2wCUKoEDgJJ09mRH1iMkY2F9Jf7f258+9aoqBy2/vRXXJ4fjd4NfxIK4sW/2bQBK
leNzj7hcLhdjY2Px4MGDWFpaioiIpqamOHPmTPT09ER1dXXGEwKkqfPEyWiqqY+lzbWsR0lC7l9P
FelobInzrZ3R29wWVQd8qdixxZkYXZyNscWZyG1vHejPLhVNNfUWGAWgZAkcR9js7GzcvHkzpqam
9tw/MzMTMzMzMTY2FgMDA9HW5jxbgBdxvq0zvhj/JusxkjK1shBTKwvx0b/eftJlZCMiTtY1xls9
F5/42LWxe7unneS2txylcYDOt3VmPQJFUigU4v79+3H37t2IiHjllVeir68vyssdoA0vqlAoxOzs
bIyOjsbMzEysrX37IUh9fX20t7dHb29vtLW1+T07wgSOI+r+/ftx586dWFl5+ou+qampWFtbi1df
fTX6+vqKNxzAMXGxrSu+Gh+KgqtzvLAXOW1lfn2laKe7lJLyKIuLbV1Zj0GRLCwsxMTERKyurkZE
xMTERLS0tERra2vGk0GaFhYW4s6dOzExMRHb29t7HlteXo7l5eUYGRmJzs7OuHTpUrS0PDnwky2B
4wgaGhqKu3fvPjNuPLKyshJ37tyJQqEQFy5cKMJ0cLQsLi7G4OBgTExMRC6XO9RtdXd3R39/f7S3
W8DvuKiuqIz+U91xZ3os61HgpfWf6o7qAz5tiKPr0Ruu795eWloSOOAFjI2Nxa1bt2JxcfGZX7e9
vR1jY2OxsrISly9fjp6eniJNyPPyLHiEbG1txY0bN+LBgwf7eqO2srISX3/9dSwvL8eVK1eistL/
rZSGL7/8MgYHB4u2vfHx8RgfH49z587Fm2++GVVVVUXbNofn1VO9AgfHwqunerMeASA5MzMzMTQ0
9INx47sWFxdjaGgoampqfPB1xHgnfERsbW3F9evX48GDB5HP5/f9/blcLkZGRqJQKMQbb7whcnDs
3bx5s6hx47uGh4cjn8/Hu+++m8n2OViN1bXxSntP3J0ROUjXK+090Vhdm/UYFMnGxkasra1FoVDY
va9QKMTa2lpsbGxEba19AZ5HLpeLBw8ePLbmYXV1dZw8eTKam5sjImJpaSnm5ub2fAg9NTUVDQ0N
0dTU5MIPR4h3wUfAyspKfP755zEzM7PniWq/8vl8jIyMxMbGRrzxxhvR2Nh4gFPC0bG4uBi3bt3K
dIbx8fEYHh6Oc+fOZToHB2Og40zcnRmPsBYHSSqLgY4zWQ/BIcvlcvHw4cMYGhqK+fn5x9YI2NjY
iFu3bsXdu3ejra0tLly4EO3t7d54wTNMTU3F7OzsnvtaWlpiYGAgurr2rmk0MTERN2/ejIWFf1tD
anZ2NqampqK31xF0R4XAkbGVlZX47LPPYm5u7qXixiPb29vx8OHDyOfz8fbbb4scHEuDg4Oxs7P3
jWh7e3ucOnXq0La5uLgY4+Pje+67d++ewHFM1FfXxJXTZ+PGw+GsRzk2nnWZ17xLwB6oK6fPRn11
TdZjcIimpqbi1q1bMTs7+9jz3/dtb2/H1NRUTE1NRXt7e1y+fDk6OjqKNCmkZWlpac+6hw0NDdHf
3/9Y3IiI6Orqinw+Hzdv3txd3Hd9fX333zkaBI4MPaqAS0tLBxI3HikUCjE3Nxd/+tOfnlgfIXUT
ExN7bre3t8cvfvGLQ9/u99f8+G7BJ32vd56L+/MPYzW3kfUox8LC+krktrceW/Qyv721e4lYXl5D
dW283im0Hlfb29tx7969GBwcjI2N/f+3aWZmJj755JO4ePFi9Pf3R0VFxSFMCWnK5XKxubm5531Y
W1vbMxfqbW5ujpaWlt2okc/nY3V1NXK5nKOljggX8M3I+Ph4fPHFF7GwsHCgceORQqEQCwsL8cUX
Xzz2qTOk7vuL8B7mkRvf1d3d/dh909PTRdk2h6+srCze6Dqf9RjHyrWxe4/d99kT7uPFvdF1PsrK
yrIeg0Owvb0dg4ODz4wbFRUVceLEiThx4sRT48XGxsZuJPn+aS1QynK53GNrH5aXl0d5+dPfItfW
1j62xs3W1tahX8mP5+cIjgzcvn077t69W5RfhLW1tbh27VosLy/HpUuXDn17kIW1tbWibausrGzP
4cHeWBwvfSc7YmxxJh4sCFcHYWhuMlZzG9Hb/O0K86OLMzG14sing3Km5VT0nXTqwXH1zTffxL17
9x6LG7W1tdHd3R1nz56N5ubm3bCxvb0di4uLMTIyEuPj43u+71HkKC8vj1deeaWofw44Tmpqaizi
e8QJHEX21Vdfxf3791/oSikvanNzM+7cuRO5XC7eeOONom0XimV4eDiam5uju7s76uvrD3VbP3Tu
M+l7q/tiTC7NR75gnYiDMLWyIGocgqryynir+2LWY3BIHj58+FikiPh2DYDLly/HyZMnH/ueioqK
aG1tjdbW1jh37lzcunVrzymdGxsbMTY2Fk1NTXH69OlD/zMAZKHs17/+tVfrRZDP5+PTTz+Nhw8f
ZnZ4YGVlZfT09MSbb74ZVVVVmcwAB+Hv/u7vsh5h1/eP4Ojq6or+/n7XRE/c0NxkfDRyO+sx4Kl+
evZSnG/tzHoMDkEul4vr16/H/fv399zf398fly5dipqa51tQdnNzM27fvv3YJdX7+vri9ddft14A
x97i4mJ88803MTo6Gltbj39o8UMfWn3/qN0XUVlZGWfOnIkLFy7sXnKWw1Xxzjvv/D9ZD1EKrl+/
HmNjY5me+1goFGJlZSXy+Xx0dnpRRLpu3ryZ9QhPtby8HMPDw7G2tvbENTtIw8m6xljP5yyGyZF0
sa0rrlhY9Nh6+PBhjI6O7jl6o6urKy5evLivq+NVVlZGdXV1bG5u7rlKREREfX19nDhx4sBmhqPo
97//fczNzT0xbhTLo/dfk5OT0d/fn9kcpcQio0UwPj4ew8PDR2Jhp+3t7RgZGYmZmZmsR4FjbXh4
OD777LOsx+Al/NmZV6Ot3hsAjpa2+hPxZ2dezXoMDtHc3FwsLy/v3m5oaIgzZ8488bSUH3Ly5Mno
6emJurq63fuWl5djbm7uQGaFo2x1dTXTuPHI1taWS8kWkcBRBCMjI4dypZQX9WhVbuBw3b9/X0xM
3E/OXo6qcstVcTRUlVfGT85eznoMDtH6+nqsr6/v+VCsvb09WlpaXvhntra2RkfHvy1Gu729HWtr
a7G+vv5SswIcRV61FcFRu0zrzs6ON10cKwMDA4d+qdgfOgdzbW0tJiYmHvt9Hx4eth5Hwppr6+Pd
c5fjg6HrWY8C8e65y9Fce7gLKZOtpaWlxz7pbWhoeKkFtOvr6x87tWVjYyNWVlb2HNkBx11jY2O0
t7fv7ve5XC6mp6djaWlp92taWlqivb39mesVzs7OxtTU1O7tpqamOHXq1O66Nvl8Pubm5hwplRGB
owTt7Oy4VjPHzlGICOfOnYsPP/xwT+T47gr2pKmnuS1+3PtKfDJ6N+tRKGE/7n0leprbsh6DQ/b9
mF5XVxf19fVRXv7iB12Xl5dHXV1d1NXV7R61USgUjsSp01BMjY2N0dfXF62trRERsbKyEpubm48F
jv7+/mdGxdu3bz8WOL67Rs76+nrcvXtX4MiIU1QADtD3V8gWE4+H/vbueLPrfNZjUKLe7Dof/e0W
LS5FFRUVLxU3HikvL4+Kiord2/l83vMTPEF1dbWrTSZO4ACA5/Da6bNx5bQrV1BcV06fi9dOn816
DI6Zra0tgYOS9+gIqUfxr7q6Ourr638wcFRVVe2ejlJRURH19fVO9zpCnKIC8JLW1tZibW1t9985
vt7o6ouIiBsPh7MdhJJw5fS53X0OgINVUVER58+fj7KyslhYWIiurq7o6en5we979DUTExPR2toa
fX19e46QIlsCB8ALyOfzMTg4GCMjIy79VWLe6OqLivLy+HJiKOtROMbe7DrvyA2AQ9bQ0BBXrlzZ
1/fU1NTEhQsX4sKFC4c0FS9D4ADYp8XFxfj0009jYWEh61HIyGunz0Z1RaWFRzkUP+59xZobAPAC
BA6Afcjn8+IGEfHtwqN1VTXx4fCtyBe2sh6HY6CqvDLePXfZ1VIA4AVZZBRgHwYHB8UNdvU0t8W/
f/WtaKs/kfUoJK6t/kT8+1ffEjcA4CU4guOI6+zsjN7e3seuxby2thajo6MxOTmZ0WRQmkZGRvbc
rqqqioGBgWhpaYmIiOHh4RgetgBlKWmurY//+9W34+MHd+Le7ETW45Cgi21d8WdnXs16DDK2vb0d
a2trsbm5uXvf+vp63Lp1K4aGXm7Nn83NzVhfX9+9XSgUYmtrK7a3ty2OCBwrAscR1tbWFv39/dHR
0fHEx+vq6iKfz8fs7GyRJ4PStLa29tiCogMDA9Hf3797e3p6uthjcUT82ZlXo72hKT4bveeUFZ5L
VXllvN17Mc63dmY9ChlbXFyMu3fvxsTEROTz+d37t7e3Y2lp6cC3t7m5GXfv3o2VlZV45ZVXorm5
+cC3AZAFgeMIq66ufuZ1mCsrK3evwQwcviddAvbRkRsQEXG+tTNON56Ma+P34sGC2MXTnWk5FW91
X4z66pqsRyFjc3Nz8fXXX8fU1FRRt5vP52NkZCTW19fjypUr0draWtTtAxwGa3AAPKcnfcLliA2+
r766Jv6877V499xANFTXZj0OR0xDdW28e24g/rzvNXGDyOfz8eDBg0yPxp2bm4uRkZE9R44ApMoR
HADPqaqqKurr6/ccyXHz5s1YX1+Prq6uqKqqeuJRHpSmvpMdca7lVFyfHI4bD0ciYifrkchUWVw5
fTZe7zwXZWVlWQ/DETE4OBhzc3Oxvb29e191dXW0tLREU1PTM4/kfRH5fD6WlpZiYWEhcrlcRHx7
Gsz8/HwMDg7GwMDAgW4PoNgEDoB96O/vjy+//HLPfffv34/79+9nMxBHWllZWbzR1RcX27ri5tSD
uDszlvVIZOCV9p4Y6DjjiA0eMz09HRsbG7u36+rqYmBgIM6ePRvl5YdzoHWhUIgHDx7E119/vbvw
6MbGRkxPTwscQPIEDoB96O/vj5GREZeKZV/qq2vind7+uNTRG3emR2NwejwKjug41sqjLPpPdcer
p3qj0alKPMXMzMye283NzdHU1HRocSMiory8PFpaWqK1tTXGxr6Nruvr63uusgKQKoEDYJ9+/vOf
xz/90z+JHOxbY3VtvN3TH6939sW92YkYmp2MpU2nNR0nTTX1cb6tMy62dUV1hZdZHE3V1dVRV1eX
9RgAB84zL8A+VVdXx3vvvRfDw8Nx7949oYN9q66ojIGOMzHQcSYml+djZH4qHizMuLxsoqrKK+NM
S3ucPdkRnSdOZj0OAJQsgQPgBZ07dy7OnTu3576bN2/GzZs3M5qIFHWeOBmdJ07GT85eirHF2Rhf
mo3J5flYzW388DeTmYbq2ug8cTK6m9qip7kt63E4JiYnJ2NycjLrMQCSJXAAwBHR0/xvb5YXN9Zi
emUhZlaXYm5t2aksGWuqqY/W+hPR3tAUpxpborm2PuuRAIDvETgA4Ahqrq2P5tr66G/vjoiIrcJ2
LK6vxtLmWqxsbsRqbiPW87nY3MrF5vZWbG1vx3ZhOwoR4ZK0z6ssyiOiorwiKisqoqaiMmoqq6Ou
qjoaqmujsaY2mmrqo7muISrLK7IelmOoqqoqtre3o1AoZDpHeXl5VFTYx4H0CRxF0N3dHZOTk/t+
8srlcrGwsLDn2ujftby8vHsN8/0oLy+Pzs7OfX8fHBVVVVWRz+d3b39/FfosfX+W+nqf8nIwKssr
oq2hKdoamrIeBTgg/f39MTk5GfPz85nO0dzc7LUhcCwIHEXQ1dUVU1NT+w4cs7OzMTs7e+DzlJeX
R1dX14H/XCiW7u7uGB4e3r09PT0dH3zwQbS3t2c4VcTExMRjC46eOnUqo2kAOOoGBgair68vpqen
Y3V19YlfMz8/H7Ozs3vCfkdHR7S1PXntl9nZ2Ziamtq9XVVVFW1tbXHy5JMXwG1oaIhTp065qgoc
kK2trRf6EJqDIXAUwblz52J6ejrGxsaeejRGsZSXl0d3d/djCyNCSgYGBvYEjohvI8f09HRGEz3d
wMBA1iMAcITV1dXF2bNnn/r4xMREbG5u7jnKI5fLxYkTJ6K7uzvKy8sjIqJQKMTExERMTEzs+f6G
hoY4f/68D7coOd8/BWxlZSU2Ng5/Ae/l5eWYm5vbve0UsOISOIrk6tWrsbW1FQ8fPswsclRUVMTp
06fj6tWrmWwfDkp9fX0MDAwc+auVDAwMOEUFgJfS0dERs7OzsbS0tPsacmFhIT7//PMYGRmJ5ubm
iIhYXFyMubm5PZ8cV1RUREdHR3R0dGQyO2Spu7s75ubmYnl5OSK+DRzXr1+PycnJQztiaX19PWZm
ZmJlZWX3vvr6+qceccXBEziKpKqqKt59990YGxvbrevfPdTwMFVWVkZXV1d0d3dHT09PUbYJh+3R
kRFHNXIMDAw4egOAl1ZRURE9PT2xtLS05xKyuVzuBy8re+rUqejp6fHpMSXp3LlzkcvldgNHxLeR
47vxoRiam5ujv7+/qNssZQJHkfX09IgMcEAGBgaiu7s7BgcHY3p6OtbWsr2MZn19fZw6dSr6+/t3
P1EDgJd18uTJeO211yIinhk0vquzszMGBgaeuvYGHHft7e2xubkZa2trsbi4mMkMzc3N0dPT43Vh
EQkcQNKam5vjnXfeyXoMADhULS0tcfXq1WhoaIiRkZGnHglcVVUVZ8+ejf7+/mhoaCjylHC0PPpg
+datW0WPHM3NzXH58mUfbhdZ2a9//eudrIcAAACez8LCwu6Vu9bX1yPi28VKW1paoqurK1paWjKe
EI6WlZWVGB8fj9HR0VheXj60NRHLy8ujqakpent7o7u7OxobGw9lOzydwAEAAAAkrzzrAQAAAABe
lsABAAAAJE/gAAAAAJIncAAAAADJEzgAAACA5AkcAAAAQPIEDgAAACB5AgcAAACQPIEDAAAASJ7A
AQAAACRP4AAAAACSJ3AAAAAAyRM4AAAAgOQJHAAAAEDyBA4AAAAgeQIHAAAAkDyBAwAAAEiewAEA
AAAkT+AAAAAAkidwAAAAAMkTOAAAAIDkCRwAAABA8gQOAAAAIHkCBwAAAJA8gQMAAABInsABAAAA
JE/gAAAAAJIncAAAAADJEzgAAACA5AkcAAAAQPIEDgAAACB5AgcAAACQPIEDAAAASJ7AAQAAACRP
4AAAAACSJ3AAAAAAyRM4AAAAgORVZj0AT7a1tRUbGxsREVFXVxcVFRUZTwQAAABHl8BxRN24cSPu
3bsXLS0t8ctf/vKlflYul4tcLheNjY0HNB0AAAAcLQLHCxgdHY25UBQQ4gAAG5tJREFUublobGyM
CxcuHPjPX1lZiW+++SbKysri7bfffqmjN9bX1+P999+PXC4Xb7zxRrzyyisHOCkAAAAcDQLHC5if
n4/BwcHo7u4+lMBx+/bt2NnZiStXrkRLS8tL/azl5eXI5XIRETEzMyNwAAAcAXNzc3H37t2Ynp6O
nZ2daGxsjI6Ojjh37lxyR90WCoUoL9+7tN/GxkZUVFREVVVVRlMBpUjgOGIWFxdjeHg4Tp48eSAx
or29PS5duhQrKytx+fLlA5gQXs7Ozk5MTEzEgwcPYm5uLjY2NqK2tjba2tqit7c3urq6oqysLOsx
X8jW1lb87ne/i9OnT8fVq1ezHgee6ObNmzE/P//Y/WVlZVFTUxPNzc3R3d0ddXV1GUwHL+bmzZux
tLQU77zzTlRWPvvl7c7OTvzLv/xL9PX1RXd396HN9KznhIcPH8Y///M/x+nTp+PNN9+Mqqqq2Nzc
jJmZmVheXk4mcBQKhfj8889jZGQk6urq4urVq9HZ2RkREZ999lmcPXs2ent7M56S46xQKMT4+HiM
jY3F7OxsbG5uRlVVVbS2tkZPT0/09vZay7DECBxHTFVVVfzyl7+MhoaGx0r4iygvL48rV64cwGTw
8ra2tuKTTz6JycnJuHDhQvzoRz+K6urqyOVyMTMzEx9//HGcPn06fvzjH//gC9SDsrKyEvfv349X
XnklampqXupnlZWVRW1trU+rONKWl5djbW0t+vr69txfKBRiY2MjhoaG4ssvv4yrV68eylGKcBiW
l5djbGws6uvr44033vjBr5+cnNx9I/4ynvUc8qznhK+++iq6urri3Xff3XP/938vj7rh4eFYW1uL
X/3qV7G5uRlfffVV3L59OyIi8vn8gfwdw9Nsbm7Ghx9+GMvLy3HhwoU4d+5cVFVVxdbWVszPz8eN
Gzfim2++iZ/97GdRW1u7+30H+dqPo0fgOGLq6+ujvr4+6zHgUHz66acxNzcX7733XjQ1Ne15rKur
K/r6+uL3v/99fPnll/H2228XZaaNjY24c+dO9PX1vfSTXEVFRfziF784oMng8DQ0NER/f/8TH9vZ
2Ym7d+/G559/HjU1NdHT01Pk6eDFlJeXx927d6Orqyva29uLss1nPYc87TlhfX09lpaW4rXXXivK
jIepvr4+Xn/99Thx4kScOHEifvGLX8TU1FTs7OxER0dH0T6soDR9+umnsbm5Ge+9995j759Onz4d
58+fj3/+53+Ojz76KH7xi1/sHiF8kK/9OHr8V+eAXbt2LfL5fLz22mtRX18fo6OjMTo6Gmtra1FZ
WRmtra1x/vz5OHHixDO//9VXX33i+huFQiEmJydjfHw8lpeXo1AoRGNjY3R1dUVvb+8Tj/rY7898
dB5oZ2dn9PT0OKyLA/Ho8MFf/vKXj8WNR06cOBFXr16Njz/+OC5cuPDSa9AA+1dWVhavvvpqLCws
xPXr16O7uzvZ08YoLR0dHVFeXh6fffZZvPfee0f2zXU+n4+IOBangZ0+fXrP7YqKiujq6spoGkrJ
0tJSTE5OxrvvvvvUD4dramri7bffjvfffz8mJyftmyXiaP6XP2GTk5Oxvr4e/f39cf369RgfH9/z
+NzcXAwNDcVPf/rTJx629+j7n3SI4sbGRnz44YcxNze35/7FxcUYGxuLO3fuxLvvvvvYeZvP+pnr
6+vx4YcfPnY+9sLCQoyOjsatW7fiZz/72VODDDyvRwvztrW1PfPrenp64tq1azExMfHEwLG5uRnz
8/ORy+WisrIympubo6Gh4bGv29nZieXl5aivr4/KyspYX1+P+fn52NnZie7u7tjY2Ih8Ph9ra2sR
8e3hio8WSXvSuc87OzsxPz8fq6urUVFREU1NTU/8upWVlaiqqtr9ROCH5nj0xvF5/1xQLOfOnYvR
0dFYXV19bF9/kf01n8/H3Nxc5HK5qKmpidbW1qisrIxcLhebm5tPfJ45iN93R6CUjrKysrh69Wq8
//778fXXX8ebb775Qj9nZ2cnFhYWYnV1NSK+PeKppaVlT+hbX19/rueQ7z4n5HK52NjYiJWVlYiI
3eeTiNjddwuFQqysrOze/r7t7e2Yn5+P9fX1Zz4XPfIiv6v73cbz/H096Xue5zn1kZWVlVhaWoqt
ra2orq6OkydP+uS9xK2vr0dE/OB7lObm5mhsbIzZ2dloaWnZ92u/59m3n/e13qOv3c++z/4JHIfk
1q1bsbCwEO+8887uG7r5+fn46quvYmNjIz755JP4i7/4i6iurn6un7e1tRV/+MMfYmVlJRoaGmJg
YCBaW1sj4tvAcePGjVhaWoo//vGP8atf/eq5PrXI5/Pxhz/8YffF68DAQJw8eTIivq2ij/4Mv//9
7+NXv/rVsfikgWw8WmPjJz/5yQ9+bXl5eVy8eDF2dnb23L+9vR1ff/11DA4ORl1dXTQ2Nsbq6mqs
rq5Gb2/v7noej+Tz+fjtb38bf/7nf777O/Lo5//H//gf4+bNmzEyMrK7nQ8//DAivn2R+Rd/8Rd7
tj03NxfXrl2L1dXVaG5ujnw+H0tLS3H27Nn40Y9+tOf37Y9//GP09fXFpUuXnmuOQqGwrz8XFMuj
85UfXYkrYv+/h4+MjIzE559/HhHfvhjd2NiIra2teOutt3YXKfxP/+k/vfB2nvV7JnCUlkcLXX78
8cfR1dUVp06d2tf3z87OxrVr12JlZSWam5sj4tvXWQ0NDfHWW2/tnvryvM8h331OmJqaik8++WT3
sY8//nj3jc/PfvazOH36dORyud19+ftHRzx48CC++OKLiPj292h9fT3W1taip6cnfvSjH+15w/+i
v6v72cZ+/r6+az/PqZubm7sfetTX10dNTU0sLy/H1v/f3r1+NXXlfxz/nBhohFwgGi6K4AVoATGW
Ksp0ipfWNWvN4/kb+tf1+bim43IVg3WAUcBWwFAFCsglXCVAIJffg/6SMRJyOSTSo+/XwxD22ees
vc/e+e5bNKqWlha1t7cXZc86WE+y/L59+zZnkKO7u1s2m62gvl8hZTtXXy9Zzwsp+zCPp1gioVBI
d+/eTYvIOZ1OeTwePXjwQHt7e1pYWFBjY2Ne6Y2NjWlra0tOp1O9vb1pG+U4nU6dOnVKDx8+VDgc
1tTU1KFrq99PMxwOp9ZMvttoJY8q6+/v18rKikZHR3Xjxo0CngDwP2/fvpWUO8qe9P7GuIlEQkND
Q1pfX9c333yT1qisrq5qYGBAQ0ND+stf/nIgrampKW1vb+vWrVuqqqpKdYS6urrU1dWlUCikvr4+
fffddxkj6KFQSP39/WptbVVLS0uq8dnY2NDAwIAGBwd18+bNnFP4M+UjkUhocHDQ1H0BpRaJRCQp
VebN1sM3b95oaGhI7e3tamlpSY1Yb2xs6OnTpwc2YCxFfcen5dy5c5qfn08tVcl34+dQKKRAIKCL
Fy+qt7c39QNqb29PY2NjCgQC+vrrr+Xz+fJuQ97V0NCghoYGbWxs6MGDB7p9+3ZqYCmX2dlZDQ0N
qaurS+fOnUuV7WQ96u/v161bt3TixAnTdaiQaxT6vN59xvm2qYlEQgMDA9rf39d3332X6kMkEgn9
/vvv+u9//ytJunz5cl7PEB+Xqqoqud1uPX/+XNXV1VkHYpMzggvp+xVatqXsbVCx+pPIjZa/RC5e
vJixwrjd7tRo0vr6el5pRaNRvXr1SpLk9/vTghtJDodDV65cyXv37Wg0qtevX0uSOjs7M07zs9vt
qWPN5ubmUtO5gEIlR4DNzkRYWVnR3Nycrl+/fmA0yOv1yu/3a2FhQRsbGxn/t6enR16vt+AfO9Fo
VAMDA2pqalJbW1taZN3j8ejatWt68+aNFhcX87qH9/NxlPsCSm12dlYOhyP1o8JMeY3H4xoZGVFj
Y6O++OKLtD2dPB6Penp6tLm5mZbWcdV3fFz8fr/29/f14sWLvL4fjUY1ODiohoYGXblyJa29Ki8v
l9/vV0NDgwYHBxWNRkuV7Yz29vY0PDystrY2NTU1pZVtj8ejGzduKBwOa2ZmRpK5OlToNcw8r0Lb
1M3NTS0vL+vKlStpAySGYaixsVFtbW0KBoOpPU3waTEMIzX4+uDBAwWDwdSylaM4yrvgsDaomP1J
5EbrXyLZIvLJl/S7036zWV5eViwWk8PhUE1NzaHfO3v2rLq6uvKavZFMs7y8/MAUyHdVVVWlop5U
OpgVj8clyfQPDofDoWvXrh1ar5LLtTIF4ZqbmzMGBfMxNzenSCSitra2jH+vrq5WbW2tZmdnc6aV
KR9HuS+gVBKJhF69eqWpqSm1t7enRpPMlNfV1dWMR9ImORwOXbp06cBnx1Hf8XFxOBy6evWqfvvt
Ny0tLeX8/vz8vHZ3d7OebNLR0aFIJKK5ubliZjWnN2/eaH9//9B6VFFRofr6+lQ/zUwdKvQaZp5X
oW1qLBaTpENn4DQ2Nsrv9x9Y0opPh8vl0rfffqvW1lYFg0H985//1KNHj/Tbb7+l9rop1FHeBYe1
QcXsTyI3lqiUSLbpkMkRrOSPvlySG9ucOnWqaNOWkmn6fL6caZ4+fTptgx3gQ3M6nVmn/iYj4cnO
0Pv/a9bi4qJOnz6ddSOz6urqvBqkTPk4yn0BRxEOhzU5OZn2WSKRUCQS0eLiojY3N9XR0ZH2Y8dM
eV1bW5PNZsu6ufD7a46Pq77j49PQ0JC2VCXbLMKlpSX5fL5DT2OQ/tjfo6amRktLS2pqaipFljNa
WVnR6dOnswbvOjo6UqPJZupQodcw87wKbVPdbrc+++wzjY+P66uvvjrwrqioqNDFixcPTQufBrvd
rtbWVjU3N2t5eVkLCwuamJjQyMiI6uvr1dbWVtCpfEd5FxxW74rZn0RuBDgsILkOupi7RSdnj+ST
ZvI7u7u7Rbs+Pi3JINpRR1ni8bhWVlZSu7snO2elGr0Jh8OKRCL6+eefs37nqHXjQ98XEIlEtLy8
nPaZYRgqLy/X+fPnVVdXd+hJC4WU152dHTmdTlPBeeoFisHv9+vf//63Xrx4oatXrx76vbdv32bc
EPN9Ho/nQN0ptXA4nPPkk0z7DxRShwq9hpnnVWibarfb1dPTo2fPnun+/ftqbGyUz+eT1+vlBBUc
YLPZVFtbq9raWnV2dioUCunly5d6+PChOjs785rhLpXmXfCh+pP4AwEOC0hGrIu55jM5iySfNJPf
yXeTLuB9yVGz/f1909PHV1dXNTQ0pL29PZ07d04VFRUqLy+XYRiKx+Oanp4uZpYl/REIdLvdWZdx
STrSzKrjuC/A6/Wqp6en4P8rtLzG43FTe+9QL1Asn332mb788ks9efJE9fX1h77PY7FY2h4xhzlx
4sQH3/MhuaS4EIXWoUKvYeZ5mWlTvV6v7t69q6WlJS0uLmp0dFThcFi1tbVqaWnJunQbny6bzaaa
mhr5fD69fPlSo6OjqqqqyitwUYp3wYfoT+J/CHBYQPIH4fsbsX2oNJNr2FjXDLOS0/y2trbyOkll
bm5OsVgsdcrQ1taWHj16pJaWFn3++ecHGp5YLKanT58WPd/l5eVyu90lmwJ7XPcFmGGmvNrt9oI3
faNeoNjOnDmjxsZGPXv27NBTVcrKyvL6sbK/v//Bj+4uKysraGTXTB0q9BpmnpfZNtUwjNTI/JUr
V7S1taXp6WkFAgFdvnxZra2tBaWHj0M0GpVhGFmDEYZhqLW1VTMzM5qZmckrwFGKd0Gp+5NIxyaj
FpDcDGp9fT3rhjk7OzsKhUJ5nc7ybprZNjDc39/XwsKCJGVdQw1kU1FRocrKyrw3qh0bG0srx1NT
U3K5XGpra8srql4sLpdLa2trJUv/uO4LMMNMea2srNT29nbee06ZvQ6QS2dnp+LxuH755ZeMf3e7
3VpdXc2ZztramjweT7Gzl5XL5Uodt36YWCyW+lFmpg4Veg0zz6tYbarT6VRHR4fa29v166+/ppZy
49MSCAQ0Ojqa83uGYai6ujrvDdtL8S4odX8S6QhwWIDL5UrthD0+Pn7o90ZGRtTX15c6witXmskg
R7Y0g8GgYrGYKioqUt8HzLh06ZKmp6dzNjDr6+va3NxMm8YXDoezruMvxrFgmdTV1Wl5eTlnp8+s
47ovwAwz5dXr9SqRSGQNbr4/Uka9QCkkl6pMTU2lBm7eVVdXp7W1tazHcm9ubmplZSXnNPNi8/l8
Wltby9oWjYyMaGhoSJK5OlToNcw8r0Lb1MnJSb18+fLQv9fX1yuRSLAJ/ieqqqpKy8vLeQXQt7a2
8p6JXop3Qan7k0hHgMMi/H6/JGlmZkajo6NpHcJoNKrR0VHNz8/LMIxDj/jKlKZhGJqamtKvv/6a
th9HLBZTMBhMBT/8fr/pIz4BSTp//rwqKyv19OnTQ08FSZblU6dOpa2rraysVCgUyjhlcH9/X8+e
PZNkbvPB5OhWpmObz5w5I4/Ho+Hh4UPzPD09bToqX8r7AorNTHn1eDzy+XwKBoMZO6FbW1sKBoNH
vg6Qj/r6ejU1NaXK0Ltqa2tVXV2t58+fZyyr8Xhcz58/V1VVlerq6lKfZ2tDiqW2tlYul+vAyUdJ
4XBYc3NzOnPmjCRzdajQa5h5XoW2qYZhaGJi4tBnm/xepg1W8fG7dOmSwuGwxsfHs7YHs7OzWl1d
TZVdKXu9NfsuyKbU/Umk4xerRXi9XnV1dckwDE1OTur+/fsKBAL6+eefdf/+/VSDdPXqVbnd7rzS
rK6uTqU5MTGRSvPx48e6f/++nj9/Lkm6fPmy6uvrS3Zv+DTY7XbdvHlTW1tb+umnn/TmzRtFIhHF
YjHt7Oxofn5efX192tnZ0fXr19NGns6fP69oNKr//Oc/Wltb097enra3tzU7O6uffvpJVVVVMgzD
VAfT6XTqxIkTevXqlSKRiCKRSKqhtNls6u7u1tu3bxUIBBQKhRSPxxWPx7W5uanh4WGNjo6aDv6V
8r6AYjNbXv1+vzY2NjQ4OKiNjQ1Fo1Ht7OxoZmZGgUDgwPJH6gVKqbOzM+PMBpvNpmvXrmlzc1OP
Hz/W6uqqYrGYYrGYVldX9eTJE21sbOj69etp7/xsbUix2Gw2ffXVV5qZmdHIyIi2trYUj8cViUQ0
NzenQCAgn8+nc+fOSTJXhwq9hpnnVWib2tTUJKfTqf7+fs3PzysSiSgej2tnZ0evXr3SyMiImpub
CXB8olwul3p6ehQMBhUIBDQ/P6/t7W1Fo1Ht7u5qdXVVT58+1eDgoJqbm9MCHLn6fmbeBdmUuj+J
dGwyaiHnz5+X0+nUxMSEFhcXtbS0lPqb1+tVe3t7wbtJNzU1yeVyaXx8XAsLC2lpnj59Wp9//vkH
n4qJj5fT6dSdO3c0MTGhoaGhtNGl5PGUra2tBzZtcjqd+utf/6rh4WE9fPgw9bnb7dYXX3yhhoYG
LS8v57X/zPvKysrU1dWlZ8+epZZ3/f3vf09NZXS5XLpz547GxsYUCARS0XzDMHT27FndvXs359F6
hynlfQHFZra8ut1uffPNNxoeHtaDBw9Sn3u9XnV3d2ttbU2hUOjI1wHyUV5eri+//FKPHz8+8DeX
y6Xbt2/rxYsX6uvrS73vbTabGhoadPv27dSm2Um52pBi8Xq9unXrln755Rf961//Sruf1tZWNTc3
p34cma1DhVxDMve8CmlT7Xa7vv76a42Pj2twcDBt5NvhcOjy5cts2viJq6ur07179zQ5Oanh4eED
G+X6fD7dvHnzwEBtPn2/Qst2LqXsTyKd8f333zPH04IikYh2dnYUj8flcDgKrmTZ0kwkEjp58iSn
pqCk4vG4tre3FYvFVFZWppMnT+Z1PNb29nZq5+pijtpEo1Ftb2/LZrOpsrIyY16S3zEMQw6Ho6hH
J5fqvoBSMFteM/3fxMSEpqam9Le//a1o1wGOKvm+l/7YKNtuzz4mmE8bUiyRSES7u7upa2Ub9TVb
hxYXF9Xf3687d+7I4/HkHFku9Hm9+z/5tKnJPkM0GlVZWZkqKio4UhNpEomEdnd3tbe3J8MwdPLk
yZz9tEL6flL+ZTuXUvYnQYADAAAcoydPnsgwDN24ceO4swLg/62trSkYDGppaUnXrl3Le68BADhu
LPQBAAAlMz09feiRe+vr65qfn1dDQ8MHzhWAbKqrq9Xd3a2Ojo6sJ5kAwJ8NAQ4AAFAysVhMjx49
0uTkZGp9dDQa1fz8vB4/fqyzZ8+mbf4G4M8jHA6zZBmApbDJKAAAKJmLFy/K6XRqbGxMo6OjMgxD
iURCZWVlamlpUWtrK2vpgT+ZyclJ/f7777LZbLp+/fpxZwcA8kaAAwAAlFRNTY1qamq0s7Oj3d1d
nThxQk6nkyPxgD+p2tpa1dXVyel0HndWAKAgBDgAAMAHcfLkSU5DASzA5XIddxYAwBSGTgAAAAAA
gOUR4AAAAAAAAJZHgAMAAAAAAFgeAQ4AAAAAAGB5BDgAAAAAAIDlEeAAAAAAAACWR4ADAAAAAABY
HgEOAAAAAABgeQQ4AAAAAACA5RHgAAAAAAAAlkeAAwAAAAAAWB4BDgAAAAAAYHkEOAAAAAAAgOUR
4AAAAAAAAJZHgAMAAAAAAFgeAQ4AAAAAAGB5BDgAAAAAAIDlEeAAAAAAAACWR4ADAAAAAABYHgEO
AAAAAABgeQQ4AAAAAACA5RHgAAAAAAAAlkeAAwAAAAAAWB4BDgAAAAAAYHkEOAAAAAAAgOUR4AAA
AAAAAJZHgAMAAAAAAFgeAQ4AAAAAAGB5BDgAAAAAAIDlEeAAAAAAAACWR4ADAAAAAABYHgEOAAAA
AABgeQQ4AAAAAACA5RHgAAAAAAAAlkeAAwAAAAAAWB4BDgAAAAAAYHkEOAAAAAAAgOUR4AAAAAAA
AJZnP+4MAMDHpru7W729vbpw4YLsdl6zAIA/RKNRvX79Wn19fRoYGDju7ADAR4eeNwAU0T/+8Q/d
u3fvuLMBAPgTstvtamlpUUtLixobG/XDDz8cd5YA4KPCEhUAKJLu7m6CGwCAvNy7d0/d3d3HnQ0A
+KgQ4ACAIunt7T3uLAAALIR2AwCKiwAHABTJhQsXjjsLAAALod0AgOIiwAEAAAAAACyPAAcAFMnr
16+POwsAAAuh3QCA4iLAAQBF0tfXd9xZAABYCO0GABQXAQ4AKJKBgQH9+OOPx50NAIAF/PjjjxoY
GDjubADAR8V+3BkAgI/JDz/8oJmZGfX29urChQuy23nNAgD+EI1G9fr1a/X19RHcAIASML7//vvE
cWcCAAAAAADgKFiiAgAAAAAALI8ABwAAAAAAsDwCHAAAAAAAwPIIcAAAAAAAAMsjwAEAAAAAACyP
AAcAAAAAALA8AhwAAAAAAMDyCHAAAAAAAADLI8ABAAAAAAAsjwAHAAAAAACwPAIcAAAAAADA8ghw
AAAAAAAAyyPAAQAAAAAALI8ABwAAAAAAsDwCHAAAAAAAwPIIcAAAAAAAAMv7PzhY7BJ1alUPAAAA
AElFTkSuQmCC
" width="800px"&gt;</msg>
<status status="PASS" starttime="20230124 13:27:18.255" endtime="20230124 13:27:18.668"/>
</kw>
<status status="PASS" starttime="20230124 13:26:38.763" endtime="20230124 13:27:18.668"/>
</test>
<status status="PASS" starttime="20230124 13:26:38.674" endtime="20230124 13:27:18.668"/>
</suite>
<statistics>
<total>
<stat pass="1" fail="0" skip="0">All Tests</stat>
</total>
<tag>
</tag>
<suite>
<stat pass="1" fail="0" skip="0" id="s1" name="Open Application">Open Application</stat>
</suite>
</statistics>
<errors>
</errors>
</robot>
